netPnpEvent: NetEventQueryRemoveDevice,
switchName: 790E58B4-7939-4434-9358-89AE7DDBE87E,
switchFriendlyName: WSL (Hyper-V firewall)","0","0",,"4","0","0","0","1006","Microsoft-Windows-Hyper-V-VmSwitch","67dc0d66-3695-47c0-9642-33f76f7bd7ad","Microsoft-Windows-Hyper-V-VmSwitch-Operational","4","108","<HOST>","S-1-5-18","27/04/2026 18:18:33",,,"Microsoft-Windows-Hyper-V-VmSwitch-Operational","System.UInt32[]","System.Diagnostics.Eventing.Reader.EventBookmark","4","0","ExtProtocol NetPnpEvent Begin","System.Collections.ObjectModel.ReadOnlyCollection`1[System.String]","System.Collections.Generic.List`1[System.Diagnostics.Eventing.Reader.EventProperty]"
"Virtual RSS configuration update succeeded on NIC C08CB7B8-9B3C-408E-8E30-5E16A3AEB445 (Friendly Name: Default Switch) of switch  (Friendly Name: ).","143","0",,"5","0","0","4611686018427388064","1005","Microsoft-Windows-Hyper-V-VmSwitch","67dc0d66-3695-47c0-9642-33f76f7bd7ad","Microsoft-Windows-Hyper-V-VmSwitch-Operational","4","96","<HOST>","S-1-5-18","27/04/2026 18:18:33",,,"Microsoft-Windows-Hyper-V-VmSwitch-Operational","System.UInt32[]","System.Diagnostics.Eventing.Reader.EventBookmark","Modo Detalhado","Informações",,"System.Collections.ObjectModel.ReadOnlyCollection`1[System.String]","System.Collections.Generic.List`1[System.Diagnostics.Eventing.Reader.EventProperty]"
"Delete complete for Switch C08CB7B8-9B3C-408E-8E30-5E16A3AEB444 (Friendly Name: Default Switch).","66","0",,"4","0","0","4611686018427388033","1004","Microsoft-Windows-Hyper-V-VmSwitch","67dc0d66-3695-47c0-9642-33f76f7bd7ad","Microsoft-Windows-Hyper-V-VmSwitch-Operational","2312","2600","<HOST>","S-1-5-18","27/04/2026 18:18:33",,,"Microsoft-Windows-Hyper-V-VmSwitch-Operational","System.UInt32[]","System.Diagnostics.Eventing.Reader.EventBookmark","Informações","Informações",,"System.Collections.ObjectModel.ReadOnlyCollection`1[System.String]","System.Collections.Generic.List`1[System.Diagnostics.Eventing.Reader.EventProperty]"
"Status change (Nic desconectada) sent to Nic C08CB7B8-9B3C-408E-8E30-5E16A3AEB445 (Friendly Name: Default Switch) on port C08CB7B8-9B3C-408E-8E30-5E16A3AEB445 (Friendly Name: Host Vnic C08CB7B8-9B3C-408E-8E30-5E16A3AEB444) on switch C08CB7B8-9B3C-408E-8E30-5E16A3AEB444 (Friendly Name: Default Switch). NicStatus: Nic desconectada, Status: STATUS_SUCCESS","220","0",,"4","0","0","4611686018427388032","1003","Microsoft-Windows-Hyper-V-VmSwitch","67dc0d66-3695-47c0-9642-33f76f7bd7ad","Microsoft-Windows-Hyper-V-VmSwitch-Operational","2312","2600","<HOST>","S-1-5-18","27/04/2026 18:18:33",,,"Microsoft-Windows-Hyper-V-VmSwitch-Operational","System.UInt32[]","System.Diagnostics.Eventing.Reader.EventBookmark","Informações","Informações",,"System.Collections.ObjectModel.ReadOnlyCollection`1[System.String]","System.Collections.Generic.List`1[System.Diagnostics.Eventing.Reader.EventProperty]"
"Media disconnected on NIC C08CB7B8-9B3C-408E-8E30-5E16A3AEB445 (Friendly Name: Default Switch).","126","0",,"4","0","0","4611686018427388033","1002","Microsoft-Windows-Hyper-V-VmSwitch","67dc0d66-3695-47c0-9642-33f76f7bd7ad","Microsoft-Windows-Hyper-V-VmSwitch-Operational","2312","2600","<HOST>","S-1-5-18","27/04/2026 18:18:33",,,"Microsoft-Windows-Hyper-V-VmSwitch-Operational","System.UInt32[]","System.Diagnostics.Eventing.Reader.EventBookmark","Informações","Informações",,"System.Collections.ObjectModel.ReadOnlyCollection`1[System.String]","System.Collections.Generic.List`1[System.Diagnostics.Eventing.Reader.EventProperty]"
"Status change (Desativação do IPSEC) sent to Nic C08CB7B8-9B3C-408E-8E30-5E16A3AEB445 (Friendly Name: Default Switch) on port C08CB7B8-9B3C-408E-8E30-5E16A3AEB445 (Friendly Name: Host Vnic C08CB7B8-9B3C-408E-8E30-5E16A3AEB444) on switch C08CB7B8-9B3C-408E-8E30-5E16A3AEB444 (Friendly Name: Default Switch). NicStatus: Desativação do IPSEC, Status: STATUS_SUCCESS","220","0",,"4","0","0","4611686018427388032","1001","Microsoft-Windows-Hyper-V-VmSwitch","67dc0d66-3695-47c0-9642-33f76f7bd7ad","Microsoft-Windows-Hyper-V-VmSwitch-Operational","2312","2600","<HOST>","S-1-5-18","27/04/2026 18:18:33",,,"Microsoft-Windows-Hyper-V-VmSwitch-Operational","System.UInt32[]","System.Diagnostics.Eventing.Reader.EventBookmark","Informações","Informações",,"System.Collections.ObjectModel.ReadOnlyCollection`1[System.String]","System.Collections.Generic.List`1[System.Diagnostics.Eventing.Reader.EventProperty]"
"ExtProtocol NetPnpEvent End

netPnpEvent: NetEventBindsComplete,
switchName: ,
switchFriendlyName: ,
delta (100 ns): 92,
Status: 0x0(NT=STATUS_SUCCESS)","0","0",,"4","0","0","0","1000","Microsoft-Windows-Hyper-V-VmSwitch","67dc0d66-3695-47c0-9642-33f76f7bd7ad","Microsoft-Windows-Hyper-V-VmSwitch-Operational","4","68","<HOST>","S-1-5-18","27/04/2026 18:18:24",,,"Microsoft-Windows-Hyper-V-VmSwitch-Operational","System.UInt32[]","System.Diagnostics.Eventing.Reader.EventBookmark","4","0","ExtProtocol NetPnpEvent End","System.Collections.ObjectModel.ReadOnlyCollection`1[System.String]","System.Collections.Generic.List`1[System.Diagnostics.Eventing.Reader.EventProperty]"
"ExtProtocol NetPnpEvent Begin

netPnpEvent: NetEventBindsComplete,
switchName: ,
switchFriendlyName: ","0","0",,"4","0","0","0","999","Microsoft-Windows-Hyper-V-VmSwitch","67dc0d66-3695-47c0-9642-33f76f7bd7ad","Microsoft-Windows-Hyper-V-VmSwitch-Operational","4","68","<HOST>","S-1-5-18","27/04/2026 18:18:24",,,"Microsoft-Windows-Hyper-V-VmSwitch-Operational","System.UInt32[]","System.Diagnostics.Eventing.Reader.EventBookmark","4","0","ExtProtocol NetPnpEvent Begin","System.Collections.ObjectModel.ReadOnlyCollection`1[System.String]","System.Collections.Generic.List`1[System.Diagnostics.Eventing.Reader.EventProperty]"
"ExtProtocol NetPnpEvent End

netPnpEvent: NetEventPause,
switchName: C08CB7B8-9B3C-408E-8E30-5E16A3AEB444,
switchFriendlyName: Default Switch,
delta (100 ns): 271,
Status: 0x0(NT=STATUS_SUCCESS)","0","0",,"4","0","0","0","998","Microsoft-Windows-Hyper-V-VmSwitch","67dc0d66-3695-47c0-9642-33f76f7bd7ad","Microsoft-Windows-Hyper-V-VmSwitch-Operational","4","132","<HOST>","S-1-5-18","27/04/2026 18:18:23",,,"Microsoft-Windows-Hyper-V-VmSwitch-Operational","System.UInt32[]","System.Diagnostics.Eventing.Reader.EventBookmark","4","0","ExtProtocol NetPnpEvent End","System.Collections.ObjectModel.ReadOnlyCollection`1[System.String]","System.Collections.Generic.List`1[System.Diagnostics.Eventing.Reader.EventProperty]"
"ExtProtocol NetPnpEvent Begin

netPnpEvent: NetEventPause,
switchName: C08CB7B8-9B3C-408E-8E30-5E16A3AEB444,
switchFriendlyName: Default Switch","0","0",,"4","0","0","0","997","Microsoft-Windows-Hyper-V-VmSwitch","67dc0d66-3695-47c0-9642-33f76f7bd7ad","Microsoft-Windows-Hyper-V-VmSwitch-Operational","4","132","<HOST>","S-1-5-18","27/04/2026 18:18:23",,,"Microsoft-Windows-Hyper-V-VmSwitch-Operational","System.UInt32[]","System.Diagnostics.Eventing.Reader.EventBookmark","4","0","ExtProtocol NetPnpEvent Begin","System.Collections.ObjectModel.ReadOnlyCollection`1[System.String]","System.Collections.Generic.List`1[System.Diagnostics.Eventing.Reader.EventProperty]"
"ExtProtocol NetPnpEvent End

netPnpEvent: NetEventQueryRemoveDevice,
switchName: C08CB7B8-9B3C-408E-8E30-5E16A3AEB444,
switchFriendlyName: Default Switch,
delta (100 ns): 75,
Status: 0x0(NT=STATUS_SUCCESS)","0","0",,"4","0","0","0","996","Microsoft-Windows-Hyper-V-VmSwitch","67dc0d66-3695-47c0-9642-33f76f7bd7ad","Microsoft-Windows-Hyper-V-VmSwitch-Operational","4","132","<HOST>","S-1-5-18","27/04/2026 18:18:23",,,"Microsoft-Windows-Hyper-V-VmSwitch-Operational","System.UInt32[]","System.Diagnostics.Eventing.Reader.EventBookmark","4","0","ExtProtocol NetPnpEvent End","System.Collections.ObjectModel.ReadOnlyCollection`1[System.String]","System.Collections.Generic.List`1[System.Diagnostics.Eventing.Reader.EventProperty]"
"ExtProtocol NetPnpEvent Begin

netPnpEvent: NetEventQueryRemoveDevice,
switchName: C08CB7B8-9B3C-408E-8E30-5E16A3AEB444,
switchFriendlyName: Default Switch","0","0",,"4","0","0","0","995","Microsoft-Windows-Hyper-V-VmSwitch","67dc0d66-3695-47c0-9642-33f76f7bd7ad","Microsoft-Windows-Hyper-V-VmSwitch-Operational","4","132","<HOST>","S-1-5-18","27/04/2026 18:18:23",,,"Microsoft-Windows-Hyper-V-VmSwitch-Operational","System.UInt32[]","System.Diagnostics.Eventing.Reader.EventBookmark","4","0","ExtProtocol NetPnpEvent Begin","System.Collections.ObjectModel.ReadOnlyCollection`1[System.String]","System.Collections.Generic.List`1[System.Diagnostics.Eventing.Reader.EventProperty]"
"ExtProtocol NetPnpEvent End

netPnpEvent: NetEventBindsComplete,
switchName: ,
switchFriendlyName: ,
delta (100 ns): 79,
Status: 0x0(NT=STATUS_SUCCESS)","0","0",,"4","0","0","0","994","Microsoft-Windows-Hyper-V-VmSwitch","67dc0d66-3695-47c0-9642-33f76f7bd7ad","Microsoft-Windows-Hyper-V-VmSwitch-Operational","4","448","<HOST>","S-1-5-18","27/04/2026 18:18:18",,,"Microsoft-Windows-Hyper-V-VmSwitch-Operational","System.UInt32[]","System.Diagnostics.Eventing.Reader.EventBookmark","4","0","ExtProtocol NetPnpEvent End","System.Collections.ObjectModel.ReadOnlyCollection`1[System.String]","System.Collections.Generic.List`1[System.Diagnostics.Eventing.Reader.EventProperty]"
"ExtProtocol NetPnpEvent Begin

netPnpEvent: NetEventBindsComplete,
switchName: ,
switchFriendlyName: ","0","0",,"4","0","0","0","993","Microsoft-Windows-Hyper-V-VmSwitch","67dc0d66-3695-47c0-9642-33f76f7bd7ad","Microsoft-Windows-Hyper-V-VmSwitch-Operational","4","448","<HOST>","S-1-5-18","27/04/2026 18:18:18",,,"Microsoft-Windows-Hyper-V-VmSwitch-Operational","System.UInt32[]","System.Diagnostics.Eventing.Reader.EventBookmark","4","0","ExtProtocol NetPnpEvent Begin","System.Collections.ObjectModel.ReadOnlyCollection`1[System.String]","System.Collections.Generic.List`1[System.Diagnostics.Eventing.Reader.EventProperty]"
"ExtProtocol NetPnpEvent End

netPnpEvent: NetEventBindsComplete,
switchName: ,
switchFriendlyName: ,
delta (100 ns): 86,
Status: 0x0(NT=STATUS_SUCCESS)","0","0",,"4","0","0","0","992","Microsoft-Windows-Hyper-V-VmSwitch","67dc0d66-3695-47c0-9642-33f76f7bd7ad","Microsoft-Windows-Hyper-V-VmSwitch-Operational","4","712","<HOST>","S-1-5-18","27/04/2026 18:18:18",,,"Microsoft-Windows-Hyper-V-VmSwitch-Operational","System.UInt32[]","System.Diagnostics.Eventing.Reader.EventBookmark","4","0","ExtProtocol NetPnpEvent End","System.Collections.ObjectModel.ReadOnlyCollection`1[System.String]","System.Collections.Generic.List`1[System.Diagnostics.Eventing.Reader.EventProperty]"
"ExtProtocol NetPnpEvent Begin

netPnpEvent: NetEventBindsComplete,
switchName: ,
switchFriendlyName: ","0","0",,"4","0","0","0","991","Microsoft-Windows-Hyper-V-VmSwitch","67dc0d66-3695-47c0-9642-33f76f7bd7ad","Microsoft-Windows-Hyper-V-VmSwitch-Operational","4","712","<HOST>","S-1-5-18","27/04/2026 18:18:18",,,"Microsoft-Windows-Hyper-V-VmSwitch-Operational","System.UInt32[]","System.Diagnostics.Eventing.Reader.EventBookmark","4","0","ExtProtocol NetPnpEvent Begin","System.Collections.ObjectModel.ReadOnlyCollection`1[System.String]","System.Collections.Generic.List`1[System.Diagnostics.Eventing.Reader.EventProperty]"
"ExtProtocol NetPnpEvent End

netPnpEvent: NetEventRestart,
switchName: 790E58B4-7939-4434-9358-89AE7DDBE87E,
switchFriendlyName: WSL (Hyper-V firewall),
delta (100 ns): 485,
Status: 0x0(NT=STATUS_SUCCESS)","0","0",,"4","0","0","0","990","Microsoft-Windows-Hyper-V-VmSwitch","67dc0d66-3695-47c0-9642-33f76f7bd7ad","Microsoft-Windows-Hyper-V-VmSwitch-Operational","4","456","<HOST>","S-1-5-18","27/04/2026 18:18:18",,,"Microsoft-Windows-Hyper-V-VmSwitch-Operational","System.UInt32[]","System.Diagnostics.Eventing.Reader.EventBookmark","4","0","ExtProtocol NetPnpEvent End","System.Collections.ObjectModel.ReadOnlyCollection`1[System.String]","System.Collections.Generic.List`1[System.Diagnostics.Eventing.Reader.EventProperty]"
"ExtProtocol NetPnpEvent Begin

netPnpEvent: NetEventRestart,
switchName: 790E58B4-7939-4434-9358-89AE7DDBE87E,
switchFriendlyName: WSL (Hyper-V firewall)","0","0",,"4","0","0","0","989","Microsoft-Windows-Hyper-V-VmSwitch","67dc0d66-3695-47c0-9642-33f76f7bd7ad","Microsoft-Windows-Hyper-V-VmSwitch-Operational","4","456","<HOST>","S-1-5-18","27/04/2026 18:18:18",,,"Microsoft-Windows-Hyper-V-VmSwitch-Operational","System.UInt32[]","System.Diagnostics.Eventing.Reader.EventBookmark","4","0","ExtProtocol NetPnpEvent Begin","System.Collections.ObjectModel.ReadOnlyCollection`1[System.String]","System.Collections.Generic.List`1[System.Diagnostics.Eventing.Reader.EventProperty]"
"ExtProtocol NetPnpEvent End

netPnpEvent: NetEventSwitchActivate,
switchName: 790E58B4-7939-4434-9358-89AE7DDBE87E,
switchFriendlyName: WSL (Hyper-V firewall),
delta (100 ns): 137,
Status: 0x0(NT=STATUS_SUCCESS)","0","0",,"4","0","0","0","988","Microsoft-Windows-Hyper-V-VmSwitch","67dc0d66-3695-47c0-9642-33f76f7bd7ad","Microsoft-Windows-Hyper-V-VmSwitch-Operational","4","456","<HOST>","S-1-5-18","27/04/2026 18:18:18",,,"Microsoft-Windows-Hyper-V-VmSwitch-Operational","System.UInt32[]","System.Diagnostics.Eventing.Reader.EventBookmark","4","0","ExtProtocol NetPnpEvent End","System.Collections.ObjectModel.ReadOnlyCollection`1[System.String]","System.Collections.Generic.List`1[System.Diagnostics.Eventing.Reader.EventProperty]"
"ExtProtocol NetPnpEvent Begin

netPnpEvent: NetEventSwitchActivate,
switchName: 790E58B4-7939-4434-9358-89AE7DDBE87E,
switchFriendlyName: WSL (Hyper-V firewall)","0","0",,"4","0","0","0","987","Microsoft-Windows-Hyper-V-VmSwitch","67dc0d66-3695-47c0-9642-33f76f7bd7ad","Microsoft-Windows-Hyper-V-VmSwitch-Operational","4","456","<HOST>","S-1-5-18","27/04/2026 18:18:18",,,"Microsoft-Windows-Hyper-V-VmSwitch-Operational","System.UInt32[]","System.Diagnostics.Eventing.Reader.EventBookmark","4","0","ExtProtocol NetPnpEvent Begin","System.Collections.ObjectModel.ReadOnlyCollection`1[System.String]","System.Collections.Generic.List`1[System.Diagnostics.Eventing.Reader.EventProperty]"
"ExtProtocol NetPnpEvent End

netPnpEvent: NetEventRestart,
switchName: C08CB7B8-9B3C-408E-8E30-5E16A3AEB444,
switchFriendlyName: Default Switch,
delta (100 ns): 405,
Status: 0x0(NT=STATUS_SUCCESS)","0","0",,"4","0","0","0","986","Microsoft-Windows-Hyper-V-VmSwitch","67dc0d66-3695-47c0-9642-33f76f7bd7ad","Microsoft-Windows-Hyper-V-VmSwitch-Operational","4","132","<HOST>","S-1-5-18","27/04/2026 18:18:18",,,"Microsoft-Windows-Hyper-V-VmSwitch-Operational","System.UInt32[]","System.Diagnostics.Eventing.Reader.EventBookmark","4","0","ExtProtocol NetPnpEvent End","System.Collections.ObjectModel.ReadOnlyCollection`1[System.String]","System.Collections.Generic.List`1[System.Diagnostics.Eventing.Reader.EventProperty]"
"ExtProtocol NetPnpEvent Begin

netPnpEvent: NetEventRestart,
switchName: C08CB7B8-9B3C-408E-8E30-5E16A3AEB444,
switchFriendlyName: Default Switch","0","0",,"4","0","0","0","985","Microsoft-Windows-Hyper-V-VmSwitch","67dc0d66-3695-47c0-9642-33f76f7bd7ad","Microsoft-Windows-Hyper-V-VmSwitch-Operational","4","132","<HOST>","S-1-5-18","27/04/2026 18:18:18",,,"Microsoft-Windows-Hyper-V-VmSwitch-Operational","System.UInt32[]","System.Diagnostics.Eventing.Reader.EventBookmark","4","0","ExtProtocol NetPnpEvent Begin","System.Collections.ObjectModel.ReadOnlyCollection`1[System.String]","System.Collections.Generic.List`1[System.Diagnostics.Eventing.Reader.EventProperty]"
"ExtProtocol NetPnpEvent End

netPnpEvent: NetEventSwitchActivate,
switchName: C08CB7B8-9B3C-408E-8E30-5E16A3AEB444,
switchFriendlyName: Default Switch,
delta (100 ns): 125,
Status: 0x0(NT=STATUS_SUCCESS)","0","0",,"4","0","0","0","984","Microsoft-Windows-Hyper-V-VmSwitch","67dc0d66-3695-47c0-9642-33f76f7bd7ad","Microsoft-Windows-Hyper-V-VmSwitch-Operational","4","132","<HOST>","S-1-5-18","27/04/2026 18:18:18",,,"Microsoft-Windows-Hyper-V-VmSwitch-Operational","System.UInt32[]","System.Diagnostics.Eventing.Reader.EventBookmark","4","0","ExtProtocol NetPnpEvent End","System.Collections.ObjectModel.ReadOnlyCollection`1[System.String]","System.Collections.Generic.List`1[System.Diagnostics.Eventing.Reader.EventProperty]"
"ExtProtocol NetPnpEvent Begin

netPnpEvent: NetEventSwitchActivate,
switchName: C08CB7B8-9B3C-408E-8E30-5E16A3AEB444,
switchFriendlyName: Default Switch","0","0",,"4","0","0","0","983","Microsoft-Windows-Hyper-V-VmSwitch","67dc0d66-3695-47c0-9642-33f76f7bd7ad","Microsoft-Windows-Hyper-V-VmSwitch-Operational","4","132","<HOST>","S-1-5-18","27/04/2026 18:18:18",,,"Microsoft-Windows-Hyper-V-VmSwitch-Operational","System.UInt32[]","System.Diagnostics.Eventing.Reader.EventBookmark","4","0","ExtProtocol NetPnpEvent Begin","System.Collections.ObjectModel.ReadOnlyCollection`1[System.String]","System.Collections.Generic.List`1[System.Diagnostics.Eventing.Reader.EventProperty]"
"ProtocolNic NetPnpEvent End

netPnpEvent: NetEventBindsComplete,
nicName: ,
nicFriendlyName: ,
switchName: ,
switchFriendlyName: ,
delta (100 ns): 37,
Status: 0x0(NT=STATUS_SUCCESS)","0","0",,"4","0","0","0","982","Microsoft-Windows-Hyper-V-VmSwitch","67dc0d66-3695-47c0-9642-33f76f7bd7ad","Microsoft-Windows-Hyper-V-VmSwitch-Operational","4","252","<HOST>","S-1-5-18","27/04/2026 18:18:17",,,"Microsoft-Windows-Hyper-V-VmSwitch-Operational","System.UInt32[]","System.Diagnostics.Eventing.Reader.EventBookmark","4","0","ProtocolNic NetPnpEvent End","System.Collections.ObjectModel.ReadOnlyCollection`1[System.String]","System.Collections.Generic.List`1[System.Diagnostics.Eventing.Reader.EventProperty]"
"ExtProtocol NetPnpEvent End

netPnpEvent: NetEventBindsComplete,
switchName: ,
switchFriendlyName: ,
delta (100 ns): 36,
Status: 0x0(NT=STATUS_SUCCESS)","0","0",,"4","0","0","0","981","Microsoft-Windows-Hyper-V-VmSwitch","67dc0d66-3695-47c0-9642-33f76f7bd7ad","Microsoft-Windows-Hyper-V-VmSwitch-Operational","4","448","<HOST>","S-1-5-18","27/04/2026 18:18:17",,,"Microsoft-Windows-Hyper-V-VmSwitch-Operational","System.UInt32[]","System.Diagnostics.Eventing.Reader.EventBookmark","4","0","ExtProtocol NetPnpEvent End","System.Collections.ObjectModel.ReadOnlyCollection`1[System.String]","System.Collections.Generic.List`1[System.Diagnostics.Eventing.Reader.EventProperty]"
"ProtocolNic NetPnpEvent Begin

netPnpEvent: NetEventBindsComplete,
nicName: ,
nicFriendlyName: ,
switchName: ,
switchFriendlyName: ","0","0",,"4","0","0","0","980","Microsoft-Windows-Hyper-V-VmSwitch","67dc0d66-3695-47c0-9642-33f76f7bd7ad","Microsoft-Windows-Hyper-V-VmSwitch-Operational","4","252","<HOST>","S-1-5-18","27/04/2026 18:18:17",,,"Microsoft-Windows-Hyper-V-VmSwitch-Operational","System.UInt32[]","System.Diagnostics.Eventing.Reader.EventBookmark","4","0","ProtocolNic NetPnpEvent Begin","System.Collections.ObjectModel.ReadOnlyCollection`1[System.String]","System.Collections.Generic.List`1[System.Diagnostics.Eventing.Reader.EventProperty]"
"ExtProtocol NetPnpEvent Begin

netPnpEvent: NetEventBindsComplete,
switchName: ,
switchFriendlyName: ","0","0",,"4","0","0","0","979","Microsoft-Windows-Hyper-V-VmSwitch","67dc0d66-3695-47c0-9642-33f76f7bd7ad","Microsoft-Windows-Hyper-V-VmSwitch-Operational","4","448","<HOST>","S-1-5-18","27/04/2026 18:18:17",,,"Microsoft-Windows-Hyper-V-VmSwitch-Operational","System.UInt32[]","System.Diagnostics.Eventing.Reader.EventBookmark","4","0","ExtProtocol NetPnpEvent Begin","System.Collections.ObjectModel.ReadOnlyCollection`1[System.String]","System.Collections.Generic.List`1[System.Diagnostics.Eventing.Reader.EventProperty]"
"Virtual RSS configuration update succeeded on NIC C08CB7B8-9B3C-408E-8E30-5E16A3AEB445 (Friendly Name: Default Switch) of switch C08CB7B8-9B3C-408E-8E30-5E16A3AEB444 (Friendly Name: Default Switch).","143","0",,"5","0","0","4611686018427388064","978","Microsoft-Windows-Hyper-V-VmSwitch","67dc0d66-3695-47c0-9642-33f76f7bd7ad","Microsoft-Windows-Hyper-V-VmSwitch-Operational","4","268","<HOST>","S-1-5-18","27/04/2026 18:18:17",,,"Microsoft-Windows-Hyper-V-VmSwitch-Operational","System.UInt32[]","System.Diagnostics.Eventing.Reader.EventBookmark","Modo Detalhado","Informações",,"System.Collections.ObjectModel.ReadOnlyCollection`1[System.String]","System.Collections.Generic.List`1[System.Diagnostics.Eventing.Reader.EventProperty]"
"Status change (Alteração de Isolamento) sent to Nic C08CB7B8-9B3C-408E-8E30-5E16A3AEB445 (Friendly Name: Default Switch) on port C08CB7B8-9B3C-408E-8E30-5E16A3AEB445 (Friendly Name: Host Vnic C08CB7B8-9B3C-408E-8E30-5E16A3AEB444) on switch C08CB7B8-9B3C-408E-8E30-5E16A3AEB444 (Friendly Name: Default Switch). NicStatus: Alteração de Isolamento, Status: STATUS_SUCCESS","220","0",,"4","0","0","4611686018427388032","977","Microsoft-Windows-Hyper-V-VmSwitch","67dc0d66-3695-47c0-9642-33f76f7bd7ad","Microsoft-Windows-Hyper-V-VmSwitch-Operational","4","96","<HOST>",,"27/04/2026 18:18:17",,,"Microsoft-Windows-Hyper-V-VmSwitch-Operational","System.UInt32[]","System.Diagnostics.Eventing.Reader.EventBookmark","Informações","Informações",,"System.Collections.ObjectModel.ReadOnlyCollection`1[System.String]","System.Collections.Generic.List`1[System.Diagnostics.Eventing.Reader.EventProperty]"
"Status change (Mudança de descarregamento) sent to Nic C08CB7B8-9B3C-408E-8E30-5E16A3AEB445 (Friendly Name: Default Switch) on port C08CB7B8-9B3C-408E-8E30-5E16A3AEB445 (Friendly Name: Host Vnic C08CB7B8-9B3C-408E-8E30-5E16A3AEB444) on switch C08CB7B8-9B3C-408E-8E30-5E16A3AEB444 (Friendly Name: Default Switch). NicStatus: Mudança de descarregamento, Status: STATUS_SUCCESS","220","0",,"4","0","0","4611686018427388032","976","Microsoft-Windows-Hyper-V-VmSwitch","67dc0d66-3695-47c0-9642-33f76f7bd7ad","Microsoft-Windows-Hyper-V-VmSwitch-Operational","4","96","<HOST>",,"27/04/2026 18:18:17",,,"Microsoft-Windows-Hyper-V-VmSwitch-Operational","System.UInt32[]","System.Diagnostics.Eventing.Reader.EventBookmark","Informações","Informações",,"System.Collections.ObjectModel.ReadOnlyCollection`1[System.String]","System.Collections.Generic.List`1[System.Diagnostics.Eventing.Reader.EventProperty]"
"NIC C08CB7B8-9B3C-408E-8E30-5E16A3AEB445 (Friendly Name: Default Switch) restarted.","124","0",,"4","0","0","4611686018427388033","975","Microsoft-Windows-Hyper-V-VmSwitch","67dc0d66-3695-47c0-9642-33f76f7bd7ad","Microsoft-Windows-Hyper-V-VmSwitch-Operational","4","96","<HOST>","S-1-5-18","27/04/2026 18:18:17",,,"Microsoft-Windows-Hyper-V-VmSwitch-Operational","System.UInt32[]","System.Diagnostics.Eventing.Reader.EventBookmark","Informações","Informações",,"System.Collections.ObjectModel.ReadOnlyCollection`1[System.String]","System.Collections.Generic.List`1[System.Diagnostics.Eventing.Reader.EventProperty]"
"Status change (Mudança de descarregamento) sent to Nic C08CB7B8-9B3C-408E-8E30-5E16A3AEB445 (Friendly Name: Default Switch) on port C08CB7B8-9B3C-408E-8E30-5E16A3AEB445 (Friendly Name: Host Vnic C08CB7B8-9B3C-408E-8E30-5E16A3AEB444) on switch C08CB7B8-9B3C-408E-8E30-5E16A3AEB444 (Friendly Name: Default Switch). NicStatus: Mudança de descarregamento, Status: STATUS_SUCCESS","220","0",,"4","0","0","4611686018427388032","974","Microsoft-Windows-Hyper-V-VmSwitch","67dc0d66-3695-47c0-9642-33f76f7bd7ad","Microsoft-Windows-Hyper-V-VmSwitch-Operational","4","276","<HOST>","S-1-5-18","27/04/2026 18:18:17",,,"Microsoft-Windows-Hyper-V-VmSwitch-Operational","System.UInt32[]","System.Diagnostics.Eventing.Reader.EventBookmark","Informações","Informações",,"System.Collections.ObjectModel.ReadOnlyCollection`1[System.String]","System.Collections.Generic.List`1[System.Diagnostics.Eventing.Reader.EventProperty]"
"Status change (Mudança de descarregamento) sent to Nic C08CB7B8-9B3C-408E-8E30-5E16A3AEB445 (Friendly Name: Default Switch) on port C08CB7B8-9B3C-408E-8E30-5E16A3AEB445 (Friendly Name: Host Vnic C08CB7B8-9B3C-408E-8E30-5E16A3AEB444) on switch C08CB7B8-9B3C-408E-8E30-5E16A3AEB444 (Friendly Name: Default Switch). NicStatus: Mudança de descarregamento, Status: STATUS_SUCCESS","220","0",,"4","0","0","4611686018427388032","973","Microsoft-Windows-Hyper-V-VmSwitch","67dc0d66-3695-47c0-9642-33f76f7bd7ad","Microsoft-Windows-Hyper-V-VmSwitch-Operational","4","96","<HOST>","S-1-5-18","27/04/2026 18:18:17",,,"Microsoft-Windows-Hyper-V-VmSwitch-Operational","System.UInt32[]","System.Diagnostics.Eventing.Reader.EventBookmark","Informações","Informações",,"System.Collections.ObjectModel.ReadOnlyCollection`1[System.String]","System.Collections.Generic.List`1[System.Diagnostics.Eventing.Reader.EventProperty]"
"Virtual RSS configuration update succeeded on NIC 790E58B4-7939-4434-9358-89AE7DDBE87F (Friendly Name: WSL (Hyper-V firewall)) of switch 790E58B4-7939-4434-9358-89AE7DDBE87E (Friendly Name: WSL (Hyper-V firewall)).","143","0",,"5","0","0","4611686018427388064","972","Microsoft-Windows-Hyper-V-VmSwitch","67dc0d66-3695-47c0-9642-33f76f7bd7ad","Microsoft-Windows-Hyper-V-VmSwitch-Operational","4","264","<HOST>","S-1-5-18","27/04/2026 18:18:17",,,"Microsoft-Windows-Hyper-V-VmSwitch-Operational","System.UInt32[]","System.Diagnostics.Eventing.Reader.EventBookmark","Modo Detalhado","Informações",,"System.Collections.ObjectModel.ReadOnlyCollection`1[System.String]","System.Collections.Generic.List`1[System.Diagnostics.Eventing.Reader.EventProperty]"
"Status change (Alteração de Isolamento) sent to Nic 790E58B4-7939-4434-9358-89AE7DDBE87F (Friendly Name: WSL (Hyper-V firewall)) on port 790E58B4-7939-4434-9358-89AE7DDBE87F (Friendly Name: Host Vnic 790E58B4-7939-4434-9358-89AE7DDBE87E) on switch 790E58B4-7939-4434-9358-89AE7DDBE87E (Friendly Name: WSL (Hyper-V firewall)). NicStatus: Alteração de Isolamento, Status: STATUS_SUCCESS","220","0",,"4","0","0","4611686018427388032","971","Microsoft-Windows-Hyper-V-VmSwitch","67dc0d66-3695-47c0-9642-33f76f7bd7ad","Microsoft-Windows-Hyper-V-VmSwitch-Operational","4","256","<HOST>",,"27/04/2026 18:18:17",,,"Microsoft-Windows-Hyper-V-VmSwitch-Operational","System.UInt32[]","System.Diagnostics.Eventing.Reader.EventBookmark","Informações","Informações",,"System.Collections.ObjectModel.ReadOnlyCollection`1[System.String]","System.Collections.Generic.List`1[System.Diagnostics.Eventing.Reader.EventProperty]"
"Status change (Mudança de descarregamento) sent to Nic 790E58B4-7939-4434-9358-89AE7DDBE87F (Friendly Name: WSL (Hyper-V firewall)) on port 790E58B4-7939-4434-9358-89AE7DDBE87F (Friendly Name: Host Vnic 790E58B4-7939-4434-9358-89AE7DDBE87E) on switch 790E58B4-7939-4434-9358-89AE7DDBE87E (Friendly Name: WSL (Hyper-V firewall)). NicStatus: Mudança de descarregamento, Status: STATUS_SUCCESS","220","0",,"4","0","0","4611686018427388032","970","Microsoft-Windows-Hyper-V-VmSwitch","67dc0d66-3695-47c0-9642-33f76f7bd7ad","Microsoft-Windows-Hyper-V-VmSwitch-Operational","4","256","<HOST>",,"27/04/2026 18:18:17",,,"Microsoft-Windows-Hyper-V-VmSwitch-Operational","System.UInt32[]","System.Diagnostics.Eventing.Reader.EventBookmark","Informações","Informações",,"System.Collections.ObjectModel.ReadOnlyCollection`1[System.String]","System.Collections.Generic.List`1[System.Diagnostics.Eventing.Reader.EventProperty]"
"NIC 790E58B4-7939-4434-9358-89AE7DDBE87F (Friendly Name: WSL (Hyper-V firewall)) restarted.","124","0",,"4","0","0","4611686018427388033","969","Microsoft-Windows-Hyper-V-VmSwitch","67dc0d66-3695-47c0-9642-33f76f7bd7ad","Microsoft-Windows-Hyper-V-VmSwitch-Operational","4","256","<HOST>","S-1-5-18","27/04/2026 18:18:17",,,"Microsoft-Windows-Hyper-V-VmSwitch-Operational","System.UInt32[]","System.Diagnostics.Eventing.Reader.EventBookmark","Informações","Informações",,"System.Collections.ObjectModel.ReadOnlyCollection`1[System.String]","System.Collections.Generic.List`1[System.Diagnostics.Eventing.Reader.EventProperty]"
"Status change (Mudança de descarregamento) sent to Nic 790E58B4-7939-4434-9358-89AE7DDBE87F (Friendly Name: WSL (Hyper-V firewall)) on port 790E58B4-7939-4434-9358-89AE7DDBE87F (Friendly Name: Host Vnic 790E58B4-7939-4434-9358-89AE7DDBE87E) on switch 790E58B4-7939-4434-9358-89AE7DDBE87E (Friendly Name: WSL (Hyper-V firewall)). NicStatus: Mudança de descarregamento, Status: STATUS_SUCCESS","220","0",,"4","0","0","4611686018427388032","968","Microsoft-Windows-Hyper-V-VmSwitch","67dc0d66-3695-47c0-9642-33f76f7bd7ad","Microsoft-Windows-Hyper-V-VmSwitch-Operational","4","156","<HOST>","S-1-5-18","27/04/2026 18:18:17",,,"Microsoft-Windows-Hyper-V-VmSwitch-Operational","System.UInt32[]","System.Diagnostics.Eventing.Reader.EventBookmark","Informações","Informações",,"System.Collections.ObjectModel.ReadOnlyCollection`1[System.String]","System.Collections.Generic.List`1[System.Diagnostics.Eventing.Reader.EventProperty]"
"VmSwitch Driver state

State: Installed and Started.,
Function: DriverEntry,
delta (100 ns): 57407,
Status: 0x0(NT=STATUS_SUCCESS)","0","0",,"4","0","0","0","967","Microsoft-Windows-Hyper-V-VmSwitch","67dc0d66-3695-47c0-9642-33f76f7bd7ad","Microsoft-Windows-Hyper-V-VmSwitch-Operational","4","476","<HOST>","S-1-5-18","27/04/2026 18:18:17",,,"Microsoft-Windows-Hyper-V-VmSwitch-Operational","System.UInt32[]","System.Diagnostics.Eventing.Reader.EventBookmark","4","0","VmSwitch Driver state","System.Collections.ObjectModel.ReadOnlyCollection`1[System.String]","System.Collections.Generic.List`1[System.Diagnostics.Eventing.Reader.EventProperty]"
"Status change (Desativação do IPSEC) sent to Nic C08CB7B8-9B3C-408E-8E30-5E16A3AEB445 (Friendly Name: Default Switch) on port C08CB7B8-9B3C-408E-8E30-5E16A3AEB445 (Friendly Name: Host Vnic C08CB7B8-9B3C-408E-8E30-5E16A3AEB444) on switch C08CB7B8-9B3C-408E-8E30-5E16A3AEB444 (Friendly Name: Default Switch). NicStatus: Desativação do IPSEC, Status: STATUS_SUCCESS","220","0",,"4","0","0","4611686018427388032","966","Microsoft-Windows-Hyper-V-VmSwitch","67dc0d66-3695-47c0-9642-33f76f7bd7ad","Microsoft-Windows-Hyper-V-VmSwitch-Operational","4","476","<HOST>","S-1-5-18","27/04/2026 18:18:17",,,"Microsoft-Windows-Hyper-V-VmSwitch-Operational","System.UInt32[]","System.Diagnostics.Eventing.Reader.EventBookmark","Informações","Informações",,"System.Collections.ObjectModel.ReadOnlyCollection`1[System.String]","System.Collections.Generic.List`1[System.Diagnostics.Eventing.Reader.EventProperty]"
"Status change (Mudança de descarregamento) sent to Nic C08CB7B8-9B3C-408E-8E30-5E16A3AEB445 (Friendly Name: Default Switch) on port C08CB7B8-9B3C-408E-8E30-5E16A3AEB445 (Friendly Name: Host Vnic C08CB7B8-9B3C-408E-8E30-5E16A3AEB444) on switch C08CB7B8-9B3C-408E-8E30-5E16A3AEB444 (Friendly Name: Default Switch). NicStatus: Mudança de descarregamento, Status: STATUS_SUCCESS","220","0",,"4","0","0","4611686018427388032","965","Microsoft-Windows-Hyper-V-VmSwitch","67dc0d66-3695-47c0-9642-33f76f7bd7ad","Microsoft-Windows-Hyper-V-VmSwitch-Operational","4","476","<HOST>","S-1-5-18","27/04/2026 18:18:17",,,"Microsoft-Windows-Hyper-V-VmSwitch-Operational","System.UInt32[]","System.Diagnostics.Eventing.Reader.EventBookmark","Informações","Informações",,"System.Collections.ObjectModel.ReadOnlyCollection`1[System.String]","System.Collections.Generic.List`1[System.Diagnostics.Eventing.Reader.EventProperty]"
"Status change (RTC Connected) sent to Nic C08CB7B8-9B3C-408E-8E30-5E16A3AEB445 (Friendly Name: Default Switch) on port C08CB7B8-9B3C-408E-8E30-5E16A3AEB445 (Friendly Name: Host Vnic C08CB7B8-9B3C-408E-8E30-5E16A3AEB444) on switch C08CB7B8-9B3C-408E-8E30-5E16A3AEB444 (Friendly Name: Default Switch). NicStatus: RTC Connected, Status: STATUS_SUCCESS","220","0",,"4","0","0","4611686018427388032","964","Microsoft-Windows-Hyper-V-VmSwitch","67dc0d66-3695-47c0-9642-33f76f7bd7ad","Microsoft-Windows-Hyper-V-VmSwitch-Operational","4","476","<HOST>","S-1-5-18","27/04/2026 18:18:17",,,"Microsoft-Windows-Hyper-V-VmSwitch-Operational","System.UInt32[]","System.Diagnostics.Eventing.Reader.EventBookmark","Informações","Informações",,"System.Collections.ObjectModel.ReadOnlyCollection`1[System.String]","System.Collections.Generic.List`1[System.Diagnostics.Eventing.Reader.EventProperty]"
"Status change (Mudança de descarregamento) sent to Nic 790E58B4-7939-4434-9358-89AE7DDBE87F (Friendly Name: WSL (Hyper-V firewall)) on port 790E58B4-7939-4434-9358-89AE7DDBE87F (Friendly Name: Host Vnic 790E58B4-7939-4434-9358-89AE7DDBE87E) on switch 790E58B4-7939-4434-9358-89AE7DDBE87E (Friendly Name: WSL (Hyper-V firewall)). NicStatus: Mudança de descarregamento, Status: STATUS_SUCCESS","220","0",,"4","0","0","4611686018427388032","963","Microsoft-Windows-Hyper-V-VmSwitch","67dc0d66-3695-47c0-9642-33f76f7bd7ad","Microsoft-Windows-Hyper-V-VmSwitch-Operational","4","428","<HOST>","S-1-5-18","27/04/2026 18:18:17",,,"Microsoft-Windows-Hyper-V-VmSwitch-Operational","System.UInt32[]","System.Diagnostics.Eventing.Reader.EventBookmark","Informações","Informações",,"System.Collections.ObjectModel.ReadOnlyCollection`1[System.String]","System.Collections.Generic.List`1[System.Diagnostics.Eventing.Reader.EventProperty]"
"Status change (Desativação do IPSEC) sent to Nic 790E58B4-7939-4434-9358-89AE7DDBE87F (Friendly Name: WSL (Hyper-V firewall)) on port 790E58B4-7939-4434-9358-89AE7DDBE87F (Friendly Name: Host Vnic 790E58B4-7939-4434-9358-89AE7DDBE87E) on switch 790E58B4-7939-4434-9358-89AE7DDBE87E (Friendly Name: WSL (Hyper-V firewall)). NicStatus: Desativação do IPSEC, Status: STATUS_SUCCESS","220","0",,"4","0","0","4611686018427388032","962","Microsoft-Windows-Hyper-V-VmSwitch","67dc0d66-3695-47c0-9642-33f76f7bd7ad","Microsoft-Windows-Hyper-V-VmSwitch-Operational","4","476","<HOST>","S-1-5-18","27/04/2026 18:18:17",,,"Microsoft-Windows-Hyper-V-VmSwitch-Operational","System.UInt32[]","System.Diagnostics.Eventing.Reader.EventBookmark","Informações","Informações",,"System.Collections.ObjectModel.ReadOnlyCollection`1[System.String]","System.Collections.Generic.List`1[System.Diagnostics.Eventing.Reader.EventProperty]"
"Status change (Mudança de descarregamento) sent to Nic 790E58B4-7939-4434-9358-89AE7DDBE87F (Friendly Name: WSL (Hyper-V firewall)) on port 790E58B4-7939-4434-9358-89AE7DDBE87F (Friendly Name: Host Vnic 790E58B4-7939-4434-9358-89AE7DDBE87E) on switch 790E58B4-7939-4434-9358-89AE7DDBE87E (Friendly Name: WSL (Hyper-V firewall)). NicStatus: Mudança de descarregamento, Status: STATUS_SUCCESS","220","0",,"4","0","0","4611686018427388032","961","Microsoft-Windows-Hyper-V-VmSwitch","67dc0d66-3695-47c0-9642-33f76f7bd7ad","Microsoft-Windows-Hyper-V-VmSwitch-Operational","4","476","<HOST>","S-1-5-18","27/04/2026 18:18:17",,,"Microsoft-Windows-Hyper-V-VmSwitch-Operational","System.UInt32[]","System.Diagnostics.Eventing.Reader.EventBookmark","Informações","Informações",,"System.Collections.ObjectModel.ReadOnlyCollection`1[System.String]","System.Collections.Generic.List`1[System.Diagnostics.Eventing.Reader.EventProperty]"
"Status change (RTC Connected) sent to Nic 790E58B4-7939-4434-9358-89AE7DDBE87F (Friendly Name: WSL (Hyper-V firewall)) on port 790E58B4-7939-4434-9358-89AE7DDBE87F (Friendly Name: Host Vnic 790E58B4-7939-4434-9358-89AE7DDBE87E) on switch 790E58B4-7939-4434-9358-89AE7DDBE87E (Friendly Name: WSL (Hyper-V firewall)). NicStatus: RTC Connected, Status: STATUS_SUCCESS","220","0",,"4","0","0","4611686018427388032","960","Microsoft-Windows-Hyper-V-VmSwitch","67dc0d66-3695-47c0-9642-33f76f7bd7ad","Microsoft-Windows-Hyper-V-VmSwitch-Operational","4","476","<HOST>","S-1-5-18","27/04/2026 18:18:17",,,"Microsoft-Windows-Hyper-V-VmSwitch-Operational","System.UInt32[]","System.Diagnostics.Eventing.Reader.EventBookmark","Informações","Informações",,"System.Collections.ObjectModel.ReadOnlyCollection`1[System.String]","System.Collections.Generic.List`1[System.Diagnostics.Eventing.Reader.EventProperty]"
"VmSwitch Driver state

State: Started Loading,
Function: DriverEntry","0","0",,"4","0","0","0","959","Microsoft-Windows-Hyper-V-VmSwitch","67dc0d66-3695-47c0-9642-33f76f7bd7ad","Microsoft-Windows-Hyper-V-VmSwitch-Operational","4","476","<HOST>","S-1-5-18","27/04/2026 18:18:17",,,"Microsoft-Windows-Hyper-V-VmSwitch-Operational","System.UInt32[]","System.Diagnostics.Eventing.Reader.EventBookmark","4","0","VmSwitch Driver state","System.Collections.ObjectModel.ReadOnlyCollection`1[System.String]","System.Collections.Generic.List`1[System.Diagnostics.Eventing.Reader.EventProperty]"
"A operação do Comutador V OID_GEN_STATISTICS (131334) demorou muito para ser concluída. Tipo de Operação: VNIC HOST OID. Tempo de execução 0 ms. Tempo na fila 0 ms. Tempo de execução esperado menor que 0 ms. NicName: C08CB7B8-9B3C-408E-8E30-5E16A3AEB445. NicFriendlyName: Default Switch.    ","285","0",,"3","0","0","4611686018427388032","958","Microsoft-Windows-Hyper-V-VmSwitch","67dc0d66-3695-47c0-9642-33f76f7bd7ad","Microsoft-Windows-Hyper-V-VmSwitch-Operational","4","8172","<HOST>",,"27/04/2026 18:17:58",,,"Microsoft-Windows-Hyper-V-VmSwitch-Operational","System.UInt32[]","System.Diagnostics.Eventing.Reader.EventBookmark","Aviso","Informações",,"System.Collections.ObjectModel.ReadOnlyCollection`1[System.String]","System.Collections.Generic.List`1[System.Diagnostics.Eventing.Reader.EventProperty]"
"A operação do Comutador V OID_GEN_STATISTICS (131334) demorou muito para ser concluída. Tipo de Operação: VNIC HOST OID. Tempo de execução 0 ms. Tempo na fila 0 ms. Tempo de execução esperado menor que 0 ms. NicName: C08CB7B8-9B3C-408E-8E30-5E16A3AEB445. NicFriendlyName: Default Switch.    ","285","0",,"3","0","0","4611686018427388032","957","Microsoft-Windows-Hyper-V-VmSwitch","67dc0d66-3695-47c0-9642-33f76f7bd7ad","Microsoft-Windows-Hyper-V-VmSwitch-Operational","4","552","<HOST>",,"27/04/2026 18:16:45",,,"Microsoft-Windows-Hyper-V-VmSwitch-Operational","System.UInt32[]","System.Diagnostics.Eventing.Reader.EventBookmark","Aviso","Informações",,"System.Collections.ObjectModel.ReadOnlyCollection`1[System.String]","System.Collections.Generic.List`1[System.Diagnostics.Eventing.Reader.EventProperty]"
"A operação do Comutador V OID_GEN_STATISTICS (131334) demorou muito para ser concluída. Tipo de Operação: VNIC HOST OID. Tempo de execução 0 ms. Tempo na fila 0 ms. Tempo de execução esperado menor que 0 ms. NicName: C08CB7B8-9B3C-408E-8E30-5E16A3AEB445. NicFriendlyName: Default Switch.    ","285","0",,"3","0","0","4611686018427388032","956","Microsoft-Windows-Hyper-V-VmSwitch","67dc0d66-3695-47c0-9642-33f76f7bd7ad","Microsoft-Windows-Hyper-V-VmSwitch-Operational","4","9388","<HOST>",,"27/04/2026 18:15:40",,,"Microsoft-Windows-Hyper-V-VmSwitch-Operational","System.UInt32[]","System.Diagnostics.Eventing.Reader.EventBookmark","Aviso","Informações",,"System.Collections.ObjectModel.ReadOnlyCollection`1[System.String]","System.Collections.Generic.List`1[System.Diagnostics.Eventing.Reader.EventProperty]"
"A operação do Comutador V OID_GEN_STATISTICS (131334) demorou muito para ser concluída. Tipo de Operação: VNIC HOST OID. Tempo de execução 0 ms. Tempo na fila 0 ms. Tempo de execução esperado menor que 0 ms. NicName: C08CB7B8-9B3C-408E-8E30-5E16A3AEB445. NicFriendlyName: Default Switch.    ","285","0",,"3","0","0","4611686018427388032","955","Microsoft-Windows-Hyper-V-VmSwitch","67dc0d66-3695-47c0-9642-33f76f7bd7ad","Microsoft-Windows-Hyper-V-VmSwitch-Operational","4","9456","<HOST>",,"27/04/2026 18:14:36",,,"Microsoft-Windows-Hyper-V-VmSwitch-Operational","System.UInt32[]","System.Diagnostics.Eventing.Reader.EventBookmark","Aviso","Informações",,"System.Collections.ObjectModel.ReadOnlyCollection`1[System.String]","System.Collections.Generic.List`1[System.Diagnostics.Eventing.Reader.EventProperty]"
"Guest vDev Operation End

VmOperation: Completed Pause,
vmName: 377F3D1C-1E53-414F-AFEE-3408DB552ED8,
vmFriendlyName: 377F3D1C-1E53-414F-AFEE-3408DB552ED8,
nicName: 377F3D1C-1E53-414F-AFEE-3408DB552ED8--8ECF74D7-4072-44DD-AB46-7EA8629C892B,
nicFriendlyName: ,
switchName: ,
switchFriendlyName: ,
delta (100 ns): 819","0","0",,"4","0","0","0","954","Microsoft-Windows-Hyper-V-VmSwitch","67dc0d66-3695-47c0-9642-33f76f7bd7ad","Microsoft-Windows-Hyper-V-VmSwitch-Operational","13948","14416","<HOST>","S-1-5-83-1-931085596-1095704147-137686703-3626915291","27/04/2026 18:14:10",,,"Microsoft-Windows-Hyper-V-VmSwitch-Operational","System.UInt32[]","System.Diagnostics.Eventing.Reader.EventBookmark","4","0","Guest vDev Operation End","System.Collections.ObjectModel.ReadOnlyCollection`1[System.String]","System.Collections.Generic.List`1[System.Diagnostics.Eventing.Reader.EventProperty]"
"Guest vDev Operation End

VmOperation: Vmbus pause completed,
vmName: 377F3D1C-1E53-414F-AFEE-3408DB552ED8,
vmFriendlyName: 377F3D1C-1E53-414F-AFEE-3408DB552ED8,
nicName: 377F3D1C-1E53-414F-AFEE-3408DB552ED8--8ECF74D7-4072-44DD-AB46-7EA8629C892B,
nicFriendlyName: ,
switchName: ,
switchFriendlyName: ,
delta (100 ns): 733","0","0",,"4","0","0","0","953","Microsoft-Windows-Hyper-V-VmSwitch","67dc0d66-3695-47c0-9642-33f76f7bd7ad","Microsoft-Windows-Hyper-V-VmSwitch-Operational","13948","14416","<HOST>","S-1-5-83-1-931085596-1095704147-137686703-3626915291","27/04/2026 18:14:10",,,"Microsoft-Windows-Hyper-V-VmSwitch-Operational","System.UInt32[]","System.Diagnostics.Eventing.Reader.EventBookmark","4","0","Guest vDev Operation End","System.Collections.ObjectModel.ReadOnlyCollection`1[System.String]","System.Collections.Generic.List`1[System.Diagnostics.Eventing.Reader.EventProperty]"
"Vmbus Channel Callback Operation End

ChannelOperation: Channel Pause completed,
ChannelIndex: 0,
VM Running State: 4,
vmName: 377F3D1C-1E53-414F-AFEE-3408DB552ED8,
vmFriendlyName: 377F3D1C-1E53-414F-AFEE-3408DB552ED8,
nicName: 377F3D1C-1E53-414F-AFEE-3408DB552ED8--8ECF74D7-4072-44DD-AB46-7EA8629C892B,
nicFriendlyName: ,
switchName: ,
switchFriendlyName: ,
delta (100 ns): 65","0","0",,"5","0","0","0","952","Microsoft-Windows-Hyper-V-VmSwitch","67dc0d66-3695-47c0-9642-33f76f7bd7ad","Microsoft-Windows-Hyper-V-VmSwitch-Operational","13948","14416","<HOST>","S-1-5-83-1-931085596-1095704147-137686703-3626915291","27/04/2026 18:14:10",,,"Microsoft-Windows-Hyper-V-VmSwitch-Operational","System.UInt32[]","System.Diagnostics.Eventing.Reader.EventBookmark","5","0","Vmbus Channel Callback Operation End","System.Collections.ObjectModel.ReadOnlyCollection`1[System.String]","System.Collections.Generic.List`1[System.Diagnostics.Eventing.Reader.EventProperty]"
"Vmbus Channel Callback Operation Begin

ChannelOperation: Started Pausing the Channel,
ChannelIndex: 0,
VM Running State: 4,
vmName: 377F3D1C-1E53-414F-AFEE-3408DB552ED8,
vmFriendlyName: 377F3D1C-1E53-414F-AFEE-3408DB552ED8,
nicName: 377F3D1C-1E53-414F-AFEE-3408DB552ED8--8ECF74D7-4072-44DD-AB46-7EA8629C892B,
nicFriendlyName: ,
switchName: ,
switchFriendlyName: ","0","0",,"5","0","0","0","951","Microsoft-Windows-Hyper-V-VmSwitch","67dc0d66-3695-47c0-9642-33f76f7bd7ad","Microsoft-Windows-Hyper-V-VmSwitch-Operational","13948","14416","<HOST>","S-1-5-83-1-931085596-1095704147-137686703-3626915291","27/04/2026 18:14:10",,,"Microsoft-Windows-Hyper-V-VmSwitch-Operational","System.UInt32[]","System.Diagnostics.Eventing.Reader.EventBookmark","5","0","Vmbus Channel Callback Operation Begin","System.Collections.ObjectModel.ReadOnlyCollection`1[System.String]","System.Collections.Generic.List`1[System.Diagnostics.Eventing.Reader.EventProperty]"
"Guest vDev Operation Begin

VmOperation: Vmbus pause initiated,
vmName: 377F3D1C-1E53-414F-AFEE-3408DB552ED8,
vmFriendlyName: 377F3D1C-1E53-414F-AFEE-3408DB552ED8,
nicName: 377F3D1C-1E53-414F-AFEE-3408DB552ED8--8ECF74D7-4072-44DD-AB46-7EA8629C892B,
nicFriendlyName: ,
switchName: ,
switchFriendlyName: ","0","0",,"4","0","0","0","950","Microsoft-Windows-Hyper-V-VmSwitch","67dc0d66-3695-47c0-9642-33f76f7bd7ad","Microsoft-Windows-Hyper-V-VmSwitch-Operational","13948","14416","<HOST>","S-1-5-83-1-931085596-1095704147-137686703-3626915291","27/04/2026 18:14:10",,,"Microsoft-Windows-Hyper-V-VmSwitch-Operational","System.UInt32[]","System.Diagnostics.Eventing.Reader.EventBookmark","4","0","Guest vDev Operation Begin","System.Collections.ObjectModel.ReadOnlyCollection`1[System.String]","System.Collections.Generic.List`1[System.Diagnostics.Eventing.Reader.EventProperty]"
"Guest vDev Operation Begin

VmOperation: Started Pausing,
vmName: 377F3D1C-1E53-414F-AFEE-3408DB552ED8,
vmFriendlyName: 377F3D1C-1E53-414F-AFEE-3408DB552ED8,
nicName: 377F3D1C-1E53-414F-AFEE-3408DB552ED8--8ECF74D7-4072-44DD-AB46-7EA8629C892B,
nicFriendlyName: ,
switchName: ,
switchFriendlyName: ","0","0",,"4","0","0","0","949","Microsoft-Windows-Hyper-V-VmSwitch","67dc0d66-3695-47c0-9642-33f76f7bd7ad","Microsoft-Windows-Hyper-V-VmSwitch-Operational","13948","14416","<HOST>","S-1-5-83-1-931085596-1095704147-137686703-3626915291","27/04/2026 18:14:10",,,"Microsoft-Windows-Hyper-V-VmSwitch-Operational","System.UInt32[]","System.Diagnostics.Eventing.Reader.EventBookmark","4","0","Guest vDev Operation Begin","System.Collections.ObjectModel.ReadOnlyCollection`1[System.String]","System.Collections.Generic.List`1[System.Diagnostics.Eventing.Reader.EventProperty]"
"Status change (Nic desconectada) sent to Nic 377F3D1C-1E53-414F-AFEE-3408DB552ED8--8ECF74D7-4072-44DD-AB46-7EA8629C892B (Friendly Name: ) on port 8ECF74D7-4072-44DD-AB46-7EA8629C892B (Friendly Name: 8ECF74D7-4072-44DD-AB46-7EA8629C892B) on switch 790E58B4-7939-4434-9358-89AE7DDBE87E (Friendly Name: WSL (Hyper-V firewall)). NicStatus: Nic desconectada, Status: STATUS_SUCCESS","220","0",,"4","0","0","4611686018427388032","948","Microsoft-Windows-Hyper-V-VmSwitch","67dc0d66-3695-47c0-9642-33f76f7bd7ad","Microsoft-Windows-Hyper-V-VmSwitch-Operational","2552","15144","<HOST>",,"27/04/2026 18:14:10",,,"Microsoft-Windows-Hyper-V-VmSwitch-Operational","System.UInt32[]","System.Diagnostics.Eventing.Reader.EventBookmark","Informações","Informações",,"System.Collections.ObjectModel.ReadOnlyCollection`1[System.String]","System.Collections.Generic.List`1[System.Diagnostics.Eventing.Reader.EventProperty]"
"Status change (Nic desconectada) sent to Nic 377F3D1C-1E53-414F-AFEE-3408DB552ED8--8ECF74D7-4072-44DD-AB46-7EA8629C892B (Friendly Name: ) on port 8ECF74D7-4072-44DD-AB46-7EA8629C892B (Friendly Name: 8ECF74D7-4072-44DD-AB46-7EA8629C892B) on switch 790E58B4-7939-4434-9358-89AE7DDBE87E (Friendly Name: WSL (Hyper-V firewall)). NicStatus: Nic desconectada, Status: STATUS_SUCCESS","220","0",,"4","0","0","4611686018427388032","947","Microsoft-Windows-Hyper-V-VmSwitch","67dc0d66-3695-47c0-9642-33f76f7bd7ad","Microsoft-Windows-Hyper-V-VmSwitch-Operational","2552","15144","<HOST>",,"27/04/2026 18:14:10",,,"Microsoft-Windows-Hyper-V-VmSwitch-Operational","System.UInt32[]","System.Diagnostics.Eventing.Reader.EventBookmark","Informações","Informações",,"System.Collections.ObjectModel.ReadOnlyCollection`1[System.String]","System.Collections.Generic.List`1[System.Diagnostics.Eventing.Reader.EventProperty]"
"Status change (Desativação do IPSEC) sent to Nic 377F3D1C-1E53-414F-AFEE-3408DB552ED8--8ECF74D7-4072-44DD-AB46-7EA8629C892B (Friendly Name: ) on port 8ECF74D7-4072-44DD-AB46-7EA8629C892B (Friendly Name: 8ECF74D7-4072-44DD-AB46-7EA8629C892B) on switch 790E58B4-7939-4434-9358-89AE7DDBE87E (Friendly Name: WSL (Hyper-V firewall)). NicStatus: Desativação do IPSEC, Status: STATUS_SUCCESS","220","0",,"4","0","0","4611686018427388032","946","Microsoft-Windows-Hyper-V-VmSwitch","67dc0d66-3695-47c0-9642-33f76f7bd7ad","Microsoft-Windows-Hyper-V-VmSwitch-Operational","2552","15144","<HOST>",,"27/04/2026 18:14:10",,,"Microsoft-Windows-Hyper-V-VmSwitch-Operational","System.UInt32[]","System.Diagnostics.Eventing.Reader.EventBookmark","Informações","Informações",,"System.Collections.ObjectModel.ReadOnlyCollection`1[System.String]","System.Collections.Generic.List`1[System.Diagnostics.Eventing.Reader.EventProperty]"
"A operação do Comutador V OID_GEN_STATISTICS (131334) demorou muito para ser concluída. Tipo de Operação: VNIC HOST OID. Tempo de execução 0 ms. Tempo na fila 0 ms. Tempo de execução esperado menor que 0 ms. NicName: 790E58B4-7939-4434-9358-89AE7DDBE87F. NicFriendlyName: WSL (Hyper-V firewall).    ","285","0",,"3","0","0","4611686018427388032","945","Microsoft-Windows-Hyper-V-VmSwitch","67dc0d66-3695-47c0-9642-33f76f7bd7ad","Microsoft-Windows-Hyper-V-VmSwitch-Operational","4","132","<HOST>",,"27/04/2026 18:13:30",,,"Microsoft-Windows-Hyper-V-VmSwitch-Operational","System.UInt32[]","System.Diagnostics.Eventing.Reader.EventBookmark","Aviso","Informações",,"System.Collections.ObjectModel.ReadOnlyCollection`1[System.String]","System.Collections.Generic.List`1[System.Diagnostics.Eventing.Reader.EventProperty]"
"Virtual RSS configuration update succeeded on NIC 377F3D1C-1E53-414F-AFEE-3408DB552ED8--8ECF74D7-4072-44DD-AB46-7EA8629C892B (Friendly Name: ) of switch 790E58B4-7939-4434-9358-89AE7DDBE87E (Friendly Name: WSL (Hyper-V firewall)).","143","0",,"5","0","0","4611686018427388064","944","Microsoft-Windows-Hyper-V-VmSwitch","67dc0d66-3695-47c0-9642-33f76f7bd7ad","Microsoft-Windows-Hyper-V-VmSwitch-Operational","4","14952","<HOST>","S-1-5-18","27/04/2026 18:13:10",,,"Microsoft-Windows-Hyper-V-VmSwitch-Operational","System.UInt32[]","System.Diagnostics.Eventing.Reader.EventBookmark","Modo Detalhado","Informações",,"System.Collections.ObjectModel.ReadOnlyCollection`1[System.String]","System.Collections.Generic.List`1[System.Diagnostics.Eventing.Reader.EventProperty]"
"Virtual RSS configuration update succeeded on NIC 377F3D1C-1E53-414F-AFEE-3408DB552ED8--8ECF74D7-4072-44DD-AB46-7EA8629C892B (Friendly Name: ) of switch 790E58B4-7939-4434-9358-89AE7DDBE87E (Friendly Name: WSL (Hyper-V firewall)).","143","0",,"5","0","0","4611686018427388064","943","Microsoft-Windows-Hyper-V-VmSwitch","67dc0d66-3695-47c0-9642-33f76f7bd7ad","Microsoft-Windows-Hyper-V-VmSwitch-Operational","4","14952","<HOST>","S-1-5-18","27/04/2026 18:13:10",,,"Microsoft-Windows-Hyper-V-VmSwitch-Operational","System.UInt32[]","System.Diagnostics.Eventing.Reader.EventBookmark","Modo Detalhado","Informações",,"System.Collections.ObjectModel.ReadOnlyCollection`1[System.String]","System.Collections.Generic.List`1[System.Diagnostics.Eventing.Reader.EventProperty]"
