"A operação do Comutador V OID_GEN_STATISTICS (131334) demorou muito para ser concluída. Tipo de Operação: VNIC HOST OID. Tempo de execução 0 ms. Tempo na fila 0 ms. Tempo de execução esperado menor que 0 ms. NicName: C08CB7B8-9B3C-408E-8E30-5E16A3AEB445. NicFriendlyName: Default Switch.    ","285","0",,"3","0","0","4611686018427388032","811","Microsoft-Windows-Hyper-V-VmSwitch","67dc0d66-3695-47c0-9642-33f76f7bd7ad","Microsoft-Windows-Hyper-V-VmSwitch-Operational","4","552","<HOST>",,"27/04/2026 18:06:42",,,"Microsoft-Windows-Hyper-V-VmSwitch-Operational","System.UInt32[]","System.Diagnostics.Eventing.Reader.EventBookmark","Aviso","Informações",,"System.Collections.ObjectModel.ReadOnlyCollection`1[System.String]","System.Collections.Generic.List`1[System.Diagnostics.Eventing.Reader.EventProperty]"
"Ndk Oid 0xFC040202 para NIC externo  (Nome Amigável: ) em nome da NIC virtual C08CB7B8-9B3C-408E-8E30-5E16A3AEB445 (Nome Amigável: Default Switch). Status: 0x0. Motivo: Desconhecido..","148","0",,"3","0","0","4611686018427388032","810","Microsoft-Windows-Hyper-V-VmSwitch","67dc0d66-3695-47c0-9642-33f76f7bd7ad","Microsoft-Windows-Hyper-V-VmSwitch-Operational","5400","4404","<HOST>","S-1-5-20","27/04/2026 18:06:10",,,"Microsoft-Windows-Hyper-V-VmSwitch-Operational","System.UInt32[]","System.Diagnostics.Eventing.Reader.EventBookmark","Aviso","Informações",,"System.Collections.ObjectModel.ReadOnlyCollection`1[System.String]","System.Collections.Generic.List`1[System.Diagnostics.Eventing.Reader.EventProperty]"
"Ndk Oid 0xFC040202 para NIC externo  (Nome Amigável: ) em nome da NIC virtual C08CB7B8-9B3C-408E-8E30-5E16A3AEB445 (Nome Amigável: Default Switch). Status: 0x0. Motivo: Desconhecido..","148","0",,"3","0","0","4611686018427388032","809","Microsoft-Windows-Hyper-V-VmSwitch","67dc0d66-3695-47c0-9642-33f76f7bd7ad","Microsoft-Windows-Hyper-V-VmSwitch-Operational","5400","4404","<HOST>","S-1-5-20","27/04/2026 18:06:08",,,"Microsoft-Windows-Hyper-V-VmSwitch-Operational","System.UInt32[]","System.Diagnostics.Eventing.Reader.EventBookmark","Aviso","Informações",,"System.Collections.ObjectModel.ReadOnlyCollection`1[System.String]","System.Collections.Generic.List`1[System.Diagnostics.Eventing.Reader.EventProperty]"
"Ndk Oid 0xFC040202 para NIC externo  (Nome Amigável: ) em nome da NIC virtual C08CB7B8-9B3C-408E-8E30-5E16A3AEB445 (Nome Amigável: Default Switch). Status: 0x0. Motivo: Desconhecido..","148","0",,"3","0","0","4611686018427388032","808","Microsoft-Windows-Hyper-V-VmSwitch","67dc0d66-3695-47c0-9642-33f76f7bd7ad","Microsoft-Windows-Hyper-V-VmSwitch-Operational","5400","4404","<HOST>","S-1-5-20","27/04/2026 18:06:06",,,"Microsoft-Windows-Hyper-V-VmSwitch-Operational","System.UInt32[]","System.Diagnostics.Eventing.Reader.EventBookmark","Aviso","Informações",,"System.Collections.ObjectModel.ReadOnlyCollection`1[System.String]","System.Collections.Generic.List`1[System.Diagnostics.Eventing.Reader.EventProperty]"
"Ndk Oid 0xFC040202 para NIC externo  (Nome Amigável: ) em nome da NIC virtual C08CB7B8-9B3C-408E-8E30-5E16A3AEB445 (Nome Amigável: Default Switch). Status: 0x0. Motivo: Desconhecido..","148","0",,"3","0","0","4611686018427388032","807","Microsoft-Windows-Hyper-V-VmSwitch","67dc0d66-3695-47c0-9642-33f76f7bd7ad","Microsoft-Windows-Hyper-V-VmSwitch-Operational","5400","4404","<HOST>","S-1-5-20","27/04/2026 18:06:03",,,"Microsoft-Windows-Hyper-V-VmSwitch-Operational","System.UInt32[]","System.Diagnostics.Eventing.Reader.EventBookmark","Aviso","Informações",,"System.Collections.ObjectModel.ReadOnlyCollection`1[System.String]","System.Collections.Generic.List`1[System.Diagnostics.Eventing.Reader.EventProperty]"
"Ndk Oid 0xFC040202 para NIC externo  (Nome Amigável: ) em nome da NIC virtual C08CB7B8-9B3C-408E-8E30-5E16A3AEB445 (Nome Amigável: Default Switch). Status: 0x0. Motivo: Desconhecido..","148","0",,"3","0","0","4611686018427388032","806","Microsoft-Windows-Hyper-V-VmSwitch","67dc0d66-3695-47c0-9642-33f76f7bd7ad","Microsoft-Windows-Hyper-V-VmSwitch-Operational","5400","4404","<HOST>","S-1-5-20","27/04/2026 18:06:01",,,"Microsoft-Windows-Hyper-V-VmSwitch-Operational","System.UInt32[]","System.Diagnostics.Eventing.Reader.EventBookmark","Aviso","Informações",,"System.Collections.ObjectModel.ReadOnlyCollection`1[System.String]","System.Collections.Generic.List`1[System.Diagnostics.Eventing.Reader.EventProperty]"
"Ndk Oid 0xFC040202 para NIC externo  (Nome Amigável: ) em nome da NIC virtual C08CB7B8-9B3C-408E-8E30-5E16A3AEB445 (Nome Amigável: Default Switch). Status: 0x0. Motivo: Desconhecido..","148","0",,"3","0","0","4611686018427388032","805","Microsoft-Windows-Hyper-V-VmSwitch","67dc0d66-3695-47c0-9642-33f76f7bd7ad","Microsoft-Windows-Hyper-V-VmSwitch-Operational","5400","4144","<HOST>","S-1-5-20","27/04/2026 18:05:59",,,"Microsoft-Windows-Hyper-V-VmSwitch-Operational","System.UInt32[]","System.Diagnostics.Eventing.Reader.EventBookmark","Aviso","Informações",,"System.Collections.ObjectModel.ReadOnlyCollection`1[System.String]","System.Collections.Generic.List`1[System.Diagnostics.Eventing.Reader.EventProperty]"
"Ndk Oid 0xFC040202 para NIC externo  (Nome Amigável: ) em nome da NIC virtual C08CB7B8-9B3C-408E-8E30-5E16A3AEB445 (Nome Amigável: Default Switch). Status: 0x0. Motivo: Desconhecido..","148","0",,"3","0","0","4611686018427388032","804","Microsoft-Windows-Hyper-V-VmSwitch","67dc0d66-3695-47c0-9642-33f76f7bd7ad","Microsoft-Windows-Hyper-V-VmSwitch-Operational","5400","4144","<HOST>","S-1-5-20","27/04/2026 18:05:57",,,"Microsoft-Windows-Hyper-V-VmSwitch-Operational","System.UInt32[]","System.Diagnostics.Eventing.Reader.EventBookmark","Aviso","Informações",,"System.Collections.ObjectModel.ReadOnlyCollection`1[System.String]","System.Collections.Generic.List`1[System.Diagnostics.Eventing.Reader.EventProperty]"
"Ndk Oid 0xFC040202 para NIC externo  (Nome Amigável: ) em nome da NIC virtual C08CB7B8-9B3C-408E-8E30-5E16A3AEB445 (Nome Amigável: Default Switch). Status: 0x0. Motivo: Desconhecido..","148","0",,"3","0","0","4611686018427388032","803","Microsoft-Windows-Hyper-V-VmSwitch","67dc0d66-3695-47c0-9642-33f76f7bd7ad","Microsoft-Windows-Hyper-V-VmSwitch-Operational","5400","4144","<HOST>","S-1-5-20","27/04/2026 18:05:55",,,"Microsoft-Windows-Hyper-V-VmSwitch-Operational","System.UInt32[]","System.Diagnostics.Eventing.Reader.EventBookmark","Aviso","Informações",,"System.Collections.ObjectModel.ReadOnlyCollection`1[System.String]","System.Collections.Generic.List`1[System.Diagnostics.Eventing.Reader.EventProperty]"
"Ndk Oid 0xFC040202 para NIC externo  (Nome Amigável: ) em nome da NIC virtual C08CB7B8-9B3C-408E-8E30-5E16A3AEB445 (Nome Amigável: Default Switch). Status: 0x0. Motivo: Desconhecido..","148","0",,"3","0","0","4611686018427388032","802","Microsoft-Windows-Hyper-V-VmSwitch","67dc0d66-3695-47c0-9642-33f76f7bd7ad","Microsoft-Windows-Hyper-V-VmSwitch-Operational","5400","4144","<HOST>","S-1-5-20","27/04/2026 18:05:53",,,"Microsoft-Windows-Hyper-V-VmSwitch-Operational","System.UInt32[]","System.Diagnostics.Eventing.Reader.EventBookmark","Aviso","Informações",,"System.Collections.ObjectModel.ReadOnlyCollection`1[System.String]","System.Collections.Generic.List`1[System.Diagnostics.Eventing.Reader.EventProperty]"
"Ndk Oid 0xFC040202 para NIC externo  (Nome Amigável: ) em nome da NIC virtual C08CB7B8-9B3C-408E-8E30-5E16A3AEB445 (Nome Amigável: Default Switch). Status: 0x0. Motivo: Desconhecido..","148","0",,"3","0","0","4611686018427388032","801","Microsoft-Windows-Hyper-V-VmSwitch","67dc0d66-3695-47c0-9642-33f76f7bd7ad","Microsoft-Windows-Hyper-V-VmSwitch-Operational","5400","4144","<HOST>","S-1-5-20","27/04/2026 18:05:51",,,"Microsoft-Windows-Hyper-V-VmSwitch-Operational","System.UInt32[]","System.Diagnostics.Eventing.Reader.EventBookmark","Aviso","Informações",,"System.Collections.ObjectModel.ReadOnlyCollection`1[System.String]","System.Collections.Generic.List`1[System.Diagnostics.Eventing.Reader.EventProperty]"
"Ndk Oid 0xFC040202 para NIC externo  (Nome Amigável: ) em nome da NIC virtual C08CB7B8-9B3C-408E-8E30-5E16A3AEB445 (Nome Amigável: Default Switch). Status: 0x0. Motivo: Desconhecido..","148","0",,"3","0","0","4611686018427388032","800","Microsoft-Windows-Hyper-V-VmSwitch","67dc0d66-3695-47c0-9642-33f76f7bd7ad","Microsoft-Windows-Hyper-V-VmSwitch-Operational","5400","4144","<HOST>","S-1-5-20","27/04/2026 18:05:49",,,"Microsoft-Windows-Hyper-V-VmSwitch-Operational","System.UInt32[]","System.Diagnostics.Eventing.Reader.EventBookmark","Aviso","Informações",,"System.Collections.ObjectModel.ReadOnlyCollection`1[System.String]","System.Collections.Generic.List`1[System.Diagnostics.Eventing.Reader.EventProperty]"
"Ndk Oid 0xFC040202 para NIC externo  (Nome Amigável: ) em nome da NIC virtual C08CB7B8-9B3C-408E-8E30-5E16A3AEB445 (Nome Amigável: Default Switch). Status: 0x0. Motivo: Desconhecido..","148","0",,"3","0","0","4611686018427388032","799","Microsoft-Windows-Hyper-V-VmSwitch","67dc0d66-3695-47c0-9642-33f76f7bd7ad","Microsoft-Windows-Hyper-V-VmSwitch-Operational","5400","4144","<HOST>","S-1-5-20","27/04/2026 18:05:47",,,"Microsoft-Windows-Hyper-V-VmSwitch-Operational","System.UInt32[]","System.Diagnostics.Eventing.Reader.EventBookmark","Aviso","Informações",,"System.Collections.ObjectModel.ReadOnlyCollection`1[System.String]","System.Collections.Generic.List`1[System.Diagnostics.Eventing.Reader.EventProperty]"
"Ndk Oid 0xFC040202 para NIC externo  (Nome Amigável: ) em nome da NIC virtual C08CB7B8-9B3C-408E-8E30-5E16A3AEB445 (Nome Amigável: Default Switch). Status: 0x0. Motivo: Desconhecido..","148","0",,"3","0","0","4611686018427388032","798","Microsoft-Windows-Hyper-V-VmSwitch","67dc0d66-3695-47c0-9642-33f76f7bd7ad","Microsoft-Windows-Hyper-V-VmSwitch-Operational","5400","4144","<HOST>","S-1-5-20","27/04/2026 18:05:45",,,"Microsoft-Windows-Hyper-V-VmSwitch-Operational","System.UInt32[]","System.Diagnostics.Eventing.Reader.EventBookmark","Aviso","Informações",,"System.Collections.ObjectModel.ReadOnlyCollection`1[System.String]","System.Collections.Generic.List`1[System.Diagnostics.Eventing.Reader.EventProperty]"
"Ndk Oid 0xFC040202 para NIC externo  (Nome Amigável: ) em nome da NIC virtual C08CB7B8-9B3C-408E-8E30-5E16A3AEB445 (Nome Amigável: Default Switch). Status: 0x0. Motivo: Desconhecido..","148","0",,"3","0","0","4611686018427388032","797","Microsoft-Windows-Hyper-V-VmSwitch","67dc0d66-3695-47c0-9642-33f76f7bd7ad","Microsoft-Windows-Hyper-V-VmSwitch-Operational","5400","4144","<HOST>","S-1-5-20","27/04/2026 18:05:43",,,"Microsoft-Windows-Hyper-V-VmSwitch-Operational","System.UInt32[]","System.Diagnostics.Eventing.Reader.EventBookmark","Aviso","Informações",,"System.Collections.ObjectModel.ReadOnlyCollection`1[System.String]","System.Collections.Generic.List`1[System.Diagnostics.Eventing.Reader.EventProperty]"
"Ndk Oid 0xFC040202 para NIC externo  (Nome Amigável: ) em nome da NIC virtual C08CB7B8-9B3C-408E-8E30-5E16A3AEB445 (Nome Amigável: Default Switch). Status: 0x0. Motivo: Desconhecido..","148","0",,"3","0","0","4611686018427388032","796","Microsoft-Windows-Hyper-V-VmSwitch","67dc0d66-3695-47c0-9642-33f76f7bd7ad","Microsoft-Windows-Hyper-V-VmSwitch-Operational","5400","4144","<HOST>","S-1-5-20","27/04/2026 18:05:41",,,"Microsoft-Windows-Hyper-V-VmSwitch-Operational","System.UInt32[]","System.Diagnostics.Eventing.Reader.EventBookmark","Aviso","Informações",,"System.Collections.ObjectModel.ReadOnlyCollection`1[System.String]","System.Collections.Generic.List`1[System.Diagnostics.Eventing.Reader.EventProperty]"
"Ndk Oid 0xFC040202 para NIC externo  (Nome Amigável: ) em nome da NIC virtual C08CB7B8-9B3C-408E-8E30-5E16A3AEB445 (Nome Amigável: Default Switch). Status: 0x0. Motivo: Desconhecido..","148","0",,"3","0","0","4611686018427388032","795","Microsoft-Windows-Hyper-V-VmSwitch","67dc0d66-3695-47c0-9642-33f76f7bd7ad","Microsoft-Windows-Hyper-V-VmSwitch-Operational","5400","4144","<HOST>","S-1-5-20","27/04/2026 18:05:39",,,"Microsoft-Windows-Hyper-V-VmSwitch-Operational","System.UInt32[]","System.Diagnostics.Eventing.Reader.EventBookmark","Aviso","Informações",,"System.Collections.ObjectModel.ReadOnlyCollection`1[System.String]","System.Collections.Generic.List`1[System.Diagnostics.Eventing.Reader.EventProperty]"
"Ndk Oid 0xFC040202 para NIC externo  (Nome Amigável: ) em nome da NIC virtual C08CB7B8-9B3C-408E-8E30-5E16A3AEB445 (Nome Amigável: Default Switch). Status: 0x0. Motivo: Desconhecido..","148","0",,"3","0","0","4611686018427388032","794","Microsoft-Windows-Hyper-V-VmSwitch","67dc0d66-3695-47c0-9642-33f76f7bd7ad","Microsoft-Windows-Hyper-V-VmSwitch-Operational","5400","4144","<HOST>","S-1-5-20","27/04/2026 18:05:37",,,"Microsoft-Windows-Hyper-V-VmSwitch-Operational","System.UInt32[]","System.Diagnostics.Eventing.Reader.EventBookmark","Aviso","Informações",,"System.Collections.ObjectModel.ReadOnlyCollection`1[System.String]","System.Collections.Generic.List`1[System.Diagnostics.Eventing.Reader.EventProperty]"
"Ndk Oid 0xFC040202 para NIC externo  (Nome Amigável: ) em nome da NIC virtual C08CB7B8-9B3C-408E-8E30-5E16A3AEB445 (Nome Amigável: Default Switch). Status: 0x0. Motivo: Desconhecido..","148","0",,"3","0","0","4611686018427388032","793","Microsoft-Windows-Hyper-V-VmSwitch","67dc0d66-3695-47c0-9642-33f76f7bd7ad","Microsoft-Windows-Hyper-V-VmSwitch-Operational","5400","4144","<HOST>","S-1-5-20","27/04/2026 18:05:35",,,"Microsoft-Windows-Hyper-V-VmSwitch-Operational","System.UInt32[]","System.Diagnostics.Eventing.Reader.EventBookmark","Aviso","Informações",,"System.Collections.ObjectModel.ReadOnlyCollection`1[System.String]","System.Collections.Generic.List`1[System.Diagnostics.Eventing.Reader.EventProperty]"
"Ndk Oid 0xFC040202 para NIC externo  (Nome Amigável: ) em nome da NIC virtual C08CB7B8-9B3C-408E-8E30-5E16A3AEB445 (Nome Amigável: Default Switch). Status: 0x0. Motivo: Desconhecido..","148","0",,"3","0","0","4611686018427388032","792","Microsoft-Windows-Hyper-V-VmSwitch","67dc0d66-3695-47c0-9642-33f76f7bd7ad","Microsoft-Windows-Hyper-V-VmSwitch-Operational","5400","4144","<HOST>","S-1-5-20","27/04/2026 18:05:33",,,"Microsoft-Windows-Hyper-V-VmSwitch-Operational","System.UInt32[]","System.Diagnostics.Eventing.Reader.EventBookmark","Aviso","Informações",,"System.Collections.ObjectModel.ReadOnlyCollection`1[System.String]","System.Collections.Generic.List`1[System.Diagnostics.Eventing.Reader.EventProperty]"
"Ndk Oid 0xFC040202 para NIC externo  (Nome Amigável: ) em nome da NIC virtual C08CB7B8-9B3C-408E-8E30-5E16A3AEB445 (Nome Amigável: Default Switch). Status: 0x0. Motivo: Desconhecido..","148","0",,"3","0","0","4611686018427388032","791","Microsoft-Windows-Hyper-V-VmSwitch","67dc0d66-3695-47c0-9642-33f76f7bd7ad","Microsoft-Windows-Hyper-V-VmSwitch-Operational","5400","4144","<HOST>","S-1-5-20","27/04/2026 18:05:31",,,"Microsoft-Windows-Hyper-V-VmSwitch-Operational","System.UInt32[]","System.Diagnostics.Eventing.Reader.EventBookmark","Aviso","Informações",,"System.Collections.ObjectModel.ReadOnlyCollection`1[System.String]","System.Collections.Generic.List`1[System.Diagnostics.Eventing.Reader.EventProperty]"
"Ndk Oid 0xFC040202 para NIC externo  (Nome Amigável: ) em nome da NIC virtual C08CB7B8-9B3C-408E-8E30-5E16A3AEB445 (Nome Amigável: Default Switch). Status: 0x0. Motivo: Desconhecido..","148","0",,"3","0","0","4611686018427388032","790","Microsoft-Windows-Hyper-V-VmSwitch","67dc0d66-3695-47c0-9642-33f76f7bd7ad","Microsoft-Windows-Hyper-V-VmSwitch-Operational","5400","4144","<HOST>","S-1-5-20","27/04/2026 18:05:29",,,"Microsoft-Windows-Hyper-V-VmSwitch-Operational","System.UInt32[]","System.Diagnostics.Eventing.Reader.EventBookmark","Aviso","Informações",,"System.Collections.ObjectModel.ReadOnlyCollection`1[System.String]","System.Collections.Generic.List`1[System.Diagnostics.Eventing.Reader.EventProperty]"
"Ndk Oid 0xFC040202 para NIC externo  (Nome Amigável: ) em nome da NIC virtual C08CB7B8-9B3C-408E-8E30-5E16A3AEB445 (Nome Amigável: Default Switch). Status: 0x0. Motivo: Desconhecido..","148","0",,"3","0","0","4611686018427388032","789","Microsoft-Windows-Hyper-V-VmSwitch","67dc0d66-3695-47c0-9642-33f76f7bd7ad","Microsoft-Windows-Hyper-V-VmSwitch-Operational","5400","4144","<HOST>","S-1-5-20","27/04/2026 18:05:27",,,"Microsoft-Windows-Hyper-V-VmSwitch-Operational","System.UInt32[]","System.Diagnostics.Eventing.Reader.EventBookmark","Aviso","Informações",,"System.Collections.ObjectModel.ReadOnlyCollection`1[System.String]","System.Collections.Generic.List`1[System.Diagnostics.Eventing.Reader.EventProperty]"
"Ndk Oid 0xFC040202 para NIC externo  (Nome Amigável: ) em nome da NIC virtual C08CB7B8-9B3C-408E-8E30-5E16A3AEB445 (Nome Amigável: Default Switch). Status: 0x0. Motivo: Desconhecido..","148","0",,"3","0","0","4611686018427388032","788","Microsoft-Windows-Hyper-V-VmSwitch","67dc0d66-3695-47c0-9642-33f76f7bd7ad","Microsoft-Windows-Hyper-V-VmSwitch-Operational","5400","4144","<HOST>","S-1-5-20","27/04/2026 18:05:25",,,"Microsoft-Windows-Hyper-V-VmSwitch-Operational","System.UInt32[]","System.Diagnostics.Eventing.Reader.EventBookmark","Aviso","Informações",,"System.Collections.ObjectModel.ReadOnlyCollection`1[System.String]","System.Collections.Generic.List`1[System.Diagnostics.Eventing.Reader.EventProperty]"
"Ndk Oid 0xFC040202 para NIC externo  (Nome Amigável: ) em nome da NIC virtual C08CB7B8-9B3C-408E-8E30-5E16A3AEB445 (Nome Amigável: Default Switch). Status: 0x0. Motivo: Desconhecido..","148","0",,"3","0","0","4611686018427388032","787","Microsoft-Windows-Hyper-V-VmSwitch","67dc0d66-3695-47c0-9642-33f76f7bd7ad","Microsoft-Windows-Hyper-V-VmSwitch-Operational","5400","4144","<HOST>","S-1-5-20","27/04/2026 18:05:23",,,"Microsoft-Windows-Hyper-V-VmSwitch-Operational","System.UInt32[]","System.Diagnostics.Eventing.Reader.EventBookmark","Aviso","Informações",,"System.Collections.ObjectModel.ReadOnlyCollection`1[System.String]","System.Collections.Generic.List`1[System.Diagnostics.Eventing.Reader.EventProperty]"
"Ndk Oid 0xFC040202 para NIC externo  (Nome Amigável: ) em nome da NIC virtual C08CB7B8-9B3C-408E-8E30-5E16A3AEB445 (Nome Amigável: Default Switch). Status: 0x0. Motivo: Desconhecido..","148","0",,"3","0","0","4611686018427388032","786","Microsoft-Windows-Hyper-V-VmSwitch","67dc0d66-3695-47c0-9642-33f76f7bd7ad","Microsoft-Windows-Hyper-V-VmSwitch-Operational","5400","4144","<HOST>","S-1-5-20","27/04/2026 18:05:21",,,"Microsoft-Windows-Hyper-V-VmSwitch-Operational","System.UInt32[]","System.Diagnostics.Eventing.Reader.EventBookmark","Aviso","Informações",,"System.Collections.ObjectModel.ReadOnlyCollection`1[System.String]","System.Collections.Generic.List`1[System.Diagnostics.Eventing.Reader.EventProperty]"
"A operação do Comutador V OID_GEN_STATISTICS (131334) demorou muito para ser concluída. Tipo de Operação: VNIC HOST OID. Tempo de execução 0 ms. Tempo na fila 0 ms. Tempo de execução esperado menor que 0 ms. NicName: C08CB7B8-9B3C-408E-8E30-5E16A3AEB445. NicFriendlyName: Default Switch.    ","285","0",,"3","0","0","4611686018427388032","785","Microsoft-Windows-Hyper-V-VmSwitch","67dc0d66-3695-47c0-9642-33f76f7bd7ad","Microsoft-Windows-Hyper-V-VmSwitch-Operational","4","552","<HOST>",,"27/04/2026 18:05:21",,,"Microsoft-Windows-Hyper-V-VmSwitch-Operational","System.UInt32[]","System.Diagnostics.Eventing.Reader.EventBookmark","Aviso","Informações",,"System.Collections.ObjectModel.ReadOnlyCollection`1[System.String]","System.Collections.Generic.List`1[System.Diagnostics.Eventing.Reader.EventProperty]"
"Ndk Oid 0xFC040202 para NIC externo  (Nome Amigável: ) em nome da NIC virtual C08CB7B8-9B3C-408E-8E30-5E16A3AEB445 (Nome Amigável: Default Switch). Status: 0x0. Motivo: Desconhecido..","148","0",,"3","0","0","4611686018427388032","784","Microsoft-Windows-Hyper-V-VmSwitch","67dc0d66-3695-47c0-9642-33f76f7bd7ad","Microsoft-Windows-Hyper-V-VmSwitch-Operational","5400","4144","<HOST>","S-1-5-20","27/04/2026 18:05:19",,,"Microsoft-Windows-Hyper-V-VmSwitch-Operational","System.UInt32[]","System.Diagnostics.Eventing.Reader.EventBookmark","Aviso","Informações",,"System.Collections.ObjectModel.ReadOnlyCollection`1[System.String]","System.Collections.Generic.List`1[System.Diagnostics.Eventing.Reader.EventProperty]"
"Ndk Oid 0xFC040202 para NIC externo  (Nome Amigável: ) em nome da NIC virtual C08CB7B8-9B3C-408E-8E30-5E16A3AEB445 (Nome Amigável: Default Switch). Status: 0x0. Motivo: Desconhecido..","148","0",,"3","0","0","4611686018427388032","783","Microsoft-Windows-Hyper-V-VmSwitch","67dc0d66-3695-47c0-9642-33f76f7bd7ad","Microsoft-Windows-Hyper-V-VmSwitch-Operational","5400","4144","<HOST>","S-1-5-20","27/04/2026 18:05:17",,,"Microsoft-Windows-Hyper-V-VmSwitch-Operational","System.UInt32[]","System.Diagnostics.Eventing.Reader.EventBookmark","Aviso","Informações",,"System.Collections.ObjectModel.ReadOnlyCollection`1[System.String]","System.Collections.Generic.List`1[System.Diagnostics.Eventing.Reader.EventProperty]"
"Ndk Oid 0xFC040202 para NIC externo  (Nome Amigável: ) em nome da NIC virtual C08CB7B8-9B3C-408E-8E30-5E16A3AEB445 (Nome Amigável: Default Switch). Status: 0x0. Motivo: Desconhecido..","148","0",,"3","0","0","4611686018427388032","782","Microsoft-Windows-Hyper-V-VmSwitch","67dc0d66-3695-47c0-9642-33f76f7bd7ad","Microsoft-Windows-Hyper-V-VmSwitch-Operational","5400","4144","<HOST>","S-1-5-20","27/04/2026 18:05:15",,,"Microsoft-Windows-Hyper-V-VmSwitch-Operational","System.UInt32[]","System.Diagnostics.Eventing.Reader.EventBookmark","Aviso","Informações",,"System.Collections.ObjectModel.ReadOnlyCollection`1[System.String]","System.Collections.Generic.List`1[System.Diagnostics.Eventing.Reader.EventProperty]"
"Ndk Oid 0xFC040202 para NIC externo  (Nome Amigável: ) em nome da NIC virtual C08CB7B8-9B3C-408E-8E30-5E16A3AEB445 (Nome Amigável: Default Switch). Status: 0x0. Motivo: Desconhecido..","148","0",,"3","0","0","4611686018427388032","781","Microsoft-Windows-Hyper-V-VmSwitch","67dc0d66-3695-47c0-9642-33f76f7bd7ad","Microsoft-Windows-Hyper-V-VmSwitch-Operational","5400","4144","<HOST>","S-1-5-20","27/04/2026 18:05:13",,,"Microsoft-Windows-Hyper-V-VmSwitch-Operational","System.UInt32[]","System.Diagnostics.Eventing.Reader.EventBookmark","Aviso","Informações",,"System.Collections.ObjectModel.ReadOnlyCollection`1[System.String]","System.Collections.Generic.List`1[System.Diagnostics.Eventing.Reader.EventProperty]"
"Ndk Oid 0xFC040202 para NIC externo  (Nome Amigável: ) em nome da NIC virtual C08CB7B8-9B3C-408E-8E30-5E16A3AEB445 (Nome Amigável: Default Switch). Status: 0x0. Motivo: Desconhecido..","148","0",,"3","0","0","4611686018427388032","780","Microsoft-Windows-Hyper-V-VmSwitch","67dc0d66-3695-47c0-9642-33f76f7bd7ad","Microsoft-Windows-Hyper-V-VmSwitch-Operational","5400","4144","<HOST>","S-1-5-20","27/04/2026 18:05:11",,,"Microsoft-Windows-Hyper-V-VmSwitch-Operational","System.UInt32[]","System.Diagnostics.Eventing.Reader.EventBookmark","Aviso","Informações",,"System.Collections.ObjectModel.ReadOnlyCollection`1[System.String]","System.Collections.Generic.List`1[System.Diagnostics.Eventing.Reader.EventProperty]"
"Ndk Oid 0xFC040202 para NIC externo  (Nome Amigável: ) em nome da NIC virtual C08CB7B8-9B3C-408E-8E30-5E16A3AEB445 (Nome Amigável: Default Switch). Status: 0x0. Motivo: Desconhecido..","148","0",,"3","0","0","4611686018427388032","779","Microsoft-Windows-Hyper-V-VmSwitch","67dc0d66-3695-47c0-9642-33f76f7bd7ad","Microsoft-Windows-Hyper-V-VmSwitch-Operational","5400","4144","<HOST>","S-1-5-20","27/04/2026 18:05:09",,,"Microsoft-Windows-Hyper-V-VmSwitch-Operational","System.UInt32[]","System.Diagnostics.Eventing.Reader.EventBookmark","Aviso","Informações",,"System.Collections.ObjectModel.ReadOnlyCollection`1[System.String]","System.Collections.Generic.List`1[System.Diagnostics.Eventing.Reader.EventProperty]"
"Ndk Oid 0xFC040202 para NIC externo  (Nome Amigável: ) em nome da NIC virtual C08CB7B8-9B3C-408E-8E30-5E16A3AEB445 (Nome Amigável: Default Switch). Status: 0x0. Motivo: Desconhecido..","148","0",,"3","0","0","4611686018427388032","778","Microsoft-Windows-Hyper-V-VmSwitch","67dc0d66-3695-47c0-9642-33f76f7bd7ad","Microsoft-Windows-Hyper-V-VmSwitch-Operational","5400","4404","<HOST>","S-1-5-20","27/04/2026 18:05:07",,,"Microsoft-Windows-Hyper-V-VmSwitch-Operational","System.UInt32[]","System.Diagnostics.Eventing.Reader.EventBookmark","Aviso","Informações",,"System.Collections.ObjectModel.ReadOnlyCollection`1[System.String]","System.Collections.Generic.List`1[System.Diagnostics.Eventing.Reader.EventProperty]"
"Ndk Oid 0xFC040202 para NIC externo  (Nome Amigável: ) em nome da NIC virtual C08CB7B8-9B3C-408E-8E30-5E16A3AEB445 (Nome Amigável: Default Switch). Status: 0x0. Motivo: Desconhecido..","148","0",,"3","0","0","4611686018427388032","777","Microsoft-Windows-Hyper-V-VmSwitch","67dc0d66-3695-47c0-9642-33f76f7bd7ad","Microsoft-Windows-Hyper-V-VmSwitch-Operational","5400","4404","<HOST>","S-1-5-20","27/04/2026 18:05:05",,,"Microsoft-Windows-Hyper-V-VmSwitch-Operational","System.UInt32[]","System.Diagnostics.Eventing.Reader.EventBookmark","Aviso","Informações",,"System.Collections.ObjectModel.ReadOnlyCollection`1[System.String]","System.Collections.Generic.List`1[System.Diagnostics.Eventing.Reader.EventProperty]"
"Ndk Oid 0xFC040202 para NIC externo  (Nome Amigável: ) em nome da NIC virtual C08CB7B8-9B3C-408E-8E30-5E16A3AEB445 (Nome Amigável: Default Switch). Status: 0x0. Motivo: Desconhecido..","148","0",,"3","0","0","4611686018427388032","776","Microsoft-Windows-Hyper-V-VmSwitch","67dc0d66-3695-47c0-9642-33f76f7bd7ad","Microsoft-Windows-Hyper-V-VmSwitch-Operational","5400","4404","<HOST>","S-1-5-20","27/04/2026 18:05:03",,,"Microsoft-Windows-Hyper-V-VmSwitch-Operational","System.UInt32[]","System.Diagnostics.Eventing.Reader.EventBookmark","Aviso","Informações",,"System.Collections.ObjectModel.ReadOnlyCollection`1[System.String]","System.Collections.Generic.List`1[System.Diagnostics.Eventing.Reader.EventProperty]"
"Ndk Oid 0xFC040202 para NIC externo  (Nome Amigável: ) em nome da NIC virtual C08CB7B8-9B3C-408E-8E30-5E16A3AEB445 (Nome Amigável: Default Switch). Status: 0x0. Motivo: Desconhecido..","148","0",,"3","0","0","4611686018427388032","775","Microsoft-Windows-Hyper-V-VmSwitch","67dc0d66-3695-47c0-9642-33f76f7bd7ad","Microsoft-Windows-Hyper-V-VmSwitch-Operational","5400","4404","<HOST>","S-1-5-20","27/04/2026 18:05:01",,,"Microsoft-Windows-Hyper-V-VmSwitch-Operational","System.UInt32[]","System.Diagnostics.Eventing.Reader.EventBookmark","Aviso","Informações",,"System.Collections.ObjectModel.ReadOnlyCollection`1[System.String]","System.Collections.Generic.List`1[System.Diagnostics.Eventing.Reader.EventProperty]"
"Ndk Oid 0xFC040202 para NIC externo  (Nome Amigável: ) em nome da NIC virtual C08CB7B8-9B3C-408E-8E30-5E16A3AEB445 (Nome Amigável: Default Switch). Status: 0x0. Motivo: Desconhecido..","148","0",,"3","0","0","4611686018427388032","774","Microsoft-Windows-Hyper-V-VmSwitch","67dc0d66-3695-47c0-9642-33f76f7bd7ad","Microsoft-Windows-Hyper-V-VmSwitch-Operational","5400","4404","<HOST>","S-1-5-20","27/04/2026 18:04:59",,,"Microsoft-Windows-Hyper-V-VmSwitch-Operational","System.UInt32[]","System.Diagnostics.Eventing.Reader.EventBookmark","Aviso","Informações",,"System.Collections.ObjectModel.ReadOnlyCollection`1[System.String]","System.Collections.Generic.List`1[System.Diagnostics.Eventing.Reader.EventProperty]"
"Ndk Oid 0xFC040202 para NIC externo  (Nome Amigável: ) em nome da NIC virtual C08CB7B8-9B3C-408E-8E30-5E16A3AEB445 (Nome Amigável: Default Switch). Status: 0x0. Motivo: Desconhecido..","148","0",,"3","0","0","4611686018427388032","773","Microsoft-Windows-Hyper-V-VmSwitch","67dc0d66-3695-47c0-9642-33f76f7bd7ad","Microsoft-Windows-Hyper-V-VmSwitch-Operational","5400","4404","<HOST>","S-1-5-20","27/04/2026 18:04:57",,,"Microsoft-Windows-Hyper-V-VmSwitch-Operational","System.UInt32[]","System.Diagnostics.Eventing.Reader.EventBookmark","Aviso","Informações",,"System.Collections.ObjectModel.ReadOnlyCollection`1[System.String]","System.Collections.Generic.List`1[System.Diagnostics.Eventing.Reader.EventProperty]"
"Ndk Oid 0xFC040202 para NIC externo  (Nome Amigável: ) em nome da NIC virtual C08CB7B8-9B3C-408E-8E30-5E16A3AEB445 (Nome Amigável: Default Switch). Status: 0x0. Motivo: Desconhecido..","148","0",,"3","0","0","4611686018427388032","772","Microsoft-Windows-Hyper-V-VmSwitch","67dc0d66-3695-47c0-9642-33f76f7bd7ad","Microsoft-Windows-Hyper-V-VmSwitch-Operational","5400","4144","<HOST>","S-1-5-20","27/04/2026 18:04:54",,,"Microsoft-Windows-Hyper-V-VmSwitch-Operational","System.UInt32[]","System.Diagnostics.Eventing.Reader.EventBookmark","Aviso","Informações",,"System.Collections.ObjectModel.ReadOnlyCollection`1[System.String]","System.Collections.Generic.List`1[System.Diagnostics.Eventing.Reader.EventProperty]"
"Ndk Oid 0xFC040202 para NIC externo  (Nome Amigável: ) em nome da NIC virtual C08CB7B8-9B3C-408E-8E30-5E16A3AEB445 (Nome Amigável: Default Switch). Status: 0x0. Motivo: Desconhecido..","148","0",,"3","0","0","4611686018427388032","771","Microsoft-Windows-Hyper-V-VmSwitch","67dc0d66-3695-47c0-9642-33f76f7bd7ad","Microsoft-Windows-Hyper-V-VmSwitch-Operational","5400","4144","<HOST>","S-1-5-20","27/04/2026 18:04:52",,,"Microsoft-Windows-Hyper-V-VmSwitch-Operational","System.UInt32[]","System.Diagnostics.Eventing.Reader.EventBookmark","Aviso","Informações",,"System.Collections.ObjectModel.ReadOnlyCollection`1[System.String]","System.Collections.Generic.List`1[System.Diagnostics.Eventing.Reader.EventProperty]"
"Ndk Oid 0xFC040202 para NIC externo  (Nome Amigável: ) em nome da NIC virtual C08CB7B8-9B3C-408E-8E30-5E16A3AEB445 (Nome Amigável: Default Switch). Status: 0x0. Motivo: Desconhecido..","148","0",,"3","0","0","4611686018427388032","770","Microsoft-Windows-Hyper-V-VmSwitch","67dc0d66-3695-47c0-9642-33f76f7bd7ad","Microsoft-Windows-Hyper-V-VmSwitch-Operational","5400","4144","<HOST>","S-1-5-20","27/04/2026 18:04:50",,,"Microsoft-Windows-Hyper-V-VmSwitch-Operational","System.UInt32[]","System.Diagnostics.Eventing.Reader.EventBookmark","Aviso","Informações",,"System.Collections.ObjectModel.ReadOnlyCollection`1[System.String]","System.Collections.Generic.List`1[System.Diagnostics.Eventing.Reader.EventProperty]"
"Ndk Oid 0xFC040202 para NIC externo  (Nome Amigável: ) em nome da NIC virtual C08CB7B8-9B3C-408E-8E30-5E16A3AEB445 (Nome Amigável: Default Switch). Status: 0x0. Motivo: Desconhecido..","148","0",,"3","0","0","4611686018427388032","769","Microsoft-Windows-Hyper-V-VmSwitch","67dc0d66-3695-47c0-9642-33f76f7bd7ad","Microsoft-Windows-Hyper-V-VmSwitch-Operational","5400","4144","<HOST>","S-1-5-20","27/04/2026 18:04:48",,,"Microsoft-Windows-Hyper-V-VmSwitch-Operational","System.UInt32[]","System.Diagnostics.Eventing.Reader.EventBookmark","Aviso","Informações",,"System.Collections.ObjectModel.ReadOnlyCollection`1[System.String]","System.Collections.Generic.List`1[System.Diagnostics.Eventing.Reader.EventProperty]"
"Ndk Oid 0xFC040202 para NIC externo  (Nome Amigável: ) em nome da NIC virtual C08CB7B8-9B3C-408E-8E30-5E16A3AEB445 (Nome Amigável: Default Switch). Status: 0x0. Motivo: Desconhecido..","148","0",,"3","0","0","4611686018427388032","768","Microsoft-Windows-Hyper-V-VmSwitch","67dc0d66-3695-47c0-9642-33f76f7bd7ad","Microsoft-Windows-Hyper-V-VmSwitch-Operational","5400","4144","<HOST>","S-1-5-20","27/04/2026 18:04:46",,,"Microsoft-Windows-Hyper-V-VmSwitch-Operational","System.UInt32[]","System.Diagnostics.Eventing.Reader.EventBookmark","Aviso","Informações",,"System.Collections.ObjectModel.ReadOnlyCollection`1[System.String]","System.Collections.Generic.List`1[System.Diagnostics.Eventing.Reader.EventProperty]"
"Ndk Oid 0xFC040202 para NIC externo  (Nome Amigável: ) em nome da NIC virtual C08CB7B8-9B3C-408E-8E30-5E16A3AEB445 (Nome Amigável: Default Switch). Status: 0x0. Motivo: Desconhecido..","148","0",,"3","0","0","4611686018427388032","767","Microsoft-Windows-Hyper-V-VmSwitch","67dc0d66-3695-47c0-9642-33f76f7bd7ad","Microsoft-Windows-Hyper-V-VmSwitch-Operational","5400","4144","<HOST>","S-1-5-20","27/04/2026 18:04:44",,,"Microsoft-Windows-Hyper-V-VmSwitch-Operational","System.UInt32[]","System.Diagnostics.Eventing.Reader.EventBookmark","Aviso","Informações",,"System.Collections.ObjectModel.ReadOnlyCollection`1[System.String]","System.Collections.Generic.List`1[System.Diagnostics.Eventing.Reader.EventProperty]"
"Ndk Oid 0xFC040202 para NIC externo  (Nome Amigável: ) em nome da NIC virtual C08CB7B8-9B3C-408E-8E30-5E16A3AEB445 (Nome Amigável: Default Switch). Status: 0x0. Motivo: Desconhecido..","148","0",,"3","0","0","4611686018427388032","766","Microsoft-Windows-Hyper-V-VmSwitch","67dc0d66-3695-47c0-9642-33f76f7bd7ad","Microsoft-Windows-Hyper-V-VmSwitch-Operational","5400","4144","<HOST>","S-1-5-20","27/04/2026 18:04:42",,,"Microsoft-Windows-Hyper-V-VmSwitch-Operational","System.UInt32[]","System.Diagnostics.Eventing.Reader.EventBookmark","Aviso","Informações",,"System.Collections.ObjectModel.ReadOnlyCollection`1[System.String]","System.Collections.Generic.List`1[System.Diagnostics.Eventing.Reader.EventProperty]"
"Ndk Oid 0xFC040202 para NIC externo  (Nome Amigável: ) em nome da NIC virtual C08CB7B8-9B3C-408E-8E30-5E16A3AEB445 (Nome Amigável: Default Switch). Status: 0x0. Motivo: Desconhecido..","148","0",,"3","0","0","4611686018427388032","765","Microsoft-Windows-Hyper-V-VmSwitch","67dc0d66-3695-47c0-9642-33f76f7bd7ad","Microsoft-Windows-Hyper-V-VmSwitch-Operational","5400","4144","<HOST>","S-1-5-20","27/04/2026 18:04:41",,,"Microsoft-Windows-Hyper-V-VmSwitch-Operational","System.UInt32[]","System.Diagnostics.Eventing.Reader.EventBookmark","Aviso","Informações",,"System.Collections.ObjectModel.ReadOnlyCollection`1[System.String]","System.Collections.Generic.List`1[System.Diagnostics.Eventing.Reader.EventProperty]"
"A operação do Comutador V OID_GEN_STATISTICS (131334) demorou muito para ser concluída. Tipo de Operação: VNIC HOST OID. Tempo de execução 0 ms. Tempo na fila 0 ms. Tempo de execução esperado menor que 0 ms. NicName: C08CB7B8-9B3C-408E-8E30-5E16A3AEB445. NicFriendlyName: Default Switch.    ","285","0",,"3","0","0","4611686018427388032","764","Microsoft-Windows-Hyper-V-VmSwitch","67dc0d66-3695-47c0-9642-33f76f7bd7ad","Microsoft-Windows-Hyper-V-VmSwitch-Operational","4","552","<HOST>",,"27/04/2026 18:04:19",,,"Microsoft-Windows-Hyper-V-VmSwitch-Operational","System.UInt32[]","System.Diagnostics.Eventing.Reader.EventBookmark","Aviso","Informações",,"System.Collections.ObjectModel.ReadOnlyCollection`1[System.String]","System.Collections.Generic.List`1[System.Diagnostics.Eventing.Reader.EventProperty]"
"A operação do Comutador V OID_GEN_STATISTICS (131334) demorou muito para ser concluída. Tipo de Operação: VNIC HOST OID. Tempo de execução 0 ms. Tempo na fila 0 ms. Tempo de execução esperado menor que 0 ms. NicName: C08CB7B8-9B3C-408E-8E30-5E16A3AEB445. NicFriendlyName: Default Switch.    ","285","0",,"3","0","0","4611686018427388032","763","Microsoft-Windows-Hyper-V-VmSwitch","67dc0d66-3695-47c0-9642-33f76f7bd7ad","Microsoft-Windows-Hyper-V-VmSwitch-Operational","4","9444","<HOST>",,"27/04/2026 18:01:30",,,"Microsoft-Windows-Hyper-V-VmSwitch-Operational","System.UInt32[]","System.Diagnostics.Eventing.Reader.EventBookmark","Aviso","Informações",,"System.Collections.ObjectModel.ReadOnlyCollection`1[System.String]","System.Collections.Generic.List`1[System.Diagnostics.Eventing.Reader.EventProperty]"
"A operação do Comutador V OID_GEN_STATISTICS (131334) demorou muito para ser concluída. Tipo de Operação: VNIC HOST OID. Tempo de execução 0 ms. Tempo na fila 0 ms. Tempo de execução esperado menor que 0 ms. NicName: C08CB7B8-9B3C-408E-8E30-5E16A3AEB445. NicFriendlyName: Default Switch.    ","285","0",,"3","0","0","4611686018427388032","762","Microsoft-Windows-Hyper-V-VmSwitch","67dc0d66-3695-47c0-9642-33f76f7bd7ad","Microsoft-Windows-Hyper-V-VmSwitch-Operational","4","9448","<HOST>",,"27/04/2026 17:59:48",,,"Microsoft-Windows-Hyper-V-VmSwitch-Operational","System.UInt32[]","System.Diagnostics.Eventing.Reader.EventBookmark","Aviso","Informações",,"System.Collections.ObjectModel.ReadOnlyCollection`1[System.String]","System.Collections.Generic.List`1[System.Diagnostics.Eventing.Reader.EventProperty]"
"A operação do Comutador V OID_GEN_STATISTICS (131334) demorou muito para ser concluída. Tipo de Operação: VNIC HOST OID. Tempo de execução 0 ms. Tempo na fila 0 ms. Tempo de execução esperado menor que 0 ms. NicName: C08CB7B8-9B3C-408E-8E30-5E16A3AEB445. NicFriendlyName: Default Switch.    ","285","0",,"3","0","0","4611686018427388032","761","Microsoft-Windows-Hyper-V-VmSwitch","67dc0d66-3695-47c0-9642-33f76f7bd7ad","Microsoft-Windows-Hyper-V-VmSwitch-Operational","4","256","<HOST>",,"27/04/2026 17:58:39",,,"Microsoft-Windows-Hyper-V-VmSwitch-Operational","System.UInt32[]","System.Diagnostics.Eventing.Reader.EventBookmark","Aviso","Informações",,"System.Collections.ObjectModel.ReadOnlyCollection`1[System.String]","System.Collections.Generic.List`1[System.Diagnostics.Eventing.Reader.EventProperty]"
"A operação do Comutador V OID_GEN_STATISTICS (131334) demorou muito para ser concluída. Tipo de Operação: VNIC HOST OID. Tempo de execução 0 ms. Tempo na fila 0 ms. Tempo de execução esperado menor que 0 ms. NicName: C08CB7B8-9B3C-408E-8E30-5E16A3AEB445. NicFriendlyName: Default Switch.    ","285","0",,"3","0","0","4611686018427388032","760","Microsoft-Windows-Hyper-V-VmSwitch","67dc0d66-3695-47c0-9642-33f76f7bd7ad","Microsoft-Windows-Hyper-V-VmSwitch-Operational","4","608","<HOST>",,"27/04/2026 17:57:28",,,"Microsoft-Windows-Hyper-V-VmSwitch-Operational","System.UInt32[]","System.Diagnostics.Eventing.Reader.EventBookmark","Aviso","Informações",,"System.Collections.ObjectModel.ReadOnlyCollection`1[System.String]","System.Collections.Generic.List`1[System.Diagnostics.Eventing.Reader.EventProperty]"
"A operação do Comutador V OID_GEN_STATISTICS (131334) demorou muito para ser concluída. Tipo de Operação: VNIC HOST OID. Tempo de execução 0 ms. Tempo na fila 0 ms. Tempo de execução esperado menor que 0 ms. NicName: C08CB7B8-9B3C-408E-8E30-5E16A3AEB445. NicFriendlyName: Default Switch.    ","285","0",,"3","0","0","4611686018427388032","759","Microsoft-Windows-Hyper-V-VmSwitch","67dc0d66-3695-47c0-9642-33f76f7bd7ad","Microsoft-Windows-Hyper-V-VmSwitch-Operational","4","9456","<HOST>",,"27/04/2026 17:56:23",,,"Microsoft-Windows-Hyper-V-VmSwitch-Operational","System.UInt32[]","System.Diagnostics.Eventing.Reader.EventBookmark","Aviso","Informações",,"System.Collections.ObjectModel.ReadOnlyCollection`1[System.String]","System.Collections.Generic.List`1[System.Diagnostics.Eventing.Reader.EventProperty]"
"Status change (Alteração de Isolamento) sent to Nic C08CB7B8-9B3C-408E-8E30-5E16A3AEB445 (Friendly Name: Default Switch) on port C08CB7B8-9B3C-408E-8E30-5E16A3AEB445 (Friendly Name: Host Vnic C08CB7B8-9B3C-408E-8E30-5E16A3AEB444) on switch C08CB7B8-9B3C-408E-8E30-5E16A3AEB444 (Friendly Name: Default Switch). NicStatus: Alteração de Isolamento, Status: STATUS_SUCCESS","220","0",,"4","0","0","4611686018427388032","758","Microsoft-Windows-Hyper-V-VmSwitch","67dc0d66-3695-47c0-9642-33f76f7bd7ad","Microsoft-Windows-Hyper-V-VmSwitch-Operational","4","608","<HOST>",,"27/04/2026 17:55:35",,,"Microsoft-Windows-Hyper-V-VmSwitch-Operational","System.UInt32[]","System.Diagnostics.Eventing.Reader.EventBookmark","Informações","Informações",,"System.Collections.ObjectModel.ReadOnlyCollection`1[System.String]","System.Collections.Generic.List`1[System.Diagnostics.Eventing.Reader.EventProperty]"
"Status change (Mudança de descarregamento) sent to Nic C08CB7B8-9B3C-408E-8E30-5E16A3AEB445 (Friendly Name: Default Switch) on port C08CB7B8-9B3C-408E-8E30-5E16A3AEB445 (Friendly Name: Host Vnic C08CB7B8-9B3C-408E-8E30-5E16A3AEB444) on switch C08CB7B8-9B3C-408E-8E30-5E16A3AEB444 (Friendly Name: Default Switch). NicStatus: Mudança de descarregamento, Status: STATUS_SUCCESS","220","0",,"4","0","0","4611686018427388032","757","Microsoft-Windows-Hyper-V-VmSwitch","67dc0d66-3695-47c0-9642-33f76f7bd7ad","Microsoft-Windows-Hyper-V-VmSwitch-Operational","4","608","<HOST>",,"27/04/2026 17:55:35",,,"Microsoft-Windows-Hyper-V-VmSwitch-Operational","System.UInt32[]","System.Diagnostics.Eventing.Reader.EventBookmark","Informações","Informações",,"System.Collections.ObjectModel.ReadOnlyCollection`1[System.String]","System.Collections.Generic.List`1[System.Diagnostics.Eventing.Reader.EventProperty]"
"NIC C08CB7B8-9B3C-408E-8E30-5E16A3AEB445 (Friendly Name: Default Switch) restarted.","124","0",,"4","0","0","4611686018427388033","756","Microsoft-Windows-Hyper-V-VmSwitch","67dc0d66-3695-47c0-9642-33f76f7bd7ad","Microsoft-Windows-Hyper-V-VmSwitch-Operational","4","608","<HOST>","S-1-5-18","27/04/2026 17:55:35",,,"Microsoft-Windows-Hyper-V-VmSwitch-Operational","System.UInt32[]","System.Diagnostics.Eventing.Reader.EventBookmark","Informações","Informações",,"System.Collections.ObjectModel.ReadOnlyCollection`1[System.String]","System.Collections.Generic.List`1[System.Diagnostics.Eventing.Reader.EventProperty]"
"A operação do Comutador V OID_GEN_STATISTICS (131334) demorou muito para ser concluída. Tipo de Operação: VNIC HOST OID. Tempo de execução 0 ms. Tempo na fila 0 ms. Tempo de execução esperado menor que 0 ms. NicName: C08CB7B8-9B3C-408E-8E30-5E16A3AEB445. NicFriendlyName: Default Switch.    ","285","0",,"3","0","0","4611686018427388032","755","Microsoft-Windows-Hyper-V-VmSwitch","67dc0d66-3695-47c0-9642-33f76f7bd7ad","Microsoft-Windows-Hyper-V-VmSwitch-Operational","4","68","<HOST>",,"27/04/2026 17:55:22",,,"Microsoft-Windows-Hyper-V-VmSwitch-Operational","System.UInt32[]","System.Diagnostics.Eventing.Reader.EventBookmark","Aviso","Informações",,"System.Collections.ObjectModel.ReadOnlyCollection`1[System.String]","System.Collections.Generic.List`1[System.Diagnostics.Eventing.Reader.EventProperty]"
"Virtual RSS configuration update succeeded on NIC C08CB7B8-9B3C-408E-8E30-5E16A3AEB445 (Friendly Name: Default Switch) of switch C08CB7B8-9B3C-408E-8E30-5E16A3AEB444 (Friendly Name: Default Switch).","143","0",,"5","0","0","4611686018427388064","754","Microsoft-Windows-Hyper-V-VmSwitch","67dc0d66-3695-47c0-9642-33f76f7bd7ad","Microsoft-Windows-Hyper-V-VmSwitch-Operational","4","276","<HOST>","S-1-5-18","27/04/2026 17:54:27",,,"Microsoft-Windows-Hyper-V-VmSwitch-Operational","System.UInt32[]","System.Diagnostics.Eventing.Reader.EventBookmark","Modo Detalhado","Informações",,"System.Collections.ObjectModel.ReadOnlyCollection`1[System.String]","System.Collections.Generic.List`1[System.Diagnostics.Eventing.Reader.EventProperty]"
"Status change (Desativação do IPSEC) sent to Nic C08CB7B8-9B3C-408E-8E30-5E16A3AEB445 (Friendly Name: Default Switch) on port C08CB7B8-9B3C-408E-8E30-5E16A3AEB445 (Friendly Name: Host Vnic C08CB7B8-9B3C-408E-8E30-5E16A3AEB444) on switch C08CB7B8-9B3C-408E-8E30-5E16A3AEB444 (Friendly Name: Default Switch). NicStatus: Desativação do IPSEC, Status: STATUS_SUCCESS","220","0",,"4","0","0","4611686018427388032","753","Microsoft-Windows-Hyper-V-VmSwitch","67dc0d66-3695-47c0-9642-33f76f7bd7ad","Microsoft-Windows-Hyper-V-VmSwitch-Operational","2552","7540","<HOST>","S-1-5-18","27/04/2026 17:54:27",,,"Microsoft-Windows-Hyper-V-VmSwitch-Operational","System.UInt32[]","System.Diagnostics.Eventing.Reader.EventBookmark","Informações","Informações",,"System.Collections.ObjectModel.ReadOnlyCollection`1[System.String]","System.Collections.Generic.List`1[System.Diagnostics.Eventing.Reader.EventProperty]"
"Status change (Mudança de descarregamento) sent to Nic C08CB7B8-9B3C-408E-8E30-5E16A3AEB445 (Friendly Name: Default Switch) on port C08CB7B8-9B3C-408E-8E30-5E16A3AEB445 (Friendly Name: Host Vnic C08CB7B8-9B3C-408E-8E30-5E16A3AEB444) on switch C08CB7B8-9B3C-408E-8E30-5E16A3AEB444 (Friendly Name: Default Switch). NicStatus: Mudança de descarregamento, Status: STATUS_SUCCESS","220","0",,"4","0","0","4611686018427388032","752","Microsoft-Windows-Hyper-V-VmSwitch","67dc0d66-3695-47c0-9642-33f76f7bd7ad","Microsoft-Windows-Hyper-V-VmSwitch-Operational","2552","7540","<HOST>","S-1-5-18","27/04/2026 17:54:27",,,"Microsoft-Windows-Hyper-V-VmSwitch-Operational","System.UInt32[]","System.Diagnostics.Eventing.Reader.EventBookmark","Informações","Informações",,"System.Collections.ObjectModel.ReadOnlyCollection`1[System.String]","System.Collections.Generic.List`1[System.Diagnostics.Eventing.Reader.EventProperty]"
"Status change (RTC Connected) sent to Nic C08CB7B8-9B3C-408E-8E30-5E16A3AEB445 (Friendly Name: Default Switch) on port C08CB7B8-9B3C-408E-8E30-5E16A3AEB445 (Friendly Name: Host Vnic C08CB7B8-9B3C-408E-8E30-5E16A3AEB444) on switch C08CB7B8-9B3C-408E-8E30-5E16A3AEB444 (Friendly Name: Default Switch). NicStatus: RTC Connected, Status: STATUS_SUCCESS","220","0",,"4","0","0","4611686018427388032","751","Microsoft-Windows-Hyper-V-VmSwitch","67dc0d66-3695-47c0-9642-33f76f7bd7ad","Microsoft-Windows-Hyper-V-VmSwitch-Operational","2552","7540","<HOST>","S-1-5-18","27/04/2026 17:54:27",,,"Microsoft-Windows-Hyper-V-VmSwitch-Operational","System.UInt32[]","System.Diagnostics.Eventing.Reader.EventBookmark","Informações","Informações",,"System.Collections.ObjectModel.ReadOnlyCollection`1[System.String]","System.Collections.Generic.List`1[System.Diagnostics.Eventing.Reader.EventProperty]"
"Media connected on NIC C08CB7B8-9B3C-408E-8E30-5E16A3AEB445 (Friendly Name: Default Switch).","125","0",,"4","0","0","4611686018427388033","750","Microsoft-Windows-Hyper-V-VmSwitch","67dc0d66-3695-47c0-9642-33f76f7bd7ad","Microsoft-Windows-Hyper-V-VmSwitch-Operational","2552","7540","<HOST>","S-1-5-18","27/04/2026 17:54:27",,,"Microsoft-Windows-Hyper-V-VmSwitch-Operational","System.UInt32[]","System.Diagnostics.Eventing.Reader.EventBookmark","Informações","Informações",,"System.Collections.ObjectModel.ReadOnlyCollection`1[System.String]","System.Collections.Generic.List`1[System.Diagnostics.Eventing.Reader.EventProperty]"
"Status change (Alteração de Isolamento) sent to Nic C08CB7B8-9B3C-408E-8E30-5E16A3AEB445 (Friendly Name: Default Switch) on port  (Friendly Name: ) on switch  (Friendly Name: ). NicStatus: Alteração de Isolamento, Status: STATUS_SUCCESS","220","0",,"4","0","0","4611686018427388032","749","Microsoft-Windows-Hyper-V-VmSwitch","67dc0d66-3695-47c0-9642-33f76f7bd7ad","Microsoft-Windows-Hyper-V-VmSwitch-Operational","4","8172","<HOST>",,"27/04/2026 17:54:26",,,"Microsoft-Windows-Hyper-V-VmSwitch-Operational","System.UInt32[]","System.Diagnostics.Eventing.Reader.EventBookmark","Informações","Informações",,"System.Collections.ObjectModel.ReadOnlyCollection`1[System.String]","System.Collections.Generic.List`1[System.Diagnostics.Eventing.Reader.EventProperty]"
"Status change (Mudança de descarregamento) sent to Nic C08CB7B8-9B3C-408E-8E30-5E16A3AEB445 (Friendly Name: Default Switch) on port  (Friendly Name: ) on switch  (Friendly Name: ). NicStatus: Mudança de descarregamento, Status: STATUS_SUCCESS","220","0",,"4","0","0","4611686018427388032","748","Microsoft-Windows-Hyper-V-VmSwitch","67dc0d66-3695-47c0-9642-33f76f7bd7ad","Microsoft-Windows-Hyper-V-VmSwitch-Operational","4","8172","<HOST>",,"27/04/2026 17:54:26",,,"Microsoft-Windows-Hyper-V-VmSwitch-Operational","System.UInt32[]","System.Diagnostics.Eventing.Reader.EventBookmark","Informações","Informações",,"System.Collections.ObjectModel.ReadOnlyCollection`1[System.String]","System.Collections.Generic.List`1[System.Diagnostics.Eventing.Reader.EventProperty]"
"NIC C08CB7B8-9B3C-408E-8E30-5E16A3AEB445 (Friendly Name: Default Switch) restarted.","124","0",,"4","0","0","4611686018427388033","747","Microsoft-Windows-Hyper-V-VmSwitch","67dc0d66-3695-47c0-9642-33f76f7bd7ad","Microsoft-Windows-Hyper-V-VmSwitch-Operational","4","8172","<HOST>","S-1-5-18","27/04/2026 17:54:26",,,"Microsoft-Windows-Hyper-V-VmSwitch-Operational","System.UInt32[]","System.Diagnostics.Eventing.Reader.EventBookmark","Informações","Informações",,"System.Collections.ObjectModel.ReadOnlyCollection`1[System.String]","System.Collections.Generic.List`1[System.Diagnostics.Eventing.Reader.EventProperty]"
"Status change (Mudança de descarregamento) sent to Nic C08CB7B8-9B3C-408E-8E30-5E16A3AEB445 (Friendly Name: Default Switch) on port  (Friendly Name: ) on switch  (Friendly Name: ). NicStatus: Mudança de descarregamento, Status: STATUS_SUCCESS","220","0",,"4","0","0","4611686018427388032","746","Microsoft-Windows-Hyper-V-VmSwitch","67dc0d66-3695-47c0-9642-33f76f7bd7ad","Microsoft-Windows-Hyper-V-VmSwitch-Operational","4","288","<HOST>","S-1-5-18","27/04/2026 17:54:26",,,"Microsoft-Windows-Hyper-V-VmSwitch-Operational","System.UInt32[]","System.Diagnostics.Eventing.Reader.EventBookmark","Informações","Informações",,"System.Collections.ObjectModel.ReadOnlyCollection`1[System.String]","System.Collections.Generic.List`1[System.Diagnostics.Eventing.Reader.EventProperty]"
"Status change (Mudança de descarregamento) sent to Nic C08CB7B8-9B3C-408E-8E30-5E16A3AEB445 (Friendly Name: Default Switch) on port  (Friendly Name: ) on switch  (Friendly Name: ). NicStatus: Mudança de descarregamento, Status: STATUS_SUCCESS","220","0",,"4","0","0","4611686018427388032","745","Microsoft-Windows-Hyper-V-VmSwitch","67dc0d66-3695-47c0-9642-33f76f7bd7ad","Microsoft-Windows-Hyper-V-VmSwitch-Operational","4","264","<HOST>","S-1-5-18","27/04/2026 17:54:26",,,"Microsoft-Windows-Hyper-V-VmSwitch-Operational","System.UInt32[]","System.Diagnostics.Eventing.Reader.EventBookmark","Informações","Informações",,"System.Collections.ObjectModel.ReadOnlyCollection`1[System.String]","System.Collections.Generic.List`1[System.Diagnostics.Eventing.Reader.EventProperty]"
"ExtProtocol NetPnpEvent End

