netPnpEvent: NetEventBindFailed,
switchName: ,
switchFriendlyName: ","0","0",,"4","0","0","0","620","Microsoft-Windows-Hyper-V-VmSwitch","67dc0d66-3695-47c0-9642-33f76f7bd7ad","Microsoft-Windows-Hyper-V-VmSwitch-Operational","4","480","<HOST>","S-1-5-18","27/04/2026 10:16:13",,,"Microsoft-Windows-Hyper-V-VmSwitch-Operational","System.UInt32[]","System.Diagnostics.Eventing.Reader.EventBookmark","4","0","ExtProtocol NetPnpEvent Begin","System.Collections.ObjectModel.ReadOnlyCollection`1[System.String]","System.Collections.Generic.List`1[System.Diagnostics.Eventing.Reader.EventProperty]"
"A operação do Comutador V IOCTL_ENUM_VMQ_PROC_COUNT (2236540) demorou muito para ser concluída. Tipo de Operação: IOCTL. Tempo de execução 0 ms. Tempo na fila 0 ms. Tempo de execução esperado menor que 0 ms.    .    .    ","285","0",,"3","0","0","4611686018427388032","619","Microsoft-Windows-Hyper-V-VmSwitch","67dc0d66-3695-47c0-9642-33f76f7bd7ad","Microsoft-Windows-Hyper-V-VmSwitch-Operational","2588","2636","<HOST>",,"27/04/2026 10:16:13",,,"Microsoft-Windows-Hyper-V-VmSwitch-Operational","System.UInt32[]","System.Diagnostics.Eventing.Reader.EventBookmark","Aviso","Informações",,"System.Collections.ObjectModel.ReadOnlyCollection`1[System.String]","System.Collections.Generic.List`1[System.Diagnostics.Eventing.Reader.EventProperty]"
"A operação do Comutador V OID_GEN_STATISTICS (131334) demorou muito para ser concluída. Tipo de Operação: VNIC HOST OID. Tempo de execução 0 ms. Tempo na fila 0 ms. Tempo de execução esperado menor que 0 ms. NicName: C08CB7B8-9B3C-408E-8E30-5E16A3AEB445. NicFriendlyName: Default Switch.    ","285","0",,"3","0","0","4611686018427388032","618","Microsoft-Windows-Hyper-V-VmSwitch","67dc0d66-3695-47c0-9642-33f76f7bd7ad","Microsoft-Windows-Hyper-V-VmSwitch-Operational","4","456","<HOST>",,"27/04/2026 10:14:30",,,"Microsoft-Windows-Hyper-V-VmSwitch-Operational","System.UInt32[]","System.Diagnostics.Eventing.Reader.EventBookmark","Aviso","Informações",,"System.Collections.ObjectModel.ReadOnlyCollection`1[System.String]","System.Collections.Generic.List`1[System.Diagnostics.Eventing.Reader.EventProperty]"
"A operação do Comutador V OID_GEN_STATISTICS (131334) demorou muito para ser concluída. Tipo de Operação: VNIC HOST OID. Tempo de execução 0 ms. Tempo na fila 0 ms. Tempo de execução esperado menor que 0 ms. NicName: C08CB7B8-9B3C-408E-8E30-5E16A3AEB445. NicFriendlyName: Default Switch.    ","285","0",,"3","0","0","4611686018427388032","617","Microsoft-Windows-Hyper-V-VmSwitch","67dc0d66-3695-47c0-9642-33f76f7bd7ad","Microsoft-Windows-Hyper-V-VmSwitch-Operational","4","5212","<HOST>",,"27/04/2026 10:13:30",,,"Microsoft-Windows-Hyper-V-VmSwitch-Operational","System.UInt32[]","System.Diagnostics.Eventing.Reader.EventBookmark","Aviso","Informações",,"System.Collections.ObjectModel.ReadOnlyCollection`1[System.String]","System.Collections.Generic.List`1[System.Diagnostics.Eventing.Reader.EventProperty]"
"Virtual RSS configuration update succeeded on NIC C08CB7B8-9B3C-408E-8E30-5E16A3AEB445 (Friendly Name: Default Switch) of switch C08CB7B8-9B3C-408E-8E30-5E16A3AEB444 (Friendly Name: Default Switch).","143","0",,"5","0","0","4611686018427388064","616","Microsoft-Windows-Hyper-V-VmSwitch","67dc0d66-3695-47c0-9642-33f76f7bd7ad","Microsoft-Windows-Hyper-V-VmSwitch-Operational","4","4352","<HOST>","S-1-5-18","27/04/2026 10:12:31",,,"Microsoft-Windows-Hyper-V-VmSwitch-Operational","System.UInt32[]","System.Diagnostics.Eventing.Reader.EventBookmark","Modo Detalhado","Informações",,"System.Collections.ObjectModel.ReadOnlyCollection`1[System.String]","System.Collections.Generic.List`1[System.Diagnostics.Eventing.Reader.EventProperty]"
"Status change (Desativação do IPSEC) sent to Nic C08CB7B8-9B3C-408E-8E30-5E16A3AEB445 (Friendly Name: Default Switch) on port C08CB7B8-9B3C-408E-8E30-5E16A3AEB445 (Friendly Name: Host Vnic C08CB7B8-9B3C-408E-8E30-5E16A3AEB444) on switch C08CB7B8-9B3C-408E-8E30-5E16A3AEB444 (Friendly Name: Default Switch). NicStatus: Desativação do IPSEC, Status: STATUS_SUCCESS","220","0",,"4","0","0","4611686018427388032","615","Microsoft-Windows-Hyper-V-VmSwitch","67dc0d66-3695-47c0-9642-33f76f7bd7ad","Microsoft-Windows-Hyper-V-VmSwitch-Operational","2588","2096","<HOST>","S-1-5-18","27/04/2026 10:12:31",,,"Microsoft-Windows-Hyper-V-VmSwitch-Operational","System.UInt32[]","System.Diagnostics.Eventing.Reader.EventBookmark","Informações","Informações",,"System.Collections.ObjectModel.ReadOnlyCollection`1[System.String]","System.Collections.Generic.List`1[System.Diagnostics.Eventing.Reader.EventProperty]"
"Status change (Mudança de descarregamento) sent to Nic C08CB7B8-9B3C-408E-8E30-5E16A3AEB445 (Friendly Name: Default Switch) on port C08CB7B8-9B3C-408E-8E30-5E16A3AEB445 (Friendly Name: Host Vnic C08CB7B8-9B3C-408E-8E30-5E16A3AEB444) on switch C08CB7B8-9B3C-408E-8E30-5E16A3AEB444 (Friendly Name: Default Switch). NicStatus: Mudança de descarregamento, Status: STATUS_SUCCESS","220","0",,"4","0","0","4611686018427388032","614","Microsoft-Windows-Hyper-V-VmSwitch","67dc0d66-3695-47c0-9642-33f76f7bd7ad","Microsoft-Windows-Hyper-V-VmSwitch-Operational","2588","2096","<HOST>","S-1-5-18","27/04/2026 10:12:31",,,"Microsoft-Windows-Hyper-V-VmSwitch-Operational","System.UInt32[]","System.Diagnostics.Eventing.Reader.EventBookmark","Informações","Informações",,"System.Collections.ObjectModel.ReadOnlyCollection`1[System.String]","System.Collections.Generic.List`1[System.Diagnostics.Eventing.Reader.EventProperty]"
"Status change (RTC Connected) sent to Nic C08CB7B8-9B3C-408E-8E30-5E16A3AEB445 (Friendly Name: Default Switch) on port C08CB7B8-9B3C-408E-8E30-5E16A3AEB445 (Friendly Name: Host Vnic C08CB7B8-9B3C-408E-8E30-5E16A3AEB444) on switch C08CB7B8-9B3C-408E-8E30-5E16A3AEB444 (Friendly Name: Default Switch). NicStatus: RTC Connected, Status: STATUS_SUCCESS","220","0",,"4","0","0","4611686018427388032","613","Microsoft-Windows-Hyper-V-VmSwitch","67dc0d66-3695-47c0-9642-33f76f7bd7ad","Microsoft-Windows-Hyper-V-VmSwitch-Operational","2588","2096","<HOST>","S-1-5-18","27/04/2026 10:12:31",,,"Microsoft-Windows-Hyper-V-VmSwitch-Operational","System.UInt32[]","System.Diagnostics.Eventing.Reader.EventBookmark","Informações","Informações",,"System.Collections.ObjectModel.ReadOnlyCollection`1[System.String]","System.Collections.Generic.List`1[System.Diagnostics.Eventing.Reader.EventProperty]"
"Media connected on NIC C08CB7B8-9B3C-408E-8E30-5E16A3AEB445 (Friendly Name: Default Switch).","125","0",,"4","0","0","4611686018427388033","612","Microsoft-Windows-Hyper-V-VmSwitch","67dc0d66-3695-47c0-9642-33f76f7bd7ad","Microsoft-Windows-Hyper-V-VmSwitch-Operational","2588","2096","<HOST>","S-1-5-18","27/04/2026 10:12:31",,,"Microsoft-Windows-Hyper-V-VmSwitch-Operational","System.UInt32[]","System.Diagnostics.Eventing.Reader.EventBookmark","Informações","Informações",,"System.Collections.ObjectModel.ReadOnlyCollection`1[System.String]","System.Collections.Generic.List`1[System.Diagnostics.Eventing.Reader.EventProperty]"
"Status change (Alteração de Isolamento) sent to Nic C08CB7B8-9B3C-408E-8E30-5E16A3AEB445 (Friendly Name: Default Switch) on port  (Friendly Name: ) on switch  (Friendly Name: ). NicStatus: Alteração de Isolamento, Status: STATUS_SUCCESS","220","0",,"4","0","0","4611686018427388032","611","Microsoft-Windows-Hyper-V-VmSwitch","67dc0d66-3695-47c0-9642-33f76f7bd7ad","Microsoft-Windows-Hyper-V-VmSwitch-Operational","4","132","<HOST>",,"27/04/2026 10:12:31",,,"Microsoft-Windows-Hyper-V-VmSwitch-Operational","System.UInt32[]","System.Diagnostics.Eventing.Reader.EventBookmark","Informações","Informações",,"System.Collections.ObjectModel.ReadOnlyCollection`1[System.String]","System.Collections.Generic.List`1[System.Diagnostics.Eventing.Reader.EventProperty]"
"Status change (Mudança de descarregamento) sent to Nic C08CB7B8-9B3C-408E-8E30-5E16A3AEB445 (Friendly Name: Default Switch) on port  (Friendly Name: ) on switch  (Friendly Name: ). NicStatus: Mudança de descarregamento, Status: STATUS_SUCCESS","220","0",,"4","0","0","4611686018427388032","610","Microsoft-Windows-Hyper-V-VmSwitch","67dc0d66-3695-47c0-9642-33f76f7bd7ad","Microsoft-Windows-Hyper-V-VmSwitch-Operational","4","132","<HOST>",,"27/04/2026 10:12:31",,,"Microsoft-Windows-Hyper-V-VmSwitch-Operational","System.UInt32[]","System.Diagnostics.Eventing.Reader.EventBookmark","Informações","Informações",,"System.Collections.ObjectModel.ReadOnlyCollection`1[System.String]","System.Collections.Generic.List`1[System.Diagnostics.Eventing.Reader.EventProperty]"
"NIC C08CB7B8-9B3C-408E-8E30-5E16A3AEB445 (Friendly Name: Default Switch) restarted.","124","0",,"4","0","0","4611686018427388033","609","Microsoft-Windows-Hyper-V-VmSwitch","67dc0d66-3695-47c0-9642-33f76f7bd7ad","Microsoft-Windows-Hyper-V-VmSwitch-Operational","4","132","<HOST>","S-1-5-18","27/04/2026 10:12:31",,,"Microsoft-Windows-Hyper-V-VmSwitch-Operational","System.UInt32[]","System.Diagnostics.Eventing.Reader.EventBookmark","Informações","Informações",,"System.Collections.ObjectModel.ReadOnlyCollection`1[System.String]","System.Collections.Generic.List`1[System.Diagnostics.Eventing.Reader.EventProperty]"
"Status change (Mudança de descarregamento) sent to Nic C08CB7B8-9B3C-408E-8E30-5E16A3AEB445 (Friendly Name: Default Switch) on port  (Friendly Name: ) on switch  (Friendly Name: ). NicStatus: Mudança de descarregamento, Status: STATUS_SUCCESS","220","0",,"4","0","0","4611686018427388032","608","Microsoft-Windows-Hyper-V-VmSwitch","67dc0d66-3695-47c0-9642-33f76f7bd7ad","Microsoft-Windows-Hyper-V-VmSwitch-Operational","4","272","<HOST>","S-1-5-18","27/04/2026 10:12:31",,,"Microsoft-Windows-Hyper-V-VmSwitch-Operational","System.UInt32[]","System.Diagnostics.Eventing.Reader.EventBookmark","Informações","Informações",,"System.Collections.ObjectModel.ReadOnlyCollection`1[System.String]","System.Collections.Generic.List`1[System.Diagnostics.Eventing.Reader.EventProperty]"
"Status change (Mudança de descarregamento) sent to Nic C08CB7B8-9B3C-408E-8E30-5E16A3AEB445 (Friendly Name: Default Switch) on port  (Friendly Name: ) on switch  (Friendly Name: ). NicStatus: Mudança de descarregamento, Status: STATUS_SUCCESS","220","0",,"4","0","0","4611686018427388032","607","Microsoft-Windows-Hyper-V-VmSwitch","67dc0d66-3695-47c0-9642-33f76f7bd7ad","Microsoft-Windows-Hyper-V-VmSwitch-Operational","4","456","<HOST>","S-1-5-18","27/04/2026 10:12:31",,,"Microsoft-Windows-Hyper-V-VmSwitch-Operational","System.UInt32[]","System.Diagnostics.Eventing.Reader.EventBookmark","Informações","Informações",,"System.Collections.ObjectModel.ReadOnlyCollection`1[System.String]","System.Collections.Generic.List`1[System.Diagnostics.Eventing.Reader.EventProperty]"
"ExtProtocol NetPnpEvent End

netPnpEvent: NetEventBindsComplete,
switchName: ,
switchFriendlyName: ,
delta (100 ns): 88,
Status: 0x0(NT=STATUS_SUCCESS)","0","0",,"4","0","0","0","606","Microsoft-Windows-Hyper-V-VmSwitch","67dc0d66-3695-47c0-9642-33f76f7bd7ad","Microsoft-Windows-Hyper-V-VmSwitch-Operational","4","480","<HOST>","S-1-5-18","27/04/2026 10:12:31",,,"Microsoft-Windows-Hyper-V-VmSwitch-Operational","System.UInt32[]","System.Diagnostics.Eventing.Reader.EventBookmark","4","0","ExtProtocol NetPnpEvent End","System.Collections.ObjectModel.ReadOnlyCollection`1[System.String]","System.Collections.Generic.List`1[System.Diagnostics.Eventing.Reader.EventProperty]"
"ExtProtocol NetPnpEvent Begin

netPnpEvent: NetEventBindsComplete,
switchName: ,
switchFriendlyName: ","0","0",,"4","0","0","0","605","Microsoft-Windows-Hyper-V-VmSwitch","67dc0d66-3695-47c0-9642-33f76f7bd7ad","Microsoft-Windows-Hyper-V-VmSwitch-Operational","4","480","<HOST>","S-1-5-18","27/04/2026 10:12:31",,,"Microsoft-Windows-Hyper-V-VmSwitch-Operational","System.UInt32[]","System.Diagnostics.Eventing.Reader.EventBookmark","4","0","ExtProtocol NetPnpEvent Begin","System.Collections.ObjectModel.ReadOnlyCollection`1[System.String]","System.Collections.Generic.List`1[System.Diagnostics.Eventing.Reader.EventProperty]"
"ExtProtocol NetPnpEvent End

netPnpEvent: NetEventRestart,
switchName: C08CB7B8-9B3C-408E-8E30-5E16A3AEB444,
switchFriendlyName: Default Switch,
delta (100 ns): 3473,
Status: 0x0(NT=STATUS_SUCCESS)","0","0",,"4","0","0","0","604","Microsoft-Windows-Hyper-V-VmSwitch","67dc0d66-3695-47c0-9642-33f76f7bd7ad","Microsoft-Windows-Hyper-V-VmSwitch-Operational","4","252","<HOST>","S-1-5-18","27/04/2026 10:12:31",,,"Microsoft-Windows-Hyper-V-VmSwitch-Operational","System.UInt32[]","System.Diagnostics.Eventing.Reader.EventBookmark","4","0","ExtProtocol NetPnpEvent End","System.Collections.ObjectModel.ReadOnlyCollection`1[System.String]","System.Collections.Generic.List`1[System.Diagnostics.Eventing.Reader.EventProperty]"
"ExtProtocol NetPnpEvent Begin

netPnpEvent: NetEventRestart,
switchName: C08CB7B8-9B3C-408E-8E30-5E16A3AEB444,
switchFriendlyName: Default Switch","0","0",,"4","0","0","0","603","Microsoft-Windows-Hyper-V-VmSwitch","67dc0d66-3695-47c0-9642-33f76f7bd7ad","Microsoft-Windows-Hyper-V-VmSwitch-Operational","4","252","<HOST>","S-1-5-18","27/04/2026 10:12:31",,,"Microsoft-Windows-Hyper-V-VmSwitch-Operational","System.UInt32[]","System.Diagnostics.Eventing.Reader.EventBookmark","4","0","ExtProtocol NetPnpEvent Begin","System.Collections.ObjectModel.ReadOnlyCollection`1[System.String]","System.Collections.Generic.List`1[System.Diagnostics.Eventing.Reader.EventProperty]"
"ExtProtocol NetPnpEvent End

netPnpEvent: NetEventSwitchActivate,
switchName: C08CB7B8-9B3C-408E-8E30-5E16A3AEB444,
switchFriendlyName: Default Switch,
delta (100 ns): 257,
Status: 0x0(NT=STATUS_SUCCESS)","0","0",,"4","0","0","0","602","Microsoft-Windows-Hyper-V-VmSwitch","67dc0d66-3695-47c0-9642-33f76f7bd7ad","Microsoft-Windows-Hyper-V-VmSwitch-Operational","4","252","<HOST>","S-1-5-18","27/04/2026 10:12:31",,,"Microsoft-Windows-Hyper-V-VmSwitch-Operational","System.UInt32[]","System.Diagnostics.Eventing.Reader.EventBookmark","4","0","ExtProtocol NetPnpEvent End","System.Collections.ObjectModel.ReadOnlyCollection`1[System.String]","System.Collections.Generic.List`1[System.Diagnostics.Eventing.Reader.EventProperty]"
"ExtProtocol NetPnpEvent Begin

netPnpEvent: NetEventSwitchActivate,
switchName: C08CB7B8-9B3C-408E-8E30-5E16A3AEB444,
switchFriendlyName: Default Switch","0","0",,"4","0","0","0","601","Microsoft-Windows-Hyper-V-VmSwitch","67dc0d66-3695-47c0-9642-33f76f7bd7ad","Microsoft-Windows-Hyper-V-VmSwitch-Operational","4","252","<HOST>","S-1-5-18","27/04/2026 10:12:31",,,"Microsoft-Windows-Hyper-V-VmSwitch-Operational","System.UInt32[]","System.Diagnostics.Eventing.Reader.EventBookmark","4","0","ExtProtocol NetPnpEvent Begin","System.Collections.ObjectModel.ReadOnlyCollection`1[System.String]","System.Collections.Generic.List`1[System.Diagnostics.Eventing.Reader.EventProperty]"
"ExtProtocol NetPnpEvent End

netPnpEvent: NetEventBindFailed,
switchName: ,
switchFriendlyName: ,
delta (100 ns): 74,
Status: 0x0(NT=STATUS_SUCCESS)","0","0",,"4","0","0","0","600","Microsoft-Windows-Hyper-V-VmSwitch","67dc0d66-3695-47c0-9642-33f76f7bd7ad","Microsoft-Windows-Hyper-V-VmSwitch-Operational","4","252","<HOST>","S-1-5-18","27/04/2026 10:12:31",,,"Microsoft-Windows-Hyper-V-VmSwitch-Operational","System.UInt32[]","System.Diagnostics.Eventing.Reader.EventBookmark","4","0","ExtProtocol NetPnpEvent End","System.Collections.ObjectModel.ReadOnlyCollection`1[System.String]","System.Collections.Generic.List`1[System.Diagnostics.Eventing.Reader.EventProperty]"
"ExtProtocol NetPnpEvent Begin

netPnpEvent: NetEventBindFailed,
switchName: ,
switchFriendlyName: ","0","0",,"4","0","0","0","599","Microsoft-Windows-Hyper-V-VmSwitch","67dc0d66-3695-47c0-9642-33f76f7bd7ad","Microsoft-Windows-Hyper-V-VmSwitch-Operational","4","252","<HOST>","S-1-5-18","27/04/2026 10:12:31",,,"Microsoft-Windows-Hyper-V-VmSwitch-Operational","System.UInt32[]","System.Diagnostics.Eventing.Reader.EventBookmark","4","0","ExtProtocol NetPnpEvent Begin","System.Collections.ObjectModel.ReadOnlyCollection`1[System.String]","System.Collections.Generic.List`1[System.Diagnostics.Eventing.Reader.EventProperty]"
"Virtual RSS configuration update succeeded on NIC C08CB7B8-9B3C-408E-8E30-5E16A3AEB445 (Friendly Name: Default Switch) of switch  (Friendly Name: ).","143","0",,"5","0","0","4611686018427388064","598","Microsoft-Windows-Hyper-V-VmSwitch","67dc0d66-3695-47c0-9642-33f76f7bd7ad","Microsoft-Windows-Hyper-V-VmSwitch-Operational","4","112","<HOST>","S-1-5-18","27/04/2026 10:12:29",,,"Microsoft-Windows-Hyper-V-VmSwitch-Operational","System.UInt32[]","System.Diagnostics.Eventing.Reader.EventBookmark","Modo Detalhado","Informações",,"System.Collections.ObjectModel.ReadOnlyCollection`1[System.String]","System.Collections.Generic.List`1[System.Diagnostics.Eventing.Reader.EventProperty]"
"Delete complete for Switch C08CB7B8-9B3C-408E-8E30-5E16A3AEB444 (Friendly Name: Default Switch).","66","0",,"4","0","0","4611686018427388033","597","Microsoft-Windows-Hyper-V-VmSwitch","67dc0d66-3695-47c0-9642-33f76f7bd7ad","Microsoft-Windows-Hyper-V-VmSwitch-Operational","2588","2796","<HOST>","S-1-5-18","27/04/2026 10:12:25",,,"Microsoft-Windows-Hyper-V-VmSwitch-Operational","System.UInt32[]","System.Diagnostics.Eventing.Reader.EventBookmark","Informações","Informações",,"System.Collections.ObjectModel.ReadOnlyCollection`1[System.String]","System.Collections.Generic.List`1[System.Diagnostics.Eventing.Reader.EventProperty]"
"Status change (Nic desconectada) sent to Nic C08CB7B8-9B3C-408E-8E30-5E16A3AEB445 (Friendly Name: Default Switch) on port C08CB7B8-9B3C-408E-8E30-5E16A3AEB445 (Friendly Name: Host Vnic C08CB7B8-9B3C-408E-8E30-5E16A3AEB444) on switch C08CB7B8-9B3C-408E-8E30-5E16A3AEB444 (Friendly Name: Default Switch). NicStatus: Nic desconectada, Status: STATUS_SUCCESS","220","0",,"4","0","0","4611686018427388032","596","Microsoft-Windows-Hyper-V-VmSwitch","67dc0d66-3695-47c0-9642-33f76f7bd7ad","Microsoft-Windows-Hyper-V-VmSwitch-Operational","2588","2796","<HOST>","S-1-5-18","27/04/2026 10:12:25",,,"Microsoft-Windows-Hyper-V-VmSwitch-Operational","System.UInt32[]","System.Diagnostics.Eventing.Reader.EventBookmark","Informações","Informações",,"System.Collections.ObjectModel.ReadOnlyCollection`1[System.String]","System.Collections.Generic.List`1[System.Diagnostics.Eventing.Reader.EventProperty]"
"Media disconnected on NIC C08CB7B8-9B3C-408E-8E30-5E16A3AEB445 (Friendly Name: Default Switch).","126","0",,"4","0","0","4611686018427388033","595","Microsoft-Windows-Hyper-V-VmSwitch","67dc0d66-3695-47c0-9642-33f76f7bd7ad","Microsoft-Windows-Hyper-V-VmSwitch-Operational","2588","2796","<HOST>","S-1-5-18","27/04/2026 10:12:25",,,"Microsoft-Windows-Hyper-V-VmSwitch-Operational","System.UInt32[]","System.Diagnostics.Eventing.Reader.EventBookmark","Informações","Informações",,"System.Collections.ObjectModel.ReadOnlyCollection`1[System.String]","System.Collections.Generic.List`1[System.Diagnostics.Eventing.Reader.EventProperty]"
"Status change (Desativação do IPSEC) sent to Nic C08CB7B8-9B3C-408E-8E30-5E16A3AEB445 (Friendly Name: Default Switch) on port C08CB7B8-9B3C-408E-8E30-5E16A3AEB445 (Friendly Name: Host Vnic C08CB7B8-9B3C-408E-8E30-5E16A3AEB444) on switch C08CB7B8-9B3C-408E-8E30-5E16A3AEB444 (Friendly Name: Default Switch). NicStatus: Desativação do IPSEC, Status: STATUS_SUCCESS","220","0",,"4","0","0","4611686018427388032","594","Microsoft-Windows-Hyper-V-VmSwitch","67dc0d66-3695-47c0-9642-33f76f7bd7ad","Microsoft-Windows-Hyper-V-VmSwitch-Operational","2588","2796","<HOST>","S-1-5-18","27/04/2026 10:12:25",,,"Microsoft-Windows-Hyper-V-VmSwitch-Operational","System.UInt32[]","System.Diagnostics.Eventing.Reader.EventBookmark","Informações","Informações",,"System.Collections.ObjectModel.ReadOnlyCollection`1[System.String]","System.Collections.Generic.List`1[System.Diagnostics.Eventing.Reader.EventProperty]"
"ExtProtocol NetPnpEvent End

netPnpEvent: NetEventBindsComplete,
switchName: ,
switchFriendlyName: ,
delta (100 ns): 186,
Status: 0x0(NT=STATUS_SUCCESS)","0","0",,"4","0","0","0","593","Microsoft-Windows-Hyper-V-VmSwitch","67dc0d66-3695-47c0-9642-33f76f7bd7ad","Microsoft-Windows-Hyper-V-VmSwitch-Operational","4","456","<HOST>","S-1-5-18","27/04/2026 10:12:24",,,"Microsoft-Windows-Hyper-V-VmSwitch-Operational","System.UInt32[]","System.Diagnostics.Eventing.Reader.EventBookmark","4","0","ExtProtocol NetPnpEvent End","System.Collections.ObjectModel.ReadOnlyCollection`1[System.String]","System.Collections.Generic.List`1[System.Diagnostics.Eventing.Reader.EventProperty]"
"ExtProtocol NetPnpEvent Begin

netPnpEvent: NetEventBindsComplete,
switchName: ,
switchFriendlyName: ","0","0",,"4","0","0","0","592","Microsoft-Windows-Hyper-V-VmSwitch","67dc0d66-3695-47c0-9642-33f76f7bd7ad","Microsoft-Windows-Hyper-V-VmSwitch-Operational","4","456","<HOST>","S-1-5-18","27/04/2026 10:12:24",,,"Microsoft-Windows-Hyper-V-VmSwitch-Operational","System.UInt32[]","System.Diagnostics.Eventing.Reader.EventBookmark","4","0","ExtProtocol NetPnpEvent Begin","System.Collections.ObjectModel.ReadOnlyCollection`1[System.String]","System.Collections.Generic.List`1[System.Diagnostics.Eventing.Reader.EventProperty]"
"ExtProtocol NetPnpEvent End

netPnpEvent: NetEventPause,
switchName: C08CB7B8-9B3C-408E-8E30-5E16A3AEB444,
switchFriendlyName: Default Switch,
delta (100 ns): 193,
Status: 0x0(NT=STATUS_SUCCESS)","0","0",,"4","0","0","0","591","Microsoft-Windows-Hyper-V-VmSwitch","67dc0d66-3695-47c0-9642-33f76f7bd7ad","Microsoft-Windows-Hyper-V-VmSwitch-Operational","4","704","<HOST>","S-1-5-18","27/04/2026 10:12:24",,,"Microsoft-Windows-Hyper-V-VmSwitch-Operational","System.UInt32[]","System.Diagnostics.Eventing.Reader.EventBookmark","4","0","ExtProtocol NetPnpEvent End","System.Collections.ObjectModel.ReadOnlyCollection`1[System.String]","System.Collections.Generic.List`1[System.Diagnostics.Eventing.Reader.EventProperty]"
"ExtProtocol NetPnpEvent Begin

netPnpEvent: NetEventPause,
switchName: C08CB7B8-9B3C-408E-8E30-5E16A3AEB444,
switchFriendlyName: Default Switch","0","0",,"4","0","0","0","590","Microsoft-Windows-Hyper-V-VmSwitch","67dc0d66-3695-47c0-9642-33f76f7bd7ad","Microsoft-Windows-Hyper-V-VmSwitch-Operational","4","704","<HOST>","S-1-5-18","27/04/2026 10:12:24",,,"Microsoft-Windows-Hyper-V-VmSwitch-Operational","System.UInt32[]","System.Diagnostics.Eventing.Reader.EventBookmark","4","0","ExtProtocol NetPnpEvent Begin","System.Collections.ObjectModel.ReadOnlyCollection`1[System.String]","System.Collections.Generic.List`1[System.Diagnostics.Eventing.Reader.EventProperty]"
"ExtProtocol NetPnpEvent End

netPnpEvent: NetEventQueryRemoveDevice,
switchName: C08CB7B8-9B3C-408E-8E30-5E16A3AEB444,
switchFriendlyName: Default Switch,
delta (100 ns): 77,
Status: 0x0(NT=STATUS_SUCCESS)","0","0",,"4","0","0","0","589","Microsoft-Windows-Hyper-V-VmSwitch","67dc0d66-3695-47c0-9642-33f76f7bd7ad","Microsoft-Windows-Hyper-V-VmSwitch-Operational","4","704","<HOST>","S-1-5-18","27/04/2026 10:12:24",,,"Microsoft-Windows-Hyper-V-VmSwitch-Operational","System.UInt32[]","System.Diagnostics.Eventing.Reader.EventBookmark","4","0","ExtProtocol NetPnpEvent End","System.Collections.ObjectModel.ReadOnlyCollection`1[System.String]","System.Collections.Generic.List`1[System.Diagnostics.Eventing.Reader.EventProperty]"
"ExtProtocol NetPnpEvent Begin

netPnpEvent: NetEventQueryRemoveDevice,
switchName: C08CB7B8-9B3C-408E-8E30-5E16A3AEB444,
switchFriendlyName: Default Switch","0","0",,"4","0","0","0","588","Microsoft-Windows-Hyper-V-VmSwitch","67dc0d66-3695-47c0-9642-33f76f7bd7ad","Microsoft-Windows-Hyper-V-VmSwitch-Operational","4","704","<HOST>","S-1-5-18","27/04/2026 10:12:24",,,"Microsoft-Windows-Hyper-V-VmSwitch-Operational","System.UInt32[]","System.Diagnostics.Eventing.Reader.EventBookmark","4","0","ExtProtocol NetPnpEvent Begin","System.Collections.ObjectModel.ReadOnlyCollection`1[System.String]","System.Collections.Generic.List`1[System.Diagnostics.Eventing.Reader.EventProperty]"
"ExtProtocol NetPnpEvent End

netPnpEvent: NetEventBindsComplete,
switchName: ,
switchFriendlyName: ,
delta (100 ns): 21,
Status: 0x0(NT=STATUS_SUCCESS)","0","0",,"4","0","0","0","587","Microsoft-Windows-Hyper-V-VmSwitch","67dc0d66-3695-47c0-9642-33f76f7bd7ad","Microsoft-Windows-Hyper-V-VmSwitch-Operational","4","456","<HOST>","S-1-5-18","27/04/2026 10:12:19",,,"Microsoft-Windows-Hyper-V-VmSwitch-Operational","System.UInt32[]","System.Diagnostics.Eventing.Reader.EventBookmark","4","0","ExtProtocol NetPnpEvent End","System.Collections.ObjectModel.ReadOnlyCollection`1[System.String]","System.Collections.Generic.List`1[System.Diagnostics.Eventing.Reader.EventProperty]"
"ExtProtocol NetPnpEvent Begin

netPnpEvent: NetEventBindsComplete,
switchName: ,
switchFriendlyName: ","0","0",,"4","0","0","0","586","Microsoft-Windows-Hyper-V-VmSwitch","67dc0d66-3695-47c0-9642-33f76f7bd7ad","Microsoft-Windows-Hyper-V-VmSwitch-Operational","4","456","<HOST>","S-1-5-18","27/04/2026 10:12:19",,,"Microsoft-Windows-Hyper-V-VmSwitch-Operational","System.UInt32[]","System.Diagnostics.Eventing.Reader.EventBookmark","4","0","ExtProtocol NetPnpEvent Begin","System.Collections.ObjectModel.ReadOnlyCollection`1[System.String]","System.Collections.Generic.List`1[System.Diagnostics.Eventing.Reader.EventProperty]"
"ExtProtocol NetPnpEvent End

netPnpEvent: NetEventRestart,
switchName: C08CB7B8-9B3C-408E-8E30-5E16A3AEB444,
switchFriendlyName: Default Switch,
delta (100 ns): 341,
Status: 0x0(NT=STATUS_SUCCESS)","0","0",,"4","0","0","0","585","Microsoft-Windows-Hyper-V-VmSwitch","67dc0d66-3695-47c0-9642-33f76f7bd7ad","Microsoft-Windows-Hyper-V-VmSwitch-Operational","4","96","<HOST>","S-1-5-18","27/04/2026 10:12:19",,,"Microsoft-Windows-Hyper-V-VmSwitch-Operational","System.UInt32[]","System.Diagnostics.Eventing.Reader.EventBookmark","4","0","ExtProtocol NetPnpEvent End","System.Collections.ObjectModel.ReadOnlyCollection`1[System.String]","System.Collections.Generic.List`1[System.Diagnostics.Eventing.Reader.EventProperty]"
"ExtProtocol NetPnpEvent Begin

netPnpEvent: NetEventRestart,
switchName: C08CB7B8-9B3C-408E-8E30-5E16A3AEB444,
switchFriendlyName: Default Switch","0","0",,"4","0","0","0","584","Microsoft-Windows-Hyper-V-VmSwitch","67dc0d66-3695-47c0-9642-33f76f7bd7ad","Microsoft-Windows-Hyper-V-VmSwitch-Operational","4","96","<HOST>","S-1-5-18","27/04/2026 10:12:19",,,"Microsoft-Windows-Hyper-V-VmSwitch-Operational","System.UInt32[]","System.Diagnostics.Eventing.Reader.EventBookmark","4","0","ExtProtocol NetPnpEvent Begin","System.Collections.ObjectModel.ReadOnlyCollection`1[System.String]","System.Collections.Generic.List`1[System.Diagnostics.Eventing.Reader.EventProperty]"
"ExtProtocol NetPnpEvent End

netPnpEvent: NetEventSwitchActivate,
switchName: C08CB7B8-9B3C-408E-8E30-5E16A3AEB444,
switchFriendlyName: Default Switch,
delta (100 ns): 117,
Status: 0x0(NT=STATUS_SUCCESS)","0","0",,"4","0","0","0","583","Microsoft-Windows-Hyper-V-VmSwitch","67dc0d66-3695-47c0-9642-33f76f7bd7ad","Microsoft-Windows-Hyper-V-VmSwitch-Operational","4","96","<HOST>","S-1-5-18","27/04/2026 10:12:19",,,"Microsoft-Windows-Hyper-V-VmSwitch-Operational","System.UInt32[]","System.Diagnostics.Eventing.Reader.EventBookmark","4","0","ExtProtocol NetPnpEvent End","System.Collections.ObjectModel.ReadOnlyCollection`1[System.String]","System.Collections.Generic.List`1[System.Diagnostics.Eventing.Reader.EventProperty]"
"ExtProtocol NetPnpEvent Begin

netPnpEvent: NetEventSwitchActivate,
switchName: C08CB7B8-9B3C-408E-8E30-5E16A3AEB444,
switchFriendlyName: Default Switch","0","0",,"4","0","0","0","582","Microsoft-Windows-Hyper-V-VmSwitch","67dc0d66-3695-47c0-9642-33f76f7bd7ad","Microsoft-Windows-Hyper-V-VmSwitch-Operational","4","96","<HOST>","S-1-5-18","27/04/2026 10:12:19",,,"Microsoft-Windows-Hyper-V-VmSwitch-Operational","System.UInt32[]","System.Diagnostics.Eventing.Reader.EventBookmark","4","0","ExtProtocol NetPnpEvent Begin","System.Collections.ObjectModel.ReadOnlyCollection`1[System.String]","System.Collections.Generic.List`1[System.Diagnostics.Eventing.Reader.EventProperty]"
"ExtProtocol NetPnpEvent End

netPnpEvent: NetEventBindsComplete,
switchName: ,
switchFriendlyName: ,
delta (100 ns): 41,
Status: 0x0(NT=STATUS_SUCCESS)","0","0",,"4","0","0","0","581","Microsoft-Windows-Hyper-V-VmSwitch","67dc0d66-3695-47c0-9642-33f76f7bd7ad","Microsoft-Windows-Hyper-V-VmSwitch-Operational","4","132","<HOST>","S-1-5-18","27/04/2026 10:12:19",,,"Microsoft-Windows-Hyper-V-VmSwitch-Operational","System.UInt32[]","System.Diagnostics.Eventing.Reader.EventBookmark","4","0","ExtProtocol NetPnpEvent End","System.Collections.ObjectModel.ReadOnlyCollection`1[System.String]","System.Collections.Generic.List`1[System.Diagnostics.Eventing.Reader.EventProperty]"
"ProtocolNic NetPnpEvent End

netPnpEvent: NetEventBindsComplete,
nicName: ,
nicFriendlyName: ,
switchName: ,
switchFriendlyName: ,
delta (100 ns): 43,
Status: 0x0(NT=STATUS_SUCCESS)","0","0",,"4","0","0","0","580","Microsoft-Windows-Hyper-V-VmSwitch","67dc0d66-3695-47c0-9642-33f76f7bd7ad","Microsoft-Windows-Hyper-V-VmSwitch-Operational","4","476","<HOST>","S-1-5-18","27/04/2026 10:12:19",,,"Microsoft-Windows-Hyper-V-VmSwitch-Operational","System.UInt32[]","System.Diagnostics.Eventing.Reader.EventBookmark","4","0","ProtocolNic NetPnpEvent End","System.Collections.ObjectModel.ReadOnlyCollection`1[System.String]","System.Collections.Generic.List`1[System.Diagnostics.Eventing.Reader.EventProperty]"
"ProtocolNic NetPnpEvent Begin

netPnpEvent: NetEventBindsComplete,
nicName: ,
nicFriendlyName: ,
switchName: ,
switchFriendlyName: ","0","0",,"4","0","0","0","579","Microsoft-Windows-Hyper-V-VmSwitch","67dc0d66-3695-47c0-9642-33f76f7bd7ad","Microsoft-Windows-Hyper-V-VmSwitch-Operational","4","476","<HOST>","S-1-5-18","27/04/2026 10:12:19",,,"Microsoft-Windows-Hyper-V-VmSwitch-Operational","System.UInt32[]","System.Diagnostics.Eventing.Reader.EventBookmark","4","0","ProtocolNic NetPnpEvent Begin","System.Collections.ObjectModel.ReadOnlyCollection`1[System.String]","System.Collections.Generic.List`1[System.Diagnostics.Eventing.Reader.EventProperty]"
"ExtProtocol NetPnpEvent Begin

netPnpEvent: NetEventBindsComplete,
switchName: ,
switchFriendlyName: ","0","0",,"4","0","0","0","578","Microsoft-Windows-Hyper-V-VmSwitch","67dc0d66-3695-47c0-9642-33f76f7bd7ad","Microsoft-Windows-Hyper-V-VmSwitch-Operational","4","132","<HOST>","S-1-5-18","27/04/2026 10:12:19",,,"Microsoft-Windows-Hyper-V-VmSwitch-Operational","System.UInt32[]","System.Diagnostics.Eventing.Reader.EventBookmark","4","0","ExtProtocol NetPnpEvent Begin","System.Collections.ObjectModel.ReadOnlyCollection`1[System.String]","System.Collections.Generic.List`1[System.Diagnostics.Eventing.Reader.EventProperty]"
"Virtual RSS configuration update succeeded on NIC C08CB7B8-9B3C-408E-8E30-5E16A3AEB445 (Friendly Name: Default Switch) of switch C08CB7B8-9B3C-408E-8E30-5E16A3AEB444 (Friendly Name: Default Switch).","143","0",,"5","0","0","4611686018427388064","577","Microsoft-Windows-Hyper-V-VmSwitch","67dc0d66-3695-47c0-9642-33f76f7bd7ad","Microsoft-Windows-Hyper-V-VmSwitch-Operational","4","276","<HOST>","S-1-5-18","27/04/2026 10:12:19",,,"Microsoft-Windows-Hyper-V-VmSwitch-Operational","System.UInt32[]","System.Diagnostics.Eventing.Reader.EventBookmark","Modo Detalhado","Informações",,"System.Collections.ObjectModel.ReadOnlyCollection`1[System.String]","System.Collections.Generic.List`1[System.Diagnostics.Eventing.Reader.EventProperty]"
"Status change (Alteração de Isolamento) sent to Nic C08CB7B8-9B3C-408E-8E30-5E16A3AEB445 (Friendly Name: Default Switch) on port C08CB7B8-9B3C-408E-8E30-5E16A3AEB445 (Friendly Name: Host Vnic C08CB7B8-9B3C-408E-8E30-5E16A3AEB444) on switch C08CB7B8-9B3C-408E-8E30-5E16A3AEB444 (Friendly Name: Default Switch). NicStatus: Alteração de Isolamento, Status: STATUS_SUCCESS","220","0",,"4","0","0","4611686018427388032","576","Microsoft-Windows-Hyper-V-VmSwitch","67dc0d66-3695-47c0-9642-33f76f7bd7ad","Microsoft-Windows-Hyper-V-VmSwitch-Operational","4","368","<HOST>",,"27/04/2026 10:12:19",,,"Microsoft-Windows-Hyper-V-VmSwitch-Operational","System.UInt32[]","System.Diagnostics.Eventing.Reader.EventBookmark","Informações","Informações",,"System.Collections.ObjectModel.ReadOnlyCollection`1[System.String]","System.Collections.Generic.List`1[System.Diagnostics.Eventing.Reader.EventProperty]"
"Status change (Mudança de descarregamento) sent to Nic C08CB7B8-9B3C-408E-8E30-5E16A3AEB445 (Friendly Name: Default Switch) on port C08CB7B8-9B3C-408E-8E30-5E16A3AEB445 (Friendly Name: Host Vnic C08CB7B8-9B3C-408E-8E30-5E16A3AEB444) on switch C08CB7B8-9B3C-408E-8E30-5E16A3AEB444 (Friendly Name: Default Switch). NicStatus: Mudança de descarregamento, Status: STATUS_SUCCESS","220","0",,"4","0","0","4611686018427388032","575","Microsoft-Windows-Hyper-V-VmSwitch","67dc0d66-3695-47c0-9642-33f76f7bd7ad","Microsoft-Windows-Hyper-V-VmSwitch-Operational","4","368","<HOST>",,"27/04/2026 10:12:19",,,"Microsoft-Windows-Hyper-V-VmSwitch-Operational","System.UInt32[]","System.Diagnostics.Eventing.Reader.EventBookmark","Informações","Informações",,"System.Collections.ObjectModel.ReadOnlyCollection`1[System.String]","System.Collections.Generic.List`1[System.Diagnostics.Eventing.Reader.EventProperty]"
"NIC C08CB7B8-9B3C-408E-8E30-5E16A3AEB445 (Friendly Name: Default Switch) restarted.","124","0",,"4","0","0","4611686018427388033","574","Microsoft-Windows-Hyper-V-VmSwitch","67dc0d66-3695-47c0-9642-33f76f7bd7ad","Microsoft-Windows-Hyper-V-VmSwitch-Operational","4","368","<HOST>","S-1-5-18","27/04/2026 10:12:19",,,"Microsoft-Windows-Hyper-V-VmSwitch-Operational","System.UInt32[]","System.Diagnostics.Eventing.Reader.EventBookmark","Informações","Informações",,"System.Collections.ObjectModel.ReadOnlyCollection`1[System.String]","System.Collections.Generic.List`1[System.Diagnostics.Eventing.Reader.EventProperty]"
"Status change (Mudança de descarregamento) sent to Nic C08CB7B8-9B3C-408E-8E30-5E16A3AEB445 (Friendly Name: Default Switch) on port C08CB7B8-9B3C-408E-8E30-5E16A3AEB445 (Friendly Name: Host Vnic C08CB7B8-9B3C-408E-8E30-5E16A3AEB444) on switch C08CB7B8-9B3C-408E-8E30-5E16A3AEB444 (Friendly Name: Default Switch). NicStatus: Mudança de descarregamento, Status: STATUS_SUCCESS","220","0",,"4","0","0","4611686018427388032","573","Microsoft-Windows-Hyper-V-VmSwitch","67dc0d66-3695-47c0-9642-33f76f7bd7ad","Microsoft-Windows-Hyper-V-VmSwitch-Operational","4","276","<HOST>","S-1-5-18","27/04/2026 10:12:19",,,"Microsoft-Windows-Hyper-V-VmSwitch-Operational","System.UInt32[]","System.Diagnostics.Eventing.Reader.EventBookmark","Informações","Informações",,"System.Collections.ObjectModel.ReadOnlyCollection`1[System.String]","System.Collections.Generic.List`1[System.Diagnostics.Eventing.Reader.EventProperty]"
"Status change (Mudança de descarregamento) sent to Nic C08CB7B8-9B3C-408E-8E30-5E16A3AEB445 (Friendly Name: Default Switch) on port C08CB7B8-9B3C-408E-8E30-5E16A3AEB445 (Friendly Name: Host Vnic C08CB7B8-9B3C-408E-8E30-5E16A3AEB444) on switch C08CB7B8-9B3C-408E-8E30-5E16A3AEB444 (Friendly Name: Default Switch). NicStatus: Mudança de descarregamento, Status: STATUS_SUCCESS","220","0",,"4","0","0","4611686018427388032","572","Microsoft-Windows-Hyper-V-VmSwitch","67dc0d66-3695-47c0-9642-33f76f7bd7ad","Microsoft-Windows-Hyper-V-VmSwitch-Operational","4","368","<HOST>","S-1-5-18","27/04/2026 10:12:19",,,"Microsoft-Windows-Hyper-V-VmSwitch-Operational","System.UInt32[]","System.Diagnostics.Eventing.Reader.EventBookmark","Informações","Informações",,"System.Collections.ObjectModel.ReadOnlyCollection`1[System.String]","System.Collections.Generic.List`1[System.Diagnostics.Eventing.Reader.EventProperty]"
"VmSwitch Driver state

State: Installed and Started.,
Function: DriverEntry,
delta (100 ns): 38401,
Status: 0x0(NT=STATUS_SUCCESS)","0","0",,"4","0","0","0","571","Microsoft-Windows-Hyper-V-VmSwitch","67dc0d66-3695-47c0-9642-33f76f7bd7ad","Microsoft-Windows-Hyper-V-VmSwitch-Operational","4","432","<HOST>","S-1-5-18","27/04/2026 10:12:19",,,"Microsoft-Windows-Hyper-V-VmSwitch-Operational","System.UInt32[]","System.Diagnostics.Eventing.Reader.EventBookmark","4","0","VmSwitch Driver state","System.Collections.ObjectModel.ReadOnlyCollection`1[System.String]","System.Collections.Generic.List`1[System.Diagnostics.Eventing.Reader.EventProperty]"
"Status change (Desativação do IPSEC) sent to Nic C08CB7B8-9B3C-408E-8E30-5E16A3AEB445 (Friendly Name: Default Switch) on port C08CB7B8-9B3C-408E-8E30-5E16A3AEB445 (Friendly Name: Host Vnic C08CB7B8-9B3C-408E-8E30-5E16A3AEB444) on switch C08CB7B8-9B3C-408E-8E30-5E16A3AEB444 (Friendly Name: Default Switch). NicStatus: Desativação do IPSEC, Status: STATUS_SUCCESS","220","0",,"4","0","0","4611686018427388032","570","Microsoft-Windows-Hyper-V-VmSwitch","67dc0d66-3695-47c0-9642-33f76f7bd7ad","Microsoft-Windows-Hyper-V-VmSwitch-Operational","4","432","<HOST>","S-1-5-18","27/04/2026 10:12:19",,,"Microsoft-Windows-Hyper-V-VmSwitch-Operational","System.UInt32[]","System.Diagnostics.Eventing.Reader.EventBookmark","Informações","Informações",,"System.Collections.ObjectModel.ReadOnlyCollection`1[System.String]","System.Collections.Generic.List`1[System.Diagnostics.Eventing.Reader.EventProperty]"
"Status change (Mudança de descarregamento) sent to Nic C08CB7B8-9B3C-408E-8E30-5E16A3AEB445 (Friendly Name: Default Switch) on port C08CB7B8-9B3C-408E-8E30-5E16A3AEB445 (Friendly Name: Host Vnic C08CB7B8-9B3C-408E-8E30-5E16A3AEB444) on switch C08CB7B8-9B3C-408E-8E30-5E16A3AEB444 (Friendly Name: Default Switch). NicStatus: Mudança de descarregamento, Status: STATUS_SUCCESS","220","0",,"4","0","0","4611686018427388032","569","Microsoft-Windows-Hyper-V-VmSwitch","67dc0d66-3695-47c0-9642-33f76f7bd7ad","Microsoft-Windows-Hyper-V-VmSwitch-Operational","4","432","<HOST>","S-1-5-18","27/04/2026 10:12:19",,,"Microsoft-Windows-Hyper-V-VmSwitch-Operational","System.UInt32[]","System.Diagnostics.Eventing.Reader.EventBookmark","Informações","Informações",,"System.Collections.ObjectModel.ReadOnlyCollection`1[System.String]","System.Collections.Generic.List`1[System.Diagnostics.Eventing.Reader.EventProperty]"
"Status change (RTC Connected) sent to Nic C08CB7B8-9B3C-408E-8E30-5E16A3AEB445 (Friendly Name: Default Switch) on port C08CB7B8-9B3C-408E-8E30-5E16A3AEB445 (Friendly Name: Host Vnic C08CB7B8-9B3C-408E-8E30-5E16A3AEB444) on switch C08CB7B8-9B3C-408E-8E30-5E16A3AEB444 (Friendly Name: Default Switch). NicStatus: RTC Connected, Status: STATUS_SUCCESS","220","0",,"4","0","0","4611686018427388032","568","Microsoft-Windows-Hyper-V-VmSwitch","67dc0d66-3695-47c0-9642-33f76f7bd7ad","Microsoft-Windows-Hyper-V-VmSwitch-Operational","4","432","<HOST>","S-1-5-18","27/04/2026 10:12:19",,,"Microsoft-Windows-Hyper-V-VmSwitch-Operational","System.UInt32[]","System.Diagnostics.Eventing.Reader.EventBookmark","Informações","Informações",,"System.Collections.ObjectModel.ReadOnlyCollection`1[System.String]","System.Collections.Generic.List`1[System.Diagnostics.Eventing.Reader.EventProperty]"
"VmSwitch Driver state

State: Started Loading,
Function: DriverEntry","0","0",,"4","0","0","0","567","Microsoft-Windows-Hyper-V-VmSwitch","67dc0d66-3695-47c0-9642-33f76f7bd7ad","Microsoft-Windows-Hyper-V-VmSwitch-Operational","4","432","<HOST>","S-1-5-18","27/04/2026 10:12:19",,,"Microsoft-Windows-Hyper-V-VmSwitch-Operational","System.UInt32[]","System.Diagnostics.Eventing.Reader.EventBookmark","4","0","VmSwitch Driver state","System.Collections.ObjectModel.ReadOnlyCollection`1[System.String]","System.Collections.Generic.List`1[System.Diagnostics.Eventing.Reader.EventProperty]"
"A operação do Comutador V OID_GEN_STATISTICS (131334) demorou muito para ser concluída. Tipo de Operação: VNIC HOST OID. Tempo de execução 0 ms. Tempo na fila 0 ms. Tempo de execução esperado menor que 0 ms. NicName: C08CB7B8-9B3C-408E-8E30-5E16A3AEB445. NicFriendlyName: Default Switch.    ","285","0",,"3","0","0","4611686018427388032","566","Microsoft-Windows-Hyper-V-VmSwitch","67dc0d66-3695-47c0-9642-33f76f7bd7ad","Microsoft-Windows-Hyper-V-VmSwitch-Operational","4","664","<HOST>",,"27/04/2026 10:09:11",,,"Microsoft-Windows-Hyper-V-VmSwitch-Operational","System.UInt32[]","System.Diagnostics.Eventing.Reader.EventBookmark","Aviso","Informações",,"System.Collections.ObjectModel.ReadOnlyCollection`1[System.String]","System.Collections.Generic.List`1[System.Diagnostics.Eventing.Reader.EventProperty]"
"A operação do Comutador V OID_GEN_STATISTICS (131334) demorou muito para ser concluída. Tipo de Operação: VNIC HOST OID. Tempo de execução 0 ms. Tempo na fila 0 ms. Tempo de execução esperado menor que 0 ms. NicName: C08CB7B8-9B3C-408E-8E30-5E16A3AEB445. NicFriendlyName: Default Switch.    ","285","0",,"3","0","0","4611686018427388032","565","Microsoft-Windows-Hyper-V-VmSwitch","67dc0d66-3695-47c0-9642-33f76f7bd7ad","Microsoft-Windows-Hyper-V-VmSwitch-Operational","4","7812","<HOST>",,"27/04/2026 10:08:00",,,"Microsoft-Windows-Hyper-V-VmSwitch-Operational","System.UInt32[]","System.Diagnostics.Eventing.Reader.EventBookmark","Aviso","Informações",,"System.Collections.ObjectModel.ReadOnlyCollection`1[System.String]","System.Collections.Generic.List`1[System.Diagnostics.Eventing.Reader.EventProperty]"
"Ndk Oid 0xFC040202 para NIC externo  (Nome Amigável: ) em nome da NIC virtual C08CB7B8-9B3C-408E-8E30-5E16A3AEB445 (Nome Amigável: Default Switch). Status: 0x0. Motivo: Desconhecido..","148","0",,"3","0","0","4611686018427388032","564","Microsoft-Windows-Hyper-V-VmSwitch","67dc0d66-3695-47c0-9642-33f76f7bd7ad","Microsoft-Windows-Hyper-V-VmSwitch-Operational","14020","9648","<HOST>","S-1-5-20","27/04/2026 10:07:23",,,"Microsoft-Windows-Hyper-V-VmSwitch-Operational","System.UInt32[]","System.Diagnostics.Eventing.Reader.EventBookmark","Aviso","Informações",,"System.Collections.ObjectModel.ReadOnlyCollection`1[System.String]","System.Collections.Generic.List`1[System.Diagnostics.Eventing.Reader.EventProperty]"
"Ndk Oid 0xFC040202 para NIC externo  (Nome Amigável: ) em nome da NIC virtual C08CB7B8-9B3C-408E-8E30-5E16A3AEB445 (Nome Amigável: Default Switch). Status: 0x0. Motivo: Desconhecido..","148","0",,"3","0","0","4611686018427388032","563","Microsoft-Windows-Hyper-V-VmSwitch","67dc0d66-3695-47c0-9642-33f76f7bd7ad","Microsoft-Windows-Hyper-V-VmSwitch-Operational","14020","9648","<HOST>","S-1-5-20","27/04/2026 10:07:21",,,"Microsoft-Windows-Hyper-V-VmSwitch-Operational","System.UInt32[]","System.Diagnostics.Eventing.Reader.EventBookmark","Aviso","Informações",,"System.Collections.ObjectModel.ReadOnlyCollection`1[System.String]","System.Collections.Generic.List`1[System.Diagnostics.Eventing.Reader.EventProperty]"
"Ndk Oid 0xFC040202 para NIC externo  (Nome Amigável: ) em nome da NIC virtual C08CB7B8-9B3C-408E-8E30-5E16A3AEB445 (Nome Amigável: Default Switch). Status: 0x0. Motivo: Desconhecido..","148","0",,"3","0","0","4611686018427388032","562","Microsoft-Windows-Hyper-V-VmSwitch","67dc0d66-3695-47c0-9642-33f76f7bd7ad","Microsoft-Windows-Hyper-V-VmSwitch-Operational","14020","9648","<HOST>","S-1-5-20","27/04/2026 10:07:18",,,"Microsoft-Windows-Hyper-V-VmSwitch-Operational","System.UInt32[]","System.Diagnostics.Eventing.Reader.EventBookmark","Aviso","Informações",,"System.Collections.ObjectModel.ReadOnlyCollection`1[System.String]","System.Collections.Generic.List`1[System.Diagnostics.Eventing.Reader.EventProperty]"
"Ndk Oid 0xFC040202 para NIC externo  (Nome Amigável: ) em nome da NIC virtual C08CB7B8-9B3C-408E-8E30-5E16A3AEB445 (Nome Amigável: Default Switch). Status: 0x0. Motivo: Desconhecido..","148","0",,"3","0","0","4611686018427388032","561","Microsoft-Windows-Hyper-V-VmSwitch","67dc0d66-3695-47c0-9642-33f76f7bd7ad","Microsoft-Windows-Hyper-V-VmSwitch-Operational","14020","9648","<HOST>","S-1-5-20","27/04/2026 10:07:16",,,"Microsoft-Windows-Hyper-V-VmSwitch-Operational","System.UInt32[]","System.Diagnostics.Eventing.Reader.EventBookmark","Aviso","Informações",,"System.Collections.ObjectModel.ReadOnlyCollection`1[System.String]","System.Collections.Generic.List`1[System.Diagnostics.Eventing.Reader.EventProperty]"
"Ndk Oid 0xFC040202 para NIC externo  (Nome Amigável: ) em nome da NIC virtual C08CB7B8-9B3C-408E-8E30-5E16A3AEB445 (Nome Amigável: Default Switch). Status: 0x0. Motivo: Desconhecido..","148","0",,"3","0","0","4611686018427388032","560","Microsoft-Windows-Hyper-V-VmSwitch","67dc0d66-3695-47c0-9642-33f76f7bd7ad","Microsoft-Windows-Hyper-V-VmSwitch-Operational","14020","9648","<HOST>","S-1-5-20","27/04/2026 10:07:14",,,"Microsoft-Windows-Hyper-V-VmSwitch-Operational","System.UInt32[]","System.Diagnostics.Eventing.Reader.EventBookmark","Aviso","Informações",,"System.Collections.ObjectModel.ReadOnlyCollection`1[System.String]","System.Collections.Generic.List`1[System.Diagnostics.Eventing.Reader.EventProperty]"
"Ndk Oid 0xFC040202 para NIC externo  (Nome Amigável: ) em nome da NIC virtual C08CB7B8-9B3C-408E-8E30-5E16A3AEB445 (Nome Amigável: Default Switch). Status: 0x0. Motivo: Desconhecido..","148","0",,"3","0","0","4611686018427388032","559","Microsoft-Windows-Hyper-V-VmSwitch","67dc0d66-3695-47c0-9642-33f76f7bd7ad","Microsoft-Windows-Hyper-V-VmSwitch-Operational","14020","9420","<HOST>","S-1-5-20","27/04/2026 10:07:12",,,"Microsoft-Windows-Hyper-V-VmSwitch-Operational","System.UInt32[]","System.Diagnostics.Eventing.Reader.EventBookmark","Aviso","Informações",,"System.Collections.ObjectModel.ReadOnlyCollection`1[System.String]","System.Collections.Generic.List`1[System.Diagnostics.Eventing.Reader.EventProperty]"
"Ndk Oid 0xFC040202 para NIC externo  (Nome Amigável: ) em nome da NIC virtual C08CB7B8-9B3C-408E-8E30-5E16A3AEB445 (Nome Amigável: Default Switch). Status: 0x0. Motivo: Desconhecido..","148","0",,"3","0","0","4611686018427388032","558","Microsoft-Windows-Hyper-V-VmSwitch","67dc0d66-3695-47c0-9642-33f76f7bd7ad","Microsoft-Windows-Hyper-V-VmSwitch-Operational","14020","9420","<HOST>","S-1-5-20","27/04/2026 10:07:10",,,"Microsoft-Windows-Hyper-V-VmSwitch-Operational","System.UInt32[]","System.Diagnostics.Eventing.Reader.EventBookmark","Aviso","Informações",,"System.Collections.ObjectModel.ReadOnlyCollection`1[System.String]","System.Collections.Generic.List`1[System.Diagnostics.Eventing.Reader.EventProperty]"
"Ndk Oid 0xFC040202 para NIC externo  (Nome Amigável: ) em nome da NIC virtual C08CB7B8-9B3C-408E-8E30-5E16A3AEB445 (Nome Amigável: Default Switch). Status: 0x0. Motivo: Desconhecido..","148","0",,"3","0","0","4611686018427388032","557","Microsoft-Windows-Hyper-V-VmSwitch","67dc0d66-3695-47c0-9642-33f76f7bd7ad","Microsoft-Windows-Hyper-V-VmSwitch-Operational","14020","9420","<HOST>","S-1-5-20","27/04/2026 10:07:08",,,"Microsoft-Windows-Hyper-V-VmSwitch-Operational","System.UInt32[]","System.Diagnostics.Eventing.Reader.EventBookmark","Aviso","Informações",,"System.Collections.ObjectModel.ReadOnlyCollection`1[System.String]","System.Collections.Generic.List`1[System.Diagnostics.Eventing.Reader.EventProperty]"
"Ndk Oid 0xFC040202 para NIC externo  (Nome Amigável: ) em nome da NIC virtual C08CB7B8-9B3C-408E-8E30-5E16A3AEB445 (Nome Amigável: Default Switch). Status: 0x0. Motivo: Desconhecido..","148","0",,"3","0","0","4611686018427388032","556","Microsoft-Windows-Hyper-V-VmSwitch","67dc0d66-3695-47c0-9642-33f76f7bd7ad","Microsoft-Windows-Hyper-V-VmSwitch-Operational","14020","9420","<HOST>","S-1-5-20","27/04/2026 10:07:06",,,"Microsoft-Windows-Hyper-V-VmSwitch-Operational","System.UInt32[]","System.Diagnostics.Eventing.Reader.EventBookmark","Aviso","Informações",,"System.Collections.ObjectModel.ReadOnlyCollection`1[System.String]","System.Collections.Generic.List`1[System.Diagnostics.Eventing.Reader.EventProperty]"
"Ndk Oid 0xFC040202 para NIC externo  (Nome Amigável: ) em nome da NIC virtual C08CB7B8-9B3C-408E-8E30-5E16A3AEB445 (Nome Amigável: Default Switch). Status: 0x0. Motivo: Desconhecido..","148","0",,"3","0","0","4611686018427388032","555","Microsoft-Windows-Hyper-V-VmSwitch","67dc0d66-3695-47c0-9642-33f76f7bd7ad","Microsoft-Windows-Hyper-V-VmSwitch-Operational","14020","9420","<HOST>","S-1-5-20","27/04/2026 10:07:04",,,"Microsoft-Windows-Hyper-V-VmSwitch-Operational","System.UInt32[]","System.Diagnostics.Eventing.Reader.EventBookmark","Aviso","Informações",,"System.Collections.ObjectModel.ReadOnlyCollection`1[System.String]","System.Collections.Generic.List`1[System.Diagnostics.Eventing.Reader.EventProperty]"
"Ndk Oid 0xFC040202 para NIC externo  (Nome Amigável: ) em nome da NIC virtual C08CB7B8-9B3C-408E-8E30-5E16A3AEB445 (Nome Amigável: Default Switch). Status: 0x0. Motivo: Desconhecido..","148","0",,"3","0","0","4611686018427388032","554","Microsoft-Windows-Hyper-V-VmSwitch","67dc0d66-3695-47c0-9642-33f76f7bd7ad","Microsoft-Windows-Hyper-V-VmSwitch-Operational","14020","9648","<HOST>","S-1-5-20","27/04/2026 10:07:02",,,"Microsoft-Windows-Hyper-V-VmSwitch-Operational","System.UInt32[]","System.Diagnostics.Eventing.Reader.EventBookmark","Aviso","Informações",,"System.Collections.ObjectModel.ReadOnlyCollection`1[System.String]","System.Collections.Generic.List`1[System.Diagnostics.Eventing.Reader.EventProperty]"
"Ndk Oid 0xFC040202 para NIC externo  (Nome Amigável: ) em nome da NIC virtual C08CB7B8-9B3C-408E-8E30-5E16A3AEB445 (Nome Amigável: Default Switch). Status: 0x0. Motivo: Desconhecido..","148","0",,"3","0","0","4611686018427388032","553","Microsoft-Windows-Hyper-V-VmSwitch","67dc0d66-3695-47c0-9642-33f76f7bd7ad","Microsoft-Windows-Hyper-V-VmSwitch-Operational","14020","9648","<HOST>","S-1-5-20","27/04/2026 10:07:00",,,"Microsoft-Windows-Hyper-V-VmSwitch-Operational","System.UInt32[]","System.Diagnostics.Eventing.Reader.EventBookmark","Aviso","Informações",,"System.Collections.ObjectModel.ReadOnlyCollection`1[System.String]","System.Collections.Generic.List`1[System.Diagnostics.Eventing.Reader.EventProperty]"
