ChannelOperation: Channel Resume Completed.,
ChannelIndex: 0,
VM Running State: 2,
vmName: B9669018-147D-4DD3-991F-AF2C70282DE0,
vmFriendlyName: B9669018-147D-4DD3-991F-AF2C70282DE0,
nicName: B9669018-147D-4DD3-991F-AF2C70282DE0--8397408C-4D39-4DF1-9DF9-E7E98FB56671,
nicFriendlyName: ,
switchName: 790E58B4-7939-4434-9358-89AE7DDBE87E,
switchFriendlyName: WSL (Hyper-V firewall),
delta (100 ns): 143","0","0",,"5","0","0","0","1069","Microsoft-Windows-Hyper-V-VmSwitch","67dc0d66-3695-47c0-9642-33f76f7bd7ad","Microsoft-Windows-Hyper-V-VmSwitch-Operational","4","6784","<HOST>","S-1-5-18","27/04/2026 18:20:00",,,"Microsoft-Windows-Hyper-V-VmSwitch-Operational","System.UInt32[]","System.Diagnostics.Eventing.Reader.EventBookmark","5","0","Vmbus Channel Callback Operation End","System.Collections.ObjectModel.ReadOnlyCollection`1[System.String]","System.Collections.Generic.List`1[System.Diagnostics.Eventing.Reader.EventProperty]"
"Status change (RTC Connected) sent to Nic B9669018-147D-4DD3-991F-AF2C70282DE0--8397408C-4D39-4DF1-9DF9-E7E98FB56671 (Friendly Name: ) on port 8397408C-4D39-4DF1-9DF9-E7E98FB56671 (Friendly Name: 8397408C-4D39-4DF1-9DF9-E7E98FB56671) on switch 790E58B4-7939-4434-9358-89AE7DDBE87E (Friendly Name: WSL (Hyper-V firewall)). NicStatus: RTC Connected, Status: {A unidade não está pronta}
A unidade não está pronta para uso. A porta pode estar aberta. Verifique a unidade %hs e certifique-se de que o disco foi inserido e a porta da unidade está fechada.","220","0",,"4","0","0","4611686018427388032","1068","Microsoft-Windows-Hyper-V-VmSwitch","67dc0d66-3695-47c0-9642-33f76f7bd7ad","Microsoft-Windows-Hyper-V-VmSwitch-Operational","4","6784","<HOST>",,"27/04/2026 18:20:00",,,"Microsoft-Windows-Hyper-V-VmSwitch-Operational","System.UInt32[]","System.Diagnostics.Eventing.Reader.EventBookmark","Informações","Informações",,"System.Collections.ObjectModel.ReadOnlyCollection`1[System.String]","System.Collections.Generic.List`1[System.Diagnostics.Eventing.Reader.EventProperty]"
"Status change (Nic desconectada) sent to Nic B9669018-147D-4DD3-991F-AF2C70282DE0--8397408C-4D39-4DF1-9DF9-E7E98FB56671 (Friendly Name: ) on port 8397408C-4D39-4DF1-9DF9-E7E98FB56671 (Friendly Name: 8397408C-4D39-4DF1-9DF9-E7E98FB56671) on switch 790E58B4-7939-4434-9358-89AE7DDBE87E (Friendly Name: WSL (Hyper-V firewall)). NicStatus: Nic desconectada, Status: {A unidade não está pronta}
A unidade não está pronta para uso. A porta pode estar aberta. Verifique a unidade %hs e certifique-se de que o disco foi inserido e a porta da unidade está fechada.","220","0",,"4","0","0","4611686018427388032","1067","Microsoft-Windows-Hyper-V-VmSwitch","67dc0d66-3695-47c0-9642-33f76f7bd7ad","Microsoft-Windows-Hyper-V-VmSwitch-Operational","4","6784","<HOST>",,"27/04/2026 18:20:00",,,"Microsoft-Windows-Hyper-V-VmSwitch-Operational","System.UInt32[]","System.Diagnostics.Eventing.Reader.EventBookmark","Informações","Informações",,"System.Collections.ObjectModel.ReadOnlyCollection`1[System.String]","System.Collections.Generic.List`1[System.Diagnostics.Eventing.Reader.EventProperty]"
"Vmbus Channel Callback Operation Begin

ChannelOperation: Started Resuming the Channel,
ChannelIndex: 0,
VM Running State: 2,
vmName: B9669018-147D-4DD3-991F-AF2C70282DE0,
vmFriendlyName: B9669018-147D-4DD3-991F-AF2C70282DE0,
nicName: B9669018-147D-4DD3-991F-AF2C70282DE0--8397408C-4D39-4DF1-9DF9-E7E98FB56671,
nicFriendlyName: ,
switchName: 790E58B4-7939-4434-9358-89AE7DDBE87E,
switchFriendlyName: WSL (Hyper-V firewall)","0","0",,"5","0","0","0","1066","Microsoft-Windows-Hyper-V-VmSwitch","67dc0d66-3695-47c0-9642-33f76f7bd7ad","Microsoft-Windows-Hyper-V-VmSwitch-Operational","4","6784","<HOST>","S-1-5-18","27/04/2026 18:20:00",,,"Microsoft-Windows-Hyper-V-VmSwitch-Operational","System.UInt32[]","System.Diagnostics.Eventing.Reader.EventBookmark","5","0","Vmbus Channel Callback Operation Begin","System.Collections.ObjectModel.ReadOnlyCollection`1[System.String]","System.Collections.Generic.List`1[System.Diagnostics.Eventing.Reader.EventProperty]"
"Guest vDev Operation End

VmOperation: Completed Resume,
vmName: B9669018-147D-4DD3-991F-AF2C70282DE0,
vmFriendlyName: B9669018-147D-4DD3-991F-AF2C70282DE0,
nicName: B9669018-147D-4DD3-991F-AF2C70282DE0--8397408C-4D39-4DF1-9DF9-E7E98FB56671,
nicFriendlyName: ,
switchName: 790E58B4-7939-4434-9358-89AE7DDBE87E,
switchFriendlyName: WSL (Hyper-V firewall),
delta (100 ns): 197","0","0",,"4","0","0","0","1065","Microsoft-Windows-Hyper-V-VmSwitch","67dc0d66-3695-47c0-9642-33f76f7bd7ad","Microsoft-Windows-Hyper-V-VmSwitch-Operational","13604","14884","<HOST>","S-1-5-83-1-3110506520-1305678973-749674393-3761055856","27/04/2026 18:20:00",,,"Microsoft-Windows-Hyper-V-VmSwitch-Operational","System.UInt32[]","System.Diagnostics.Eventing.Reader.EventBookmark","4","0","Guest vDev Operation End","System.Collections.ObjectModel.ReadOnlyCollection`1[System.String]","System.Collections.Generic.List`1[System.Diagnostics.Eventing.Reader.EventProperty]"
"Guest vDev Operation End

VmOperation: Vmbus start completed,
vmName: B9669018-147D-4DD3-991F-AF2C70282DE0,
vmFriendlyName: B9669018-147D-4DD3-991F-AF2C70282DE0,
nicName: B9669018-147D-4DD3-991F-AF2C70282DE0--8397408C-4D39-4DF1-9DF9-E7E98FB56671,
nicFriendlyName: ,
switchName: 790E58B4-7939-4434-9358-89AE7DDBE87E,
switchFriendlyName: WSL (Hyper-V firewall),
delta (100 ns): 141","0","0",,"4","0","0","0","1064","Microsoft-Windows-Hyper-V-VmSwitch","67dc0d66-3695-47c0-9642-33f76f7bd7ad","Microsoft-Windows-Hyper-V-VmSwitch-Operational","13604","14884","<HOST>","S-1-5-83-1-3110506520-1305678973-749674393-3761055856","27/04/2026 18:20:00",,,"Microsoft-Windows-Hyper-V-VmSwitch-Operational","System.UInt32[]","System.Diagnostics.Eventing.Reader.EventBookmark","4","0","Guest vDev Operation End","System.Collections.ObjectModel.ReadOnlyCollection`1[System.String]","System.Collections.Generic.List`1[System.Diagnostics.Eventing.Reader.EventProperty]"
"Guest vDev Operation Begin

VmOperation: Vmbus start initiated,
vmName: B9669018-147D-4DD3-991F-AF2C70282DE0,
vmFriendlyName: B9669018-147D-4DD3-991F-AF2C70282DE0,
nicName: B9669018-147D-4DD3-991F-AF2C70282DE0--8397408C-4D39-4DF1-9DF9-E7E98FB56671,
nicFriendlyName: ,
switchName: 790E58B4-7939-4434-9358-89AE7DDBE87E,
switchFriendlyName: WSL (Hyper-V firewall)","0","0",,"4","0","0","0","1063","Microsoft-Windows-Hyper-V-VmSwitch","67dc0d66-3695-47c0-9642-33f76f7bd7ad","Microsoft-Windows-Hyper-V-VmSwitch-Operational","13604","14884","<HOST>","S-1-5-83-1-3110506520-1305678973-749674393-3761055856","27/04/2026 18:20:00",,,"Microsoft-Windows-Hyper-V-VmSwitch-Operational","System.UInt32[]","System.Diagnostics.Eventing.Reader.EventBookmark","4","0","Guest vDev Operation Begin","System.Collections.ObjectModel.ReadOnlyCollection`1[System.String]","System.Collections.Generic.List`1[System.Diagnostics.Eventing.Reader.EventProperty]"
"Guest vDev Operation Begin

VmOperation: Started Resume,
vmName: B9669018-147D-4DD3-991F-AF2C70282DE0,
vmFriendlyName: B9669018-147D-4DD3-991F-AF2C70282DE0,
nicName: B9669018-147D-4DD3-991F-AF2C70282DE0--8397408C-4D39-4DF1-9DF9-E7E98FB56671,
nicFriendlyName: ,
switchName: 790E58B4-7939-4434-9358-89AE7DDBE87E,
switchFriendlyName: WSL (Hyper-V firewall)","0","0",,"4","0","0","0","1062","Microsoft-Windows-Hyper-V-VmSwitch","67dc0d66-3695-47c0-9642-33f76f7bd7ad","Microsoft-Windows-Hyper-V-VmSwitch-Operational","13604","14884","<HOST>","S-1-5-83-1-3110506520-1305678973-749674393-3761055856","27/04/2026 18:20:00",,,"Microsoft-Windows-Hyper-V-VmSwitch-Operational","System.UInt32[]","System.Diagnostics.Eventing.Reader.EventBookmark","4","0","Guest vDev Operation Begin","System.Collections.ObjectModel.ReadOnlyCollection`1[System.String]","System.Collections.Generic.List`1[System.Diagnostics.Eventing.Reader.EventProperty]"
"Status change (Desativação do IPSEC) sent to Nic B9669018-147D-4DD3-991F-AF2C70282DE0--8397408C-4D39-4DF1-9DF9-E7E98FB56671 (Friendly Name: ) on port 8397408C-4D39-4DF1-9DF9-E7E98FB56671 (Friendly Name: 8397408C-4D39-4DF1-9DF9-E7E98FB56671) on switch 790E58B4-7939-4434-9358-89AE7DDBE87E (Friendly Name: WSL (Hyper-V firewall)). NicStatus: Desativação do IPSEC, Status: {A unidade não está pronta}
A unidade não está pronta para uso. A porta pode estar aberta. Verifique a unidade %hs e certifique-se de que o disco foi inserido e a porta da unidade está fechada.","220","0",,"4","0","0","4611686018427388032","1061","Microsoft-Windows-Hyper-V-VmSwitch","67dc0d66-3695-47c0-9642-33f76f7bd7ad","Microsoft-Windows-Hyper-V-VmSwitch-Operational","13604","14884","<HOST>",,"27/04/2026 18:20:00",,,"Microsoft-Windows-Hyper-V-VmSwitch-Operational","System.UInt32[]","System.Diagnostics.Eventing.Reader.EventBookmark","Informações","Informações",,"System.Collections.ObjectModel.ReadOnlyCollection`1[System.String]","System.Collections.Generic.List`1[System.Diagnostics.Eventing.Reader.EventProperty]"
"Status change (Mudança de descarregamento) sent to Nic B9669018-147D-4DD3-991F-AF2C70282DE0--8397408C-4D39-4DF1-9DF9-E7E98FB56671 (Friendly Name: ) on port 8397408C-4D39-4DF1-9DF9-E7E98FB56671 (Friendly Name: 8397408C-4D39-4DF1-9DF9-E7E98FB56671) on switch 790E58B4-7939-4434-9358-89AE7DDBE87E (Friendly Name: WSL (Hyper-V firewall)). NicStatus: Mudança de descarregamento, Status: {A unidade não está pronta}
A unidade não está pronta para uso. A porta pode estar aberta. Verifique a unidade %hs e certifique-se de que o disco foi inserido e a porta da unidade está fechada.","220","0",,"4","0","0","4611686018427388032","1060","Microsoft-Windows-Hyper-V-VmSwitch","67dc0d66-3695-47c0-9642-33f76f7bd7ad","Microsoft-Windows-Hyper-V-VmSwitch-Operational","13604","14884","<HOST>",,"27/04/2026 18:20:00",,,"Microsoft-Windows-Hyper-V-VmSwitch-Operational","System.UInt32[]","System.Diagnostics.Eventing.Reader.EventBookmark","Informações","Informações",,"System.Collections.ObjectModel.ReadOnlyCollection`1[System.String]","System.Collections.Generic.List`1[System.Diagnostics.Eventing.Reader.EventProperty]"
"Status change (RTC Connected) sent to Nic B9669018-147D-4DD3-991F-AF2C70282DE0--8397408C-4D39-4DF1-9DF9-E7E98FB56671 (Friendly Name: ) on port 8397408C-4D39-4DF1-9DF9-E7E98FB56671 (Friendly Name: 8397408C-4D39-4DF1-9DF9-E7E98FB56671) on switch 790E58B4-7939-4434-9358-89AE7DDBE87E (Friendly Name: WSL (Hyper-V firewall)). NicStatus: RTC Connected, Status: {A unidade não está pronta}
A unidade não está pronta para uso. A porta pode estar aberta. Verifique a unidade %hs e certifique-se de que o disco foi inserido e a porta da unidade está fechada.","220","0",,"4","0","0","4611686018427388032","1059","Microsoft-Windows-Hyper-V-VmSwitch","67dc0d66-3695-47c0-9642-33f76f7bd7ad","Microsoft-Windows-Hyper-V-VmSwitch-Operational","13604","14884","<HOST>",,"27/04/2026 18:20:00",,,"Microsoft-Windows-Hyper-V-VmSwitch-Operational","System.UInt32[]","System.Diagnostics.Eventing.Reader.EventBookmark","Informações","Informações",,"System.Collections.ObjectModel.ReadOnlyCollection`1[System.String]","System.Collections.Generic.List`1[System.Diagnostics.Eventing.Reader.EventProperty]"
"Status change (Nic desconectada) sent to Nic B9669018-147D-4DD3-991F-AF2C70282DE0--8397408C-4D39-4DF1-9DF9-E7E98FB56671 (Friendly Name: ) on port 8397408C-4D39-4DF1-9DF9-E7E98FB56671 (Friendly Name: 8397408C-4D39-4DF1-9DF9-E7E98FB56671) on switch 790E58B4-7939-4434-9358-89AE7DDBE87E (Friendly Name: WSL (Hyper-V firewall)). NicStatus: Nic desconectada, Status: {A unidade não está pronta}
A unidade não está pronta para uso. A porta pode estar aberta. Verifique a unidade %hs e certifique-se de que o disco foi inserido e a porta da unidade está fechada.","220","0",,"4","0","0","4611686018427388032","1058","Microsoft-Windows-Hyper-V-VmSwitch","67dc0d66-3695-47c0-9642-33f76f7bd7ad","Microsoft-Windows-Hyper-V-VmSwitch-Operational","13604","14884","<HOST>",,"27/04/2026 18:20:00",,,"Microsoft-Windows-Hyper-V-VmSwitch-Operational","System.UInt32[]","System.Diagnostics.Eventing.Reader.EventBookmark","Informações","Informações",,"System.Collections.ObjectModel.ReadOnlyCollection`1[System.String]","System.Collections.Generic.List`1[System.Diagnostics.Eventing.Reader.EventProperty]"
"Virtual RSS configuration update succeeded on NIC 790E58B4-7939-4434-9358-89AE7DDBE87F (Friendly Name: WSL (Hyper-V firewall)) of switch 790E58B4-7939-4434-9358-89AE7DDBE87E (Friendly Name: WSL (Hyper-V firewall)).","143","0",,"5","0","0","4611686018427388064","1057","Microsoft-Windows-Hyper-V-VmSwitch","67dc0d66-3695-47c0-9642-33f76f7bd7ad","Microsoft-Windows-Hyper-V-VmSwitch-Operational","4","6784","<HOST>","S-1-5-18","27/04/2026 18:20:00",,,"Microsoft-Windows-Hyper-V-VmSwitch-Operational","System.UInt32[]","System.Diagnostics.Eventing.Reader.EventBookmark","Modo Detalhado","Informações",,"System.Collections.ObjectModel.ReadOnlyCollection`1[System.String]","System.Collections.Generic.List`1[System.Diagnostics.Eventing.Reader.EventProperty]"
"Status change (Desativação do IPSEC) sent to Nic 790E58B4-7939-4434-9358-89AE7DDBE87F (Friendly Name: WSL (Hyper-V firewall)) on port 790E58B4-7939-4434-9358-89AE7DDBE87F (Friendly Name: Host Vnic 790E58B4-7939-4434-9358-89AE7DDBE87E) on switch 790E58B4-7939-4434-9358-89AE7DDBE87E (Friendly Name: WSL (Hyper-V firewall)). NicStatus: Desativação do IPSEC, Status: STATUS_SUCCESS","220","0",,"4","0","0","4611686018427388032","1056","Microsoft-Windows-Hyper-V-VmSwitch","67dc0d66-3695-47c0-9642-33f76f7bd7ad","Microsoft-Windows-Hyper-V-VmSwitch-Operational","2312","5652","<HOST>","S-1-5-18","27/04/2026 18:20:00",,,"Microsoft-Windows-Hyper-V-VmSwitch-Operational","System.UInt32[]","System.Diagnostics.Eventing.Reader.EventBookmark","Informações","Informações",,"System.Collections.ObjectModel.ReadOnlyCollection`1[System.String]","System.Collections.Generic.List`1[System.Diagnostics.Eventing.Reader.EventProperty]"
"Status change (Mudança de descarregamento) sent to Nic 790E58B4-7939-4434-9358-89AE7DDBE87F (Friendly Name: WSL (Hyper-V firewall)) on port 790E58B4-7939-4434-9358-89AE7DDBE87F (Friendly Name: Host Vnic 790E58B4-7939-4434-9358-89AE7DDBE87E) on switch 790E58B4-7939-4434-9358-89AE7DDBE87E (Friendly Name: WSL (Hyper-V firewall)). NicStatus: Mudança de descarregamento, Status: STATUS_SUCCESS","220","0",,"4","0","0","4611686018427388032","1055","Microsoft-Windows-Hyper-V-VmSwitch","67dc0d66-3695-47c0-9642-33f76f7bd7ad","Microsoft-Windows-Hyper-V-VmSwitch-Operational","2312","5652","<HOST>","S-1-5-18","27/04/2026 18:20:00",,,"Microsoft-Windows-Hyper-V-VmSwitch-Operational","System.UInt32[]","System.Diagnostics.Eventing.Reader.EventBookmark","Informações","Informações",,"System.Collections.ObjectModel.ReadOnlyCollection`1[System.String]","System.Collections.Generic.List`1[System.Diagnostics.Eventing.Reader.EventProperty]"
"Status change (RTC Connected) sent to Nic 790E58B4-7939-4434-9358-89AE7DDBE87F (Friendly Name: WSL (Hyper-V firewall)) on port 790E58B4-7939-4434-9358-89AE7DDBE87F (Friendly Name: Host Vnic 790E58B4-7939-4434-9358-89AE7DDBE87E) on switch 790E58B4-7939-4434-9358-89AE7DDBE87E (Friendly Name: WSL (Hyper-V firewall)). NicStatus: RTC Connected, Status: STATUS_SUCCESS","220","0",,"4","0","0","4611686018427388032","1054","Microsoft-Windows-Hyper-V-VmSwitch","67dc0d66-3695-47c0-9642-33f76f7bd7ad","Microsoft-Windows-Hyper-V-VmSwitch-Operational","2312","5652","<HOST>","S-1-5-18","27/04/2026 18:20:00",,,"Microsoft-Windows-Hyper-V-VmSwitch-Operational","System.UInt32[]","System.Diagnostics.Eventing.Reader.EventBookmark","Informações","Informações",,"System.Collections.ObjectModel.ReadOnlyCollection`1[System.String]","System.Collections.Generic.List`1[System.Diagnostics.Eventing.Reader.EventProperty]"
"Media connected on NIC 790E58B4-7939-4434-9358-89AE7DDBE87F (Friendly Name: WSL (Hyper-V firewall)).","125","0",,"4","0","0","4611686018427388033","1053","Microsoft-Windows-Hyper-V-VmSwitch","67dc0d66-3695-47c0-9642-33f76f7bd7ad","Microsoft-Windows-Hyper-V-VmSwitch-Operational","2312","5652","<HOST>","S-1-5-18","27/04/2026 18:20:00",,,"Microsoft-Windows-Hyper-V-VmSwitch-Operational","System.UInt32[]","System.Diagnostics.Eventing.Reader.EventBookmark","Informações","Informações",,"System.Collections.ObjectModel.ReadOnlyCollection`1[System.String]","System.Collections.Generic.List`1[System.Diagnostics.Eventing.Reader.EventProperty]"
"Status change (Alteração de Isolamento) sent to Nic 790E58B4-7939-4434-9358-89AE7DDBE87F (Friendly Name: WSL (Hyper-V firewall)) on port  (Friendly Name: ) on switch  (Friendly Name: ). NicStatus: Alteração de Isolamento, Status: STATUS_SUCCESS","220","0",,"4","0","0","4611686018427388032","1052","Microsoft-Windows-Hyper-V-VmSwitch","67dc0d66-3695-47c0-9642-33f76f7bd7ad","Microsoft-Windows-Hyper-V-VmSwitch-Operational","4","7632","<HOST>",,"27/04/2026 18:20:00",,,"Microsoft-Windows-Hyper-V-VmSwitch-Operational","System.UInt32[]","System.Diagnostics.Eventing.Reader.EventBookmark","Informações","Informações",,"System.Collections.ObjectModel.ReadOnlyCollection`1[System.String]","System.Collections.Generic.List`1[System.Diagnostics.Eventing.Reader.EventProperty]"
"Status change (Mudança de descarregamento) sent to Nic 790E58B4-7939-4434-9358-89AE7DDBE87F (Friendly Name: WSL (Hyper-V firewall)) on port  (Friendly Name: ) on switch  (Friendly Name: ). NicStatus: Mudança de descarregamento, Status: STATUS_SUCCESS","220","0",,"4","0","0","4611686018427388032","1051","Microsoft-Windows-Hyper-V-VmSwitch","67dc0d66-3695-47c0-9642-33f76f7bd7ad","Microsoft-Windows-Hyper-V-VmSwitch-Operational","4","7632","<HOST>",,"27/04/2026 18:20:00",,,"Microsoft-Windows-Hyper-V-VmSwitch-Operational","System.UInt32[]","System.Diagnostics.Eventing.Reader.EventBookmark","Informações","Informações",,"System.Collections.ObjectModel.ReadOnlyCollection`1[System.String]","System.Collections.Generic.List`1[System.Diagnostics.Eventing.Reader.EventProperty]"
"NIC 790E58B4-7939-4434-9358-89AE7DDBE87F (Friendly Name: WSL (Hyper-V firewall)) restarted.","124","0",,"4","0","0","4611686018427388033","1050","Microsoft-Windows-Hyper-V-VmSwitch","67dc0d66-3695-47c0-9642-33f76f7bd7ad","Microsoft-Windows-Hyper-V-VmSwitch-Operational","4","7632","<HOST>","S-1-5-18","27/04/2026 18:20:00",,,"Microsoft-Windows-Hyper-V-VmSwitch-Operational","System.UInt32[]","System.Diagnostics.Eventing.Reader.EventBookmark","Informações","Informações",,"System.Collections.ObjectModel.ReadOnlyCollection`1[System.String]","System.Collections.Generic.List`1[System.Diagnostics.Eventing.Reader.EventProperty]"
"Status change (Mudança de descarregamento) sent to Nic 790E58B4-7939-4434-9358-89AE7DDBE87F (Friendly Name: WSL (Hyper-V firewall)) on port  (Friendly Name: ) on switch  (Friendly Name: ). NicStatus: Mudança de descarregamento, Status: STATUS_SUCCESS","220","0",,"4","0","0","4611686018427388032","1049","Microsoft-Windows-Hyper-V-VmSwitch","67dc0d66-3695-47c0-9642-33f76f7bd7ad","Microsoft-Windows-Hyper-V-VmSwitch-Operational","4","156","<HOST>","S-1-5-18","27/04/2026 18:20:00",,,"Microsoft-Windows-Hyper-V-VmSwitch-Operational","System.UInt32[]","System.Diagnostics.Eventing.Reader.EventBookmark","Informações","Informações",,"System.Collections.ObjectModel.ReadOnlyCollection`1[System.String]","System.Collections.Generic.List`1[System.Diagnostics.Eventing.Reader.EventProperty]"
"Status change (Mudança de descarregamento) sent to Nic 790E58B4-7939-4434-9358-89AE7DDBE87F (Friendly Name: WSL (Hyper-V firewall)) on port  (Friendly Name: ) on switch  (Friendly Name: ). NicStatus: Mudança de descarregamento, Status: STATUS_SUCCESS","220","0",,"4","0","0","4611686018427388032","1048","Microsoft-Windows-Hyper-V-VmSwitch","67dc0d66-3695-47c0-9642-33f76f7bd7ad","Microsoft-Windows-Hyper-V-VmSwitch-Operational","4","156","<HOST>","S-1-5-18","27/04/2026 18:20:00",,,"Microsoft-Windows-Hyper-V-VmSwitch-Operational","System.UInt32[]","System.Diagnostics.Eventing.Reader.EventBookmark","Informações","Informações",,"System.Collections.ObjectModel.ReadOnlyCollection`1[System.String]","System.Collections.Generic.List`1[System.Diagnostics.Eventing.Reader.EventProperty]"
"ExtProtocol NetPnpEvent End

netPnpEvent: NetEventRestart,
switchName: 790E58B4-7939-4434-9358-89AE7DDBE87E,
switchFriendlyName: WSL (Hyper-V firewall),
delta (100 ns): 47696,
Status: 0x0(NT=STATUS_SUCCESS)","0","0",,"4","0","0","0","1047","Microsoft-Windows-Hyper-V-VmSwitch","67dc0d66-3695-47c0-9642-33f76f7bd7ad","Microsoft-Windows-Hyper-V-VmSwitch-Operational","3452","3500","<HOST>","S-1-5-18","27/04/2026 18:20:00",,,"Microsoft-Windows-Hyper-V-VmSwitch-Operational","System.UInt32[]","System.Diagnostics.Eventing.Reader.EventBookmark","4","0","ExtProtocol NetPnpEvent End","System.Collections.ObjectModel.ReadOnlyCollection`1[System.String]","System.Collections.Generic.List`1[System.Diagnostics.Eventing.Reader.EventProperty]"
"ExtProtocol NetPnpEvent Begin

netPnpEvent: NetEventRestart,
switchName: 790E58B4-7939-4434-9358-89AE7DDBE87E,
switchFriendlyName: WSL (Hyper-V firewall)","0","0",,"4","0","0","0","1046","Microsoft-Windows-Hyper-V-VmSwitch","67dc0d66-3695-47c0-9642-33f76f7bd7ad","Microsoft-Windows-Hyper-V-VmSwitch-Operational","3452","3500","<HOST>","S-1-5-18","27/04/2026 18:20:00",,,"Microsoft-Windows-Hyper-V-VmSwitch-Operational","System.UInt32[]","System.Diagnostics.Eventing.Reader.EventBookmark","4","0","ExtProtocol NetPnpEvent Begin","System.Collections.ObjectModel.ReadOnlyCollection`1[System.String]","System.Collections.Generic.List`1[System.Diagnostics.Eventing.Reader.EventProperty]"
"ExtProtocol NetPnpEvent End

netPnpEvent: NetEventBindsComplete,
switchName: ,
switchFriendlyName: ,
delta (100 ns): 64,
Status: 0x0(NT=STATUS_SUCCESS)","0","0",,"4","0","0","0","1045","Microsoft-Windows-Hyper-V-VmSwitch","67dc0d66-3695-47c0-9642-33f76f7bd7ad","Microsoft-Windows-Hyper-V-VmSwitch-Operational","4","2380","<HOST>","S-1-5-18","27/04/2026 18:20:00",,,"Microsoft-Windows-Hyper-V-VmSwitch-Operational","System.UInt32[]","System.Diagnostics.Eventing.Reader.EventBookmark","4","0","ExtProtocol NetPnpEvent End","System.Collections.ObjectModel.ReadOnlyCollection`1[System.String]","System.Collections.Generic.List`1[System.Diagnostics.Eventing.Reader.EventProperty]"
"ExtProtocol NetPnpEvent Begin

netPnpEvent: NetEventBindsComplete,
switchName: ,
switchFriendlyName: ","0","0",,"4","0","0","0","1044","Microsoft-Windows-Hyper-V-VmSwitch","67dc0d66-3695-47c0-9642-33f76f7bd7ad","Microsoft-Windows-Hyper-V-VmSwitch-Operational","4","2380","<HOST>","S-1-5-18","27/04/2026 18:20:00",,,"Microsoft-Windows-Hyper-V-VmSwitch-Operational","System.UInt32[]","System.Diagnostics.Eventing.Reader.EventBookmark","4","0","ExtProtocol NetPnpEvent Begin","System.Collections.ObjectModel.ReadOnlyCollection`1[System.String]","System.Collections.Generic.List`1[System.Diagnostics.Eventing.Reader.EventProperty]"
"ExtProtocol NetPnpEvent End

netPnpEvent: NetEventPause,
switchName: 790E58B4-7939-4434-9358-89AE7DDBE87E,
switchFriendlyName: WSL (Hyper-V firewall),
delta (100 ns): 175,
Status: 0x0(NT=STATUS_SUCCESS)","0","0",,"4","0","0","0","1043","Microsoft-Windows-Hyper-V-VmSwitch","67dc0d66-3695-47c0-9642-33f76f7bd7ad","Microsoft-Windows-Hyper-V-VmSwitch-Operational","3452","3500","<HOST>","S-1-5-18","27/04/2026 18:20:00",,,"Microsoft-Windows-Hyper-V-VmSwitch-Operational","System.UInt32[]","System.Diagnostics.Eventing.Reader.EventBookmark","4","0","ExtProtocol NetPnpEvent End","System.Collections.ObjectModel.ReadOnlyCollection`1[System.String]","System.Collections.Generic.List`1[System.Diagnostics.Eventing.Reader.EventProperty]"
"ExtProtocol NetPnpEvent Begin

netPnpEvent: NetEventPause,
switchName: 790E58B4-7939-4434-9358-89AE7DDBE87E,
switchFriendlyName: WSL (Hyper-V firewall)","0","0",,"4","0","0","0","1042","Microsoft-Windows-Hyper-V-VmSwitch","67dc0d66-3695-47c0-9642-33f76f7bd7ad","Microsoft-Windows-Hyper-V-VmSwitch-Operational","3452","3500","<HOST>","S-1-5-18","27/04/2026 18:20:00",,,"Microsoft-Windows-Hyper-V-VmSwitch-Operational","System.UInt32[]","System.Diagnostics.Eventing.Reader.EventBookmark","4","0","ExtProtocol NetPnpEvent Begin","System.Collections.ObjectModel.ReadOnlyCollection`1[System.String]","System.Collections.Generic.List`1[System.Diagnostics.Eventing.Reader.EventProperty]"
"ExtProtocol NetPnpEvent End

netPnpEvent: NetEventRestart,
switchName: 790E58B4-7939-4434-9358-89AE7DDBE87E,
switchFriendlyName: WSL (Hyper-V firewall),
delta (100 ns): 671,
Status: 0x0(NT=STATUS_SUCCESS)","0","0",,"4","0","0","0","1041","Microsoft-Windows-Hyper-V-VmSwitch","67dc0d66-3695-47c0-9642-33f76f7bd7ad","Microsoft-Windows-Hyper-V-VmSwitch-Operational","4","2380","<HOST>","S-1-5-18","27/04/2026 18:20:00",,,"Microsoft-Windows-Hyper-V-VmSwitch-Operational","System.UInt32[]","System.Diagnostics.Eventing.Reader.EventBookmark","4","0","ExtProtocol NetPnpEvent End","System.Collections.ObjectModel.ReadOnlyCollection`1[System.String]","System.Collections.Generic.List`1[System.Diagnostics.Eventing.Reader.EventProperty]"
"ExtProtocol NetPnpEvent Begin

netPnpEvent: NetEventRestart,
switchName: 790E58B4-7939-4434-9358-89AE7DDBE87E,
switchFriendlyName: WSL (Hyper-V firewall)","0","0",,"4","0","0","0","1040","Microsoft-Windows-Hyper-V-VmSwitch","67dc0d66-3695-47c0-9642-33f76f7bd7ad","Microsoft-Windows-Hyper-V-VmSwitch-Operational","4","2380","<HOST>","S-1-5-18","27/04/2026 18:20:00",,,"Microsoft-Windows-Hyper-V-VmSwitch-Operational","System.UInt32[]","System.Diagnostics.Eventing.Reader.EventBookmark","4","0","ExtProtocol NetPnpEvent Begin","System.Collections.ObjectModel.ReadOnlyCollection`1[System.String]","System.Collections.Generic.List`1[System.Diagnostics.Eventing.Reader.EventProperty]"
"ExtProtocol NetPnpEvent End

netPnpEvent: NetEventSwitchActivate,
switchName: 790E58B4-7939-4434-9358-89AE7DDBE87E,
switchFriendlyName: WSL (Hyper-V firewall),
delta (100 ns): 124,
Status: 0x0(NT=STATUS_SUCCESS)","0","0",,"4","0","0","0","1039","Microsoft-Windows-Hyper-V-VmSwitch","67dc0d66-3695-47c0-9642-33f76f7bd7ad","Microsoft-Windows-Hyper-V-VmSwitch-Operational","4","2380","<HOST>","S-1-5-18","27/04/2026 18:20:00",,,"Microsoft-Windows-Hyper-V-VmSwitch-Operational","System.UInt32[]","System.Diagnostics.Eventing.Reader.EventBookmark","4","0","ExtProtocol NetPnpEvent End","System.Collections.ObjectModel.ReadOnlyCollection`1[System.String]","System.Collections.Generic.List`1[System.Diagnostics.Eventing.Reader.EventProperty]"
"ExtProtocol NetPnpEvent Begin

netPnpEvent: NetEventSwitchActivate,
switchName: 790E58B4-7939-4434-9358-89AE7DDBE87E,
switchFriendlyName: WSL (Hyper-V firewall)","0","0",,"4","0","0","0","1038","Microsoft-Windows-Hyper-V-VmSwitch","67dc0d66-3695-47c0-9642-33f76f7bd7ad","Microsoft-Windows-Hyper-V-VmSwitch-Operational","4","2380","<HOST>","S-1-5-18","27/04/2026 18:20:00",,,"Microsoft-Windows-Hyper-V-VmSwitch-Operational","System.UInt32[]","System.Diagnostics.Eventing.Reader.EventBookmark","4","0","ExtProtocol NetPnpEvent Begin","System.Collections.ObjectModel.ReadOnlyCollection`1[System.String]","System.Collections.Generic.List`1[System.Diagnostics.Eventing.Reader.EventProperty]"
"ExtProtocol NetPnpEvent End

netPnpEvent: NetEventBindFailed,
switchName: ,
switchFriendlyName: ,
delta (100 ns): 79,
Status: 0x0(NT=STATUS_SUCCESS)","0","0",,"4","0","0","0","1037","Microsoft-Windows-Hyper-V-VmSwitch","67dc0d66-3695-47c0-9642-33f76f7bd7ad","Microsoft-Windows-Hyper-V-VmSwitch-Operational","4","7632","<HOST>","S-1-5-18","27/04/2026 18:20:00",,,"Microsoft-Windows-Hyper-V-VmSwitch-Operational","System.UInt32[]","System.Diagnostics.Eventing.Reader.EventBookmark","4","0","ExtProtocol NetPnpEvent End","System.Collections.ObjectModel.ReadOnlyCollection`1[System.String]","System.Collections.Generic.List`1[System.Diagnostics.Eventing.Reader.EventProperty]"
"ExtProtocol NetPnpEvent Begin

netPnpEvent: NetEventBindFailed,
switchName: ,
switchFriendlyName: ","0","0",,"4","0","0","0","1036","Microsoft-Windows-Hyper-V-VmSwitch","67dc0d66-3695-47c0-9642-33f76f7bd7ad","Microsoft-Windows-Hyper-V-VmSwitch-Operational","4","7632","<HOST>","S-1-5-18","27/04/2026 18:20:00",,,"Microsoft-Windows-Hyper-V-VmSwitch-Operational","System.UInt32[]","System.Diagnostics.Eventing.Reader.EventBookmark","4","0","ExtProtocol NetPnpEvent Begin","System.Collections.ObjectModel.ReadOnlyCollection`1[System.String]","System.Collections.Generic.List`1[System.Diagnostics.Eventing.Reader.EventProperty]"
"A operação do Comutador V OID_GEN_STATISTICS (131334) demorou muito para ser concluída. Tipo de Operação: VNIC HOST OID. Tempo de execução 0 ms. Tempo na fila 0 ms. Tempo de execução esperado menor que 0 ms. NicName: C08CB7B8-9B3C-408E-8E30-5E16A3AEB445. NicFriendlyName: Default Switch.    ","285","0",,"3","0","0","4611686018427388032","1035","Microsoft-Windows-Hyper-V-VmSwitch","67dc0d66-3695-47c0-9642-33f76f7bd7ad","Microsoft-Windows-Hyper-V-VmSwitch-Operational","4","68","<HOST>",,"27/04/2026 18:19:22",,,"Microsoft-Windows-Hyper-V-VmSwitch-Operational","System.UInt32[]","System.Diagnostics.Eventing.Reader.EventBookmark","Aviso","Informações",,"System.Collections.ObjectModel.ReadOnlyCollection`1[System.String]","System.Collections.Generic.List`1[System.Diagnostics.Eventing.Reader.EventProperty]"
"Virtual RSS configuration update succeeded on NIC C08CB7B8-9B3C-408E-8E30-5E16A3AEB445 (Friendly Name: Default Switch) of switch C08CB7B8-9B3C-408E-8E30-5E16A3AEB444 (Friendly Name: Default Switch).","143","0",,"5","0","0","4611686018427388064","1034","Microsoft-Windows-Hyper-V-VmSwitch","67dc0d66-3695-47c0-9642-33f76f7bd7ad","Microsoft-Windows-Hyper-V-VmSwitch-Operational","4","840","<HOST>","S-1-5-18","27/04/2026 18:18:34",,,"Microsoft-Windows-Hyper-V-VmSwitch-Operational","System.UInt32[]","System.Diagnostics.Eventing.Reader.EventBookmark","Modo Detalhado","Informações",,"System.Collections.ObjectModel.ReadOnlyCollection`1[System.String]","System.Collections.Generic.List`1[System.Diagnostics.Eventing.Reader.EventProperty]"
"Status change (Desativação do IPSEC) sent to Nic C08CB7B8-9B3C-408E-8E30-5E16A3AEB445 (Friendly Name: Default Switch) on port C08CB7B8-9B3C-408E-8E30-5E16A3AEB445 (Friendly Name: Host Vnic C08CB7B8-9B3C-408E-8E30-5E16A3AEB444) on switch C08CB7B8-9B3C-408E-8E30-5E16A3AEB444 (Friendly Name: Default Switch). NicStatus: Desativação do IPSEC, Status: STATUS_SUCCESS","220","0",,"4","0","0","4611686018427388032","1033","Microsoft-Windows-Hyper-V-VmSwitch","67dc0d66-3695-47c0-9642-33f76f7bd7ad","Microsoft-Windows-Hyper-V-VmSwitch-Operational","2312","2376","<HOST>","S-1-5-18","27/04/2026 18:18:34",,,"Microsoft-Windows-Hyper-V-VmSwitch-Operational","System.UInt32[]","System.Diagnostics.Eventing.Reader.EventBookmark","Informações","Informações",,"System.Collections.ObjectModel.ReadOnlyCollection`1[System.String]","System.Collections.Generic.List`1[System.Diagnostics.Eventing.Reader.EventProperty]"
"Status change (Mudança de descarregamento) sent to Nic C08CB7B8-9B3C-408E-8E30-5E16A3AEB445 (Friendly Name: Default Switch) on port C08CB7B8-9B3C-408E-8E30-5E16A3AEB445 (Friendly Name: Host Vnic C08CB7B8-9B3C-408E-8E30-5E16A3AEB444) on switch C08CB7B8-9B3C-408E-8E30-5E16A3AEB444 (Friendly Name: Default Switch). NicStatus: Mudança de descarregamento, Status: STATUS_SUCCESS","220","0",,"4","0","0","4611686018427388032","1032","Microsoft-Windows-Hyper-V-VmSwitch","67dc0d66-3695-47c0-9642-33f76f7bd7ad","Microsoft-Windows-Hyper-V-VmSwitch-Operational","2312","2376","<HOST>","S-1-5-18","27/04/2026 18:18:34",,,"Microsoft-Windows-Hyper-V-VmSwitch-Operational","System.UInt32[]","System.Diagnostics.Eventing.Reader.EventBookmark","Informações","Informações",,"System.Collections.ObjectModel.ReadOnlyCollection`1[System.String]","System.Collections.Generic.List`1[System.Diagnostics.Eventing.Reader.EventProperty]"
"Status change (RTC Connected) sent to Nic C08CB7B8-9B3C-408E-8E30-5E16A3AEB445 (Friendly Name: Default Switch) on port C08CB7B8-9B3C-408E-8E30-5E16A3AEB445 (Friendly Name: Host Vnic C08CB7B8-9B3C-408E-8E30-5E16A3AEB444) on switch C08CB7B8-9B3C-408E-8E30-5E16A3AEB444 (Friendly Name: Default Switch). NicStatus: RTC Connected, Status: STATUS_SUCCESS","220","0",,"4","0","0","4611686018427388032","1031","Microsoft-Windows-Hyper-V-VmSwitch","67dc0d66-3695-47c0-9642-33f76f7bd7ad","Microsoft-Windows-Hyper-V-VmSwitch-Operational","2312","2376","<HOST>","S-1-5-18","27/04/2026 18:18:34",,,"Microsoft-Windows-Hyper-V-VmSwitch-Operational","System.UInt32[]","System.Diagnostics.Eventing.Reader.EventBookmark","Informações","Informações",,"System.Collections.ObjectModel.ReadOnlyCollection`1[System.String]","System.Collections.Generic.List`1[System.Diagnostics.Eventing.Reader.EventProperty]"
"Media connected on NIC C08CB7B8-9B3C-408E-8E30-5E16A3AEB445 (Friendly Name: Default Switch).","125","0",,"4","0","0","4611686018427388033","1030","Microsoft-Windows-Hyper-V-VmSwitch","67dc0d66-3695-47c0-9642-33f76f7bd7ad","Microsoft-Windows-Hyper-V-VmSwitch-Operational","2312","2376","<HOST>","S-1-5-18","27/04/2026 18:18:34",,,"Microsoft-Windows-Hyper-V-VmSwitch-Operational","System.UInt32[]","System.Diagnostics.Eventing.Reader.EventBookmark","Informações","Informações",,"System.Collections.ObjectModel.ReadOnlyCollection`1[System.String]","System.Collections.Generic.List`1[System.Diagnostics.Eventing.Reader.EventProperty]"
"Status change (Alteração de Isolamento) sent to Nic C08CB7B8-9B3C-408E-8E30-5E16A3AEB445 (Friendly Name: Default Switch) on port  (Friendly Name: ) on switch  (Friendly Name: ). NicStatus: Alteração de Isolamento, Status: STATUS_SUCCESS","220","0",,"4","0","0","4611686018427388032","1029","Microsoft-Windows-Hyper-V-VmSwitch","67dc0d66-3695-47c0-9642-33f76f7bd7ad","Microsoft-Windows-Hyper-V-VmSwitch-Operational","4","456","<HOST>",,"27/04/2026 18:18:34",,,"Microsoft-Windows-Hyper-V-VmSwitch-Operational","System.UInt32[]","System.Diagnostics.Eventing.Reader.EventBookmark","Informações","Informações",,"System.Collections.ObjectModel.ReadOnlyCollection`1[System.String]","System.Collections.Generic.List`1[System.Diagnostics.Eventing.Reader.EventProperty]"
"Status change (Mudança de descarregamento) sent to Nic C08CB7B8-9B3C-408E-8E30-5E16A3AEB445 (Friendly Name: Default Switch) on port  (Friendly Name: ) on switch  (Friendly Name: ). NicStatus: Mudança de descarregamento, Status: STATUS_SUCCESS","220","0",,"4","0","0","4611686018427388032","1028","Microsoft-Windows-Hyper-V-VmSwitch","67dc0d66-3695-47c0-9642-33f76f7bd7ad","Microsoft-Windows-Hyper-V-VmSwitch-Operational","4","456","<HOST>",,"27/04/2026 18:18:34",,,"Microsoft-Windows-Hyper-V-VmSwitch-Operational","System.UInt32[]","System.Diagnostics.Eventing.Reader.EventBookmark","Informações","Informações",,"System.Collections.ObjectModel.ReadOnlyCollection`1[System.String]","System.Collections.Generic.List`1[System.Diagnostics.Eventing.Reader.EventProperty]"
"NIC C08CB7B8-9B3C-408E-8E30-5E16A3AEB445 (Friendly Name: Default Switch) restarted.","124","0",,"4","0","0","4611686018427388033","1027","Microsoft-Windows-Hyper-V-VmSwitch","67dc0d66-3695-47c0-9642-33f76f7bd7ad","Microsoft-Windows-Hyper-V-VmSwitch-Operational","4","456","<HOST>","S-1-5-18","27/04/2026 18:18:34",,,"Microsoft-Windows-Hyper-V-VmSwitch-Operational","System.UInt32[]","System.Diagnostics.Eventing.Reader.EventBookmark","Informações","Informações",,"System.Collections.ObjectModel.ReadOnlyCollection`1[System.String]","System.Collections.Generic.List`1[System.Diagnostics.Eventing.Reader.EventProperty]"
"Status change (Mudança de descarregamento) sent to Nic C08CB7B8-9B3C-408E-8E30-5E16A3AEB445 (Friendly Name: Default Switch) on port  (Friendly Name: ) on switch  (Friendly Name: ). NicStatus: Mudança de descarregamento, Status: STATUS_SUCCESS","220","0",,"4","0","0","4611686018427388032","1026","Microsoft-Windows-Hyper-V-VmSwitch","67dc0d66-3695-47c0-9642-33f76f7bd7ad","Microsoft-Windows-Hyper-V-VmSwitch-Operational","4","156","<HOST>","S-1-5-18","27/04/2026 18:18:34",,,"Microsoft-Windows-Hyper-V-VmSwitch-Operational","System.UInt32[]","System.Diagnostics.Eventing.Reader.EventBookmark","Informações","Informações",,"System.Collections.ObjectModel.ReadOnlyCollection`1[System.String]","System.Collections.Generic.List`1[System.Diagnostics.Eventing.Reader.EventProperty]"
"Status change (Mudança de descarregamento) sent to Nic C08CB7B8-9B3C-408E-8E30-5E16A3AEB445 (Friendly Name: Default Switch) on port  (Friendly Name: ) on switch  (Friendly Name: ). NicStatus: Mudança de descarregamento, Status: STATUS_SUCCESS","220","0",,"4","0","0","4611686018427388032","1025","Microsoft-Windows-Hyper-V-VmSwitch","67dc0d66-3695-47c0-9642-33f76f7bd7ad","Microsoft-Windows-Hyper-V-VmSwitch-Operational","4","96","<HOST>","S-1-5-18","27/04/2026 18:18:34",,,"Microsoft-Windows-Hyper-V-VmSwitch-Operational","System.UInt32[]","System.Diagnostics.Eventing.Reader.EventBookmark","Informações","Informações",,"System.Collections.ObjectModel.ReadOnlyCollection`1[System.String]","System.Collections.Generic.List`1[System.Diagnostics.Eventing.Reader.EventProperty]"
"ExtProtocol NetPnpEvent End

netPnpEvent: NetEventBindsComplete,
switchName: ,
switchFriendlyName: ,
delta (100 ns): 80,
Status: 0x0(NT=STATUS_SUCCESS)","0","0",,"4","0","0","0","1024","Microsoft-Windows-Hyper-V-VmSwitch","67dc0d66-3695-47c0-9642-33f76f7bd7ad","Microsoft-Windows-Hyper-V-VmSwitch-Operational","4","108","<HOST>","S-1-5-18","27/04/2026 18:18:34",,,"Microsoft-Windows-Hyper-V-VmSwitch-Operational","System.UInt32[]","System.Diagnostics.Eventing.Reader.EventBookmark","4","0","ExtProtocol NetPnpEvent End","System.Collections.ObjectModel.ReadOnlyCollection`1[System.String]","System.Collections.Generic.List`1[System.Diagnostics.Eventing.Reader.EventProperty]"
"ExtProtocol NetPnpEvent Begin

netPnpEvent: NetEventBindsComplete,
switchName: ,
switchFriendlyName: ","0","0",,"4","0","0","0","1023","Microsoft-Windows-Hyper-V-VmSwitch","67dc0d66-3695-47c0-9642-33f76f7bd7ad","Microsoft-Windows-Hyper-V-VmSwitch-Operational","4","108","<HOST>","S-1-5-18","27/04/2026 18:18:34",,,"Microsoft-Windows-Hyper-V-VmSwitch-Operational","System.UInt32[]","System.Diagnostics.Eventing.Reader.EventBookmark","4","0","ExtProtocol NetPnpEvent Begin","System.Collections.ObjectModel.ReadOnlyCollection`1[System.String]","System.Collections.Generic.List`1[System.Diagnostics.Eventing.Reader.EventProperty]"
"ExtProtocol NetPnpEvent End

netPnpEvent: NetEventRestart,
switchName: C08CB7B8-9B3C-408E-8E30-5E16A3AEB444,
switchFriendlyName: Default Switch,
delta (100 ns): 1369,
Status: 0x0(NT=STATUS_SUCCESS)","0","0",,"4","0","0","0","1022","Microsoft-Windows-Hyper-V-VmSwitch","67dc0d66-3695-47c0-9642-33f76f7bd7ad","Microsoft-Windows-Hyper-V-VmSwitch-Operational","4","448","<HOST>","S-1-5-18","27/04/2026 18:18:34",,,"Microsoft-Windows-Hyper-V-VmSwitch-Operational","System.UInt32[]","System.Diagnostics.Eventing.Reader.EventBookmark","4","0","ExtProtocol NetPnpEvent End","System.Collections.ObjectModel.ReadOnlyCollection`1[System.String]","System.Collections.Generic.List`1[System.Diagnostics.Eventing.Reader.EventProperty]"
"ExtProtocol NetPnpEvent Begin

netPnpEvent: NetEventRestart,
switchName: C08CB7B8-9B3C-408E-8E30-5E16A3AEB444,
switchFriendlyName: Default Switch","0","0",,"4","0","0","0","1021","Microsoft-Windows-Hyper-V-VmSwitch","67dc0d66-3695-47c0-9642-33f76f7bd7ad","Microsoft-Windows-Hyper-V-VmSwitch-Operational","4","448","<HOST>","S-1-5-18","27/04/2026 18:18:34",,,"Microsoft-Windows-Hyper-V-VmSwitch-Operational","System.UInt32[]","System.Diagnostics.Eventing.Reader.EventBookmark","4","0","ExtProtocol NetPnpEvent Begin","System.Collections.ObjectModel.ReadOnlyCollection`1[System.String]","System.Collections.Generic.List`1[System.Diagnostics.Eventing.Reader.EventProperty]"
"ExtProtocol NetPnpEvent End

netPnpEvent: NetEventSwitchActivate,
switchName: C08CB7B8-9B3C-408E-8E30-5E16A3AEB444,
switchFriendlyName: Default Switch,
delta (100 ns): 114,
Status: 0x0(NT=STATUS_SUCCESS)","0","0",,"4","0","0","0","1020","Microsoft-Windows-Hyper-V-VmSwitch","67dc0d66-3695-47c0-9642-33f76f7bd7ad","Microsoft-Windows-Hyper-V-VmSwitch-Operational","4","448","<HOST>","S-1-5-18","27/04/2026 18:18:34",,,"Microsoft-Windows-Hyper-V-VmSwitch-Operational","System.UInt32[]","System.Diagnostics.Eventing.Reader.EventBookmark","4","0","ExtProtocol NetPnpEvent End","System.Collections.ObjectModel.ReadOnlyCollection`1[System.String]","System.Collections.Generic.List`1[System.Diagnostics.Eventing.Reader.EventProperty]"
"ExtProtocol NetPnpEvent Begin

netPnpEvent: NetEventSwitchActivate,
switchName: C08CB7B8-9B3C-408E-8E30-5E16A3AEB444,
switchFriendlyName: Default Switch","0","0",,"4","0","0","0","1019","Microsoft-Windows-Hyper-V-VmSwitch","67dc0d66-3695-47c0-9642-33f76f7bd7ad","Microsoft-Windows-Hyper-V-VmSwitch-Operational","4","448","<HOST>","S-1-5-18","27/04/2026 18:18:34",,,"Microsoft-Windows-Hyper-V-VmSwitch-Operational","System.UInt32[]","System.Diagnostics.Eventing.Reader.EventBookmark","4","0","ExtProtocol NetPnpEvent Begin","System.Collections.ObjectModel.ReadOnlyCollection`1[System.String]","System.Collections.Generic.List`1[System.Diagnostics.Eventing.Reader.EventProperty]"
"ExtProtocol NetPnpEvent End

netPnpEvent: NetEventBindFailed,
switchName: ,
switchFriendlyName: ,
delta (100 ns): 208,
Status: 0x0(NT=STATUS_SUCCESS)","0","0",,"4","0","0","0","1018","Microsoft-Windows-Hyper-V-VmSwitch","67dc0d66-3695-47c0-9642-33f76f7bd7ad","Microsoft-Windows-Hyper-V-VmSwitch-Operational","4","712","<HOST>","S-1-5-18","27/04/2026 18:18:34",,,"Microsoft-Windows-Hyper-V-VmSwitch-Operational","System.UInt32[]","System.Diagnostics.Eventing.Reader.EventBookmark","4","0","ExtProtocol NetPnpEvent End","System.Collections.ObjectModel.ReadOnlyCollection`1[System.String]","System.Collections.Generic.List`1[System.Diagnostics.Eventing.Reader.EventProperty]"
"ExtProtocol NetPnpEvent Begin

netPnpEvent: NetEventBindFailed,
switchName: ,
switchFriendlyName: ","0","0",,"4","0","0","0","1017","Microsoft-Windows-Hyper-V-VmSwitch","67dc0d66-3695-47c0-9642-33f76f7bd7ad","Microsoft-Windows-Hyper-V-VmSwitch-Operational","4","712","<HOST>","S-1-5-18","27/04/2026 18:18:34",,,"Microsoft-Windows-Hyper-V-VmSwitch-Operational","System.UInt32[]","System.Diagnostics.Eventing.Reader.EventBookmark","4","0","ExtProtocol NetPnpEvent Begin","System.Collections.ObjectModel.ReadOnlyCollection`1[System.String]","System.Collections.Generic.List`1[System.Diagnostics.Eventing.Reader.EventProperty]"
"Virtual RSS configuration update succeeded on NIC 790E58B4-7939-4434-9358-89AE7DDBE87F (Friendly Name: WSL (Hyper-V firewall)) of switch  (Friendly Name: ).","143","0",,"5","0","0","4611686018427388064","1016","Microsoft-Windows-Hyper-V-VmSwitch","67dc0d66-3695-47c0-9642-33f76f7bd7ad","Microsoft-Windows-Hyper-V-VmSwitch-Operational","4","448","<HOST>","S-1-5-18","27/04/2026 18:18:34",,,"Microsoft-Windows-Hyper-V-VmSwitch-Operational","System.UInt32[]","System.Diagnostics.Eventing.Reader.EventBookmark","Modo Detalhado","Informações",,"System.Collections.ObjectModel.ReadOnlyCollection`1[System.String]","System.Collections.Generic.List`1[System.Diagnostics.Eventing.Reader.EventProperty]"
"Delete complete for Switch 790E58B4-7939-4434-9358-89AE7DDBE87E (Friendly Name: WSL (Hyper-V firewall)).","66","0",,"4","0","0","4611686018427388033","1015","Microsoft-Windows-Hyper-V-VmSwitch","67dc0d66-3695-47c0-9642-33f76f7bd7ad","Microsoft-Windows-Hyper-V-VmSwitch-Operational","2312","2600","<HOST>","S-1-5-18","27/04/2026 18:18:33",,,"Microsoft-Windows-Hyper-V-VmSwitch-Operational","System.UInt32[]","System.Diagnostics.Eventing.Reader.EventBookmark","Informações","Informações",,"System.Collections.ObjectModel.ReadOnlyCollection`1[System.String]","System.Collections.Generic.List`1[System.Diagnostics.Eventing.Reader.EventProperty]"
"Status change (Nic desconectada) sent to Nic 790E58B4-7939-4434-9358-89AE7DDBE87F (Friendly Name: WSL (Hyper-V firewall)) on port 790E58B4-7939-4434-9358-89AE7DDBE87F (Friendly Name: Host Vnic 790E58B4-7939-4434-9358-89AE7DDBE87E) on switch 790E58B4-7939-4434-9358-89AE7DDBE87E (Friendly Name: WSL (Hyper-V firewall)). NicStatus: Nic desconectada, Status: STATUS_SUCCESS","220","0",,"4","0","0","4611686018427388032","1014","Microsoft-Windows-Hyper-V-VmSwitch","67dc0d66-3695-47c0-9642-33f76f7bd7ad","Microsoft-Windows-Hyper-V-VmSwitch-Operational","2312","2600","<HOST>","S-1-5-18","27/04/2026 18:18:33",,,"Microsoft-Windows-Hyper-V-VmSwitch-Operational","System.UInt32[]","System.Diagnostics.Eventing.Reader.EventBookmark","Informações","Informações",,"System.Collections.ObjectModel.ReadOnlyCollection`1[System.String]","System.Collections.Generic.List`1[System.Diagnostics.Eventing.Reader.EventProperty]"
"Media disconnected on NIC 790E58B4-7939-4434-9358-89AE7DDBE87F (Friendly Name: WSL (Hyper-V firewall)).","126","0",,"4","0","0","4611686018427388033","1013","Microsoft-Windows-Hyper-V-VmSwitch","67dc0d66-3695-47c0-9642-33f76f7bd7ad","Microsoft-Windows-Hyper-V-VmSwitch-Operational","2312","2600","<HOST>","S-1-5-18","27/04/2026 18:18:33",,,"Microsoft-Windows-Hyper-V-VmSwitch-Operational","System.UInt32[]","System.Diagnostics.Eventing.Reader.EventBookmark","Informações","Informações",,"System.Collections.ObjectModel.ReadOnlyCollection`1[System.String]","System.Collections.Generic.List`1[System.Diagnostics.Eventing.Reader.EventProperty]"
"Status change (Desativação do IPSEC) sent to Nic 790E58B4-7939-4434-9358-89AE7DDBE87F (Friendly Name: WSL (Hyper-V firewall)) on port 790E58B4-7939-4434-9358-89AE7DDBE87F (Friendly Name: Host Vnic 790E58B4-7939-4434-9358-89AE7DDBE87E) on switch 790E58B4-7939-4434-9358-89AE7DDBE87E (Friendly Name: WSL (Hyper-V firewall)). NicStatus: Desativação do IPSEC, Status: STATUS_SUCCESS","220","0",,"4","0","0","4611686018427388032","1012","Microsoft-Windows-Hyper-V-VmSwitch","67dc0d66-3695-47c0-9642-33f76f7bd7ad","Microsoft-Windows-Hyper-V-VmSwitch-Operational","2312","2600","<HOST>","S-1-5-18","27/04/2026 18:18:33",,,"Microsoft-Windows-Hyper-V-VmSwitch-Operational","System.UInt32[]","System.Diagnostics.Eventing.Reader.EventBookmark","Informações","Informações",,"System.Collections.ObjectModel.ReadOnlyCollection`1[System.String]","System.Collections.Generic.List`1[System.Diagnostics.Eventing.Reader.EventProperty]"
"ExtProtocol NetPnpEvent End

netPnpEvent: NetEventBindsComplete,
switchName: ,
switchFriendlyName: ,
delta (100 ns): 88,
Status: 0x0(NT=STATUS_SUCCESS)","0","0",,"4","0","0","0","1011","Microsoft-Windows-Hyper-V-VmSwitch","67dc0d66-3695-47c0-9642-33f76f7bd7ad","Microsoft-Windows-Hyper-V-VmSwitch-Operational","4","252","<HOST>","S-1-5-18","27/04/2026 18:18:33",,,"Microsoft-Windows-Hyper-V-VmSwitch-Operational","System.UInt32[]","System.Diagnostics.Eventing.Reader.EventBookmark","4","0","ExtProtocol NetPnpEvent End","System.Collections.ObjectModel.ReadOnlyCollection`1[System.String]","System.Collections.Generic.List`1[System.Diagnostics.Eventing.Reader.EventProperty]"
"ExtProtocol NetPnpEvent Begin

netPnpEvent: NetEventBindsComplete,
switchName: ,
switchFriendlyName: ","0","0",,"4","0","0","0","1010","Microsoft-Windows-Hyper-V-VmSwitch","67dc0d66-3695-47c0-9642-33f76f7bd7ad","Microsoft-Windows-Hyper-V-VmSwitch-Operational","4","252","<HOST>","S-1-5-18","27/04/2026 18:18:33",,,"Microsoft-Windows-Hyper-V-VmSwitch-Operational","System.UInt32[]","System.Diagnostics.Eventing.Reader.EventBookmark","4","0","ExtProtocol NetPnpEvent Begin","System.Collections.ObjectModel.ReadOnlyCollection`1[System.String]","System.Collections.Generic.List`1[System.Diagnostics.Eventing.Reader.EventProperty]"
"ExtProtocol NetPnpEvent End

netPnpEvent: NetEventPause,
switchName: 790E58B4-7939-4434-9358-89AE7DDBE87E,
switchFriendlyName: WSL (Hyper-V firewall),
delta (100 ns): 198,
Status: 0x0(NT=STATUS_SUCCESS)","0","0",,"4","0","0","0","1009","Microsoft-Windows-Hyper-V-VmSwitch","67dc0d66-3695-47c0-9642-33f76f7bd7ad","Microsoft-Windows-Hyper-V-VmSwitch-Operational","4","108","<HOST>","S-1-5-18","27/04/2026 18:18:33",,,"Microsoft-Windows-Hyper-V-VmSwitch-Operational","System.UInt32[]","System.Diagnostics.Eventing.Reader.EventBookmark","4","0","ExtProtocol NetPnpEvent End","System.Collections.ObjectModel.ReadOnlyCollection`1[System.String]","System.Collections.Generic.List`1[System.Diagnostics.Eventing.Reader.EventProperty]"
"ExtProtocol NetPnpEvent Begin

netPnpEvent: NetEventPause,
switchName: 790E58B4-7939-4434-9358-89AE7DDBE87E,
switchFriendlyName: WSL (Hyper-V firewall)","0","0",,"4","0","0","0","1008","Microsoft-Windows-Hyper-V-VmSwitch","67dc0d66-3695-47c0-9642-33f76f7bd7ad","Microsoft-Windows-Hyper-V-VmSwitch-Operational","4","108","<HOST>","S-1-5-18","27/04/2026 18:18:33",,,"Microsoft-Windows-Hyper-V-VmSwitch-Operational","System.UInt32[]","System.Diagnostics.Eventing.Reader.EventBookmark","4","0","ExtProtocol NetPnpEvent Begin","System.Collections.ObjectModel.ReadOnlyCollection`1[System.String]","System.Collections.Generic.List`1[System.Diagnostics.Eventing.Reader.EventProperty]"
"ExtProtocol NetPnpEvent End

netPnpEvent: NetEventQueryRemoveDevice,
switchName: 790E58B4-7939-4434-9358-89AE7DDBE87E,
switchFriendlyName: WSL (Hyper-V firewall),
delta (100 ns): 78,
Status: 0x0(NT=STATUS_SUCCESS)","0","0",,"4","0","0","0","1007","Microsoft-Windows-Hyper-V-VmSwitch","67dc0d66-3695-47c0-9642-33f76f7bd7ad","Microsoft-Windows-Hyper-V-VmSwitch-Operational","4","108","<HOST>","S-1-5-18","27/04/2026 18:18:33",,,"Microsoft-Windows-Hyper-V-VmSwitch-Operational","System.UInt32[]","System.Diagnostics.Eventing.Reader.EventBookmark","4","0","ExtProtocol NetPnpEvent End","System.Collections.ObjectModel.ReadOnlyCollection`1[System.String]","System.Collections.Generic.List`1[System.Diagnostics.Eventing.Reader.EventProperty]"
"ExtProtocol NetPnpEvent Begin

