netPnpEvent: NetEventBindsComplete,
switchName: ,
switchFriendlyName: ,
delta (100 ns): 72,
Status: 0x0(NT=STATUS_SUCCESS)","0","0",,"4","0","0","0","744","Microsoft-Windows-Hyper-V-VmSwitch","67dc0d66-3695-47c0-9642-33f76f7bd7ad","Microsoft-Windows-Hyper-V-VmSwitch-Operational","4","132","<HOST>","S-1-5-18","27/04/2026 17:54:26",,,"Microsoft-Windows-Hyper-V-VmSwitch-Operational","System.UInt32[]","System.Diagnostics.Eventing.Reader.EventBookmark","4","0","ExtProtocol NetPnpEvent End","System.Collections.ObjectModel.ReadOnlyCollection`1[System.String]","System.Collections.Generic.List`1[System.Diagnostics.Eventing.Reader.EventProperty]"
"ExtProtocol NetPnpEvent Begin

netPnpEvent: NetEventBindsComplete,
switchName: ,
switchFriendlyName: ","0","0",,"4","0","0","0","743","Microsoft-Windows-Hyper-V-VmSwitch","67dc0d66-3695-47c0-9642-33f76f7bd7ad","Microsoft-Windows-Hyper-V-VmSwitch-Operational","4","132","<HOST>","S-1-5-18","27/04/2026 17:54:26",,,"Microsoft-Windows-Hyper-V-VmSwitch-Operational","System.UInt32[]","System.Diagnostics.Eventing.Reader.EventBookmark","4","0","ExtProtocol NetPnpEvent Begin","System.Collections.ObjectModel.ReadOnlyCollection`1[System.String]","System.Collections.Generic.List`1[System.Diagnostics.Eventing.Reader.EventProperty]"
"ExtProtocol NetPnpEvent End

netPnpEvent: NetEventRestart,
switchName: C08CB7B8-9B3C-408E-8E30-5E16A3AEB444,
switchFriendlyName: Default Switch,
delta (100 ns): 3179,
Status: 0x0(NT=STATUS_SUCCESS)","0","0",,"4","0","0","0","742","Microsoft-Windows-Hyper-V-VmSwitch","67dc0d66-3695-47c0-9642-33f76f7bd7ad","Microsoft-Windows-Hyper-V-VmSwitch-Operational","4","484","<HOST>","S-1-5-18","27/04/2026 17:54:26",,,"Microsoft-Windows-Hyper-V-VmSwitch-Operational","System.UInt32[]","System.Diagnostics.Eventing.Reader.EventBookmark","4","0","ExtProtocol NetPnpEvent End","System.Collections.ObjectModel.ReadOnlyCollection`1[System.String]","System.Collections.Generic.List`1[System.Diagnostics.Eventing.Reader.EventProperty]"
"ExtProtocol NetPnpEvent Begin

netPnpEvent: NetEventRestart,
switchName: C08CB7B8-9B3C-408E-8E30-5E16A3AEB444,
switchFriendlyName: Default Switch","0","0",,"4","0","0","0","741","Microsoft-Windows-Hyper-V-VmSwitch","67dc0d66-3695-47c0-9642-33f76f7bd7ad","Microsoft-Windows-Hyper-V-VmSwitch-Operational","4","484","<HOST>","S-1-5-18","27/04/2026 17:54:26",,,"Microsoft-Windows-Hyper-V-VmSwitch-Operational","System.UInt32[]","System.Diagnostics.Eventing.Reader.EventBookmark","4","0","ExtProtocol NetPnpEvent Begin","System.Collections.ObjectModel.ReadOnlyCollection`1[System.String]","System.Collections.Generic.List`1[System.Diagnostics.Eventing.Reader.EventProperty]"
"ExtProtocol NetPnpEvent End

netPnpEvent: NetEventSwitchActivate,
switchName: C08CB7B8-9B3C-408E-8E30-5E16A3AEB444,
switchFriendlyName: Default Switch,
delta (100 ns): 114,
Status: 0x0(NT=STATUS_SUCCESS)","0","0",,"4","0","0","0","740","Microsoft-Windows-Hyper-V-VmSwitch","67dc0d66-3695-47c0-9642-33f76f7bd7ad","Microsoft-Windows-Hyper-V-VmSwitch-Operational","4","484","<HOST>","S-1-5-18","27/04/2026 17:54:26",,,"Microsoft-Windows-Hyper-V-VmSwitch-Operational","System.UInt32[]","System.Diagnostics.Eventing.Reader.EventBookmark","4","0","ExtProtocol NetPnpEvent End","System.Collections.ObjectModel.ReadOnlyCollection`1[System.String]","System.Collections.Generic.List`1[System.Diagnostics.Eventing.Reader.EventProperty]"
"ExtProtocol NetPnpEvent Begin

netPnpEvent: NetEventSwitchActivate,
switchName: C08CB7B8-9B3C-408E-8E30-5E16A3AEB444,
switchFriendlyName: Default Switch","0","0",,"4","0","0","0","739","Microsoft-Windows-Hyper-V-VmSwitch","67dc0d66-3695-47c0-9642-33f76f7bd7ad","Microsoft-Windows-Hyper-V-VmSwitch-Operational","4","484","<HOST>","S-1-5-18","27/04/2026 17:54:26",,,"Microsoft-Windows-Hyper-V-VmSwitch-Operational","System.UInt32[]","System.Diagnostics.Eventing.Reader.EventBookmark","4","0","ExtProtocol NetPnpEvent Begin","System.Collections.ObjectModel.ReadOnlyCollection`1[System.String]","System.Collections.Generic.List`1[System.Diagnostics.Eventing.Reader.EventProperty]"
"ExtProtocol NetPnpEvent End

netPnpEvent: NetEventBindFailed,
switchName: ,
switchFriendlyName: ,
delta (100 ns): 75,
Status: 0x0(NT=STATUS_SUCCESS)","0","0",,"4","0","0","0","738","Microsoft-Windows-Hyper-V-VmSwitch","67dc0d66-3695-47c0-9642-33f76f7bd7ad","Microsoft-Windows-Hyper-V-VmSwitch-Operational","4","440","<HOST>","S-1-5-18","27/04/2026 17:54:26",,,"Microsoft-Windows-Hyper-V-VmSwitch-Operational","System.UInt32[]","System.Diagnostics.Eventing.Reader.EventBookmark","4","0","ExtProtocol NetPnpEvent End","System.Collections.ObjectModel.ReadOnlyCollection`1[System.String]","System.Collections.Generic.List`1[System.Diagnostics.Eventing.Reader.EventProperty]"
"ExtProtocol NetPnpEvent Begin

netPnpEvent: NetEventBindFailed,
switchName: ,
switchFriendlyName: ","0","0",,"4","0","0","0","737","Microsoft-Windows-Hyper-V-VmSwitch","67dc0d66-3695-47c0-9642-33f76f7bd7ad","Microsoft-Windows-Hyper-V-VmSwitch-Operational","4","440","<HOST>","S-1-5-18","27/04/2026 17:54:26",,,"Microsoft-Windows-Hyper-V-VmSwitch-Operational","System.UInt32[]","System.Diagnostics.Eventing.Reader.EventBookmark","4","0","ExtProtocol NetPnpEvent Begin","System.Collections.ObjectModel.ReadOnlyCollection`1[System.String]","System.Collections.Generic.List`1[System.Diagnostics.Eventing.Reader.EventProperty]"
"Virtual RSS configuration update succeeded on NIC 790E58B4-7939-4434-9358-89AE7DDBE87F (Friendly Name: WSL (Hyper-V firewall)) of switch  (Friendly Name: ).","143","0",,"5","0","0","4611686018427388064","736","Microsoft-Windows-Hyper-V-VmSwitch","67dc0d66-3695-47c0-9642-33f76f7bd7ad","Microsoft-Windows-Hyper-V-VmSwitch-Operational","4","280","<HOST>","S-1-5-18","27/04/2026 17:54:25",,,"Microsoft-Windows-Hyper-V-VmSwitch-Operational","System.UInt32[]","System.Diagnostics.Eventing.Reader.EventBookmark","Modo Detalhado","Informações",,"System.Collections.ObjectModel.ReadOnlyCollection`1[System.String]","System.Collections.Generic.List`1[System.Diagnostics.Eventing.Reader.EventProperty]"
"Delete complete for Switch 790E58B4-7939-4434-9358-89AE7DDBE87E (Friendly Name: WSL (Hyper-V firewall)).","66","0",,"4","0","0","4611686018427388033","735","Microsoft-Windows-Hyper-V-VmSwitch","67dc0d66-3695-47c0-9642-33f76f7bd7ad","Microsoft-Windows-Hyper-V-VmSwitch-Operational","2552","2796","<HOST>","S-1-5-18","27/04/2026 17:54:25",,,"Microsoft-Windows-Hyper-V-VmSwitch-Operational","System.UInt32[]","System.Diagnostics.Eventing.Reader.EventBookmark","Informações","Informações",,"System.Collections.ObjectModel.ReadOnlyCollection`1[System.String]","System.Collections.Generic.List`1[System.Diagnostics.Eventing.Reader.EventProperty]"
"Status change (Nic desconectada) sent to Nic 790E58B4-7939-4434-9358-89AE7DDBE87F (Friendly Name: WSL (Hyper-V firewall)) on port 790E58B4-7939-4434-9358-89AE7DDBE87F (Friendly Name: Host Vnic 790E58B4-7939-4434-9358-89AE7DDBE87E) on switch 790E58B4-7939-4434-9358-89AE7DDBE87E (Friendly Name: WSL (Hyper-V firewall)). NicStatus: Nic desconectada, Status: STATUS_SUCCESS","220","0",,"4","0","0","4611686018427388032","734","Microsoft-Windows-Hyper-V-VmSwitch","67dc0d66-3695-47c0-9642-33f76f7bd7ad","Microsoft-Windows-Hyper-V-VmSwitch-Operational","2552","2796","<HOST>","S-1-5-18","27/04/2026 17:54:25",,,"Microsoft-Windows-Hyper-V-VmSwitch-Operational","System.UInt32[]","System.Diagnostics.Eventing.Reader.EventBookmark","Informações","Informações",,"System.Collections.ObjectModel.ReadOnlyCollection`1[System.String]","System.Collections.Generic.List`1[System.Diagnostics.Eventing.Reader.EventProperty]"
"Media disconnected on NIC 790E58B4-7939-4434-9358-89AE7DDBE87F (Friendly Name: WSL (Hyper-V firewall)).","126","0",,"4","0","0","4611686018427388033","733","Microsoft-Windows-Hyper-V-VmSwitch","67dc0d66-3695-47c0-9642-33f76f7bd7ad","Microsoft-Windows-Hyper-V-VmSwitch-Operational","2552","2796","<HOST>","S-1-5-18","27/04/2026 17:54:25",,,"Microsoft-Windows-Hyper-V-VmSwitch-Operational","System.UInt32[]","System.Diagnostics.Eventing.Reader.EventBookmark","Informações","Informações",,"System.Collections.ObjectModel.ReadOnlyCollection`1[System.String]","System.Collections.Generic.List`1[System.Diagnostics.Eventing.Reader.EventProperty]"
"Status change (Desativação do IPSEC) sent to Nic 790E58B4-7939-4434-9358-89AE7DDBE87F (Friendly Name: WSL (Hyper-V firewall)) on port 790E58B4-7939-4434-9358-89AE7DDBE87F (Friendly Name: Host Vnic 790E58B4-7939-4434-9358-89AE7DDBE87E) on switch 790E58B4-7939-4434-9358-89AE7DDBE87E (Friendly Name: WSL (Hyper-V firewall)). NicStatus: Desativação do IPSEC, Status: STATUS_SUCCESS","220","0",,"4","0","0","4611686018427388032","732","Microsoft-Windows-Hyper-V-VmSwitch","67dc0d66-3695-47c0-9642-33f76f7bd7ad","Microsoft-Windows-Hyper-V-VmSwitch-Operational","2552","2796","<HOST>","S-1-5-18","27/04/2026 17:54:25",,,"Microsoft-Windows-Hyper-V-VmSwitch-Operational","System.UInt32[]","System.Diagnostics.Eventing.Reader.EventBookmark","Informações","Informações",,"System.Collections.ObjectModel.ReadOnlyCollection`1[System.String]","System.Collections.Generic.List`1[System.Diagnostics.Eventing.Reader.EventProperty]"
"ExtProtocol NetPnpEvent End

netPnpEvent: NetEventBindsComplete,
switchName: ,
switchFriendlyName: ,
delta (100 ns): 89,
Status: 0x0(NT=STATUS_SUCCESS)","0","0",,"4","0","0","0","731","Microsoft-Windows-Hyper-V-VmSwitch","67dc0d66-3695-47c0-9642-33f76f7bd7ad","Microsoft-Windows-Hyper-V-VmSwitch-Operational","4","132","<HOST>","S-1-5-18","27/04/2026 17:54:25",,,"Microsoft-Windows-Hyper-V-VmSwitch-Operational","System.UInt32[]","System.Diagnostics.Eventing.Reader.EventBookmark","4","0","ExtProtocol NetPnpEvent End","System.Collections.ObjectModel.ReadOnlyCollection`1[System.String]","System.Collections.Generic.List`1[System.Diagnostics.Eventing.Reader.EventProperty]"
"ExtProtocol NetPnpEvent Begin

netPnpEvent: NetEventBindsComplete,
switchName: ,
switchFriendlyName: ","0","0",,"4","0","0","0","730","Microsoft-Windows-Hyper-V-VmSwitch","67dc0d66-3695-47c0-9642-33f76f7bd7ad","Microsoft-Windows-Hyper-V-VmSwitch-Operational","4","132","<HOST>","S-1-5-18","27/04/2026 17:54:25",,,"Microsoft-Windows-Hyper-V-VmSwitch-Operational","System.UInt32[]","System.Diagnostics.Eventing.Reader.EventBookmark","4","0","ExtProtocol NetPnpEvent Begin","System.Collections.ObjectModel.ReadOnlyCollection`1[System.String]","System.Collections.Generic.List`1[System.Diagnostics.Eventing.Reader.EventProperty]"
"ExtProtocol NetPnpEvent End

netPnpEvent: NetEventPause,
switchName: 790E58B4-7939-4434-9358-89AE7DDBE87E,
switchFriendlyName: WSL (Hyper-V firewall),
delta (100 ns): 187,
Status: 0x0(NT=STATUS_SUCCESS)","0","0",,"4","0","0","0","729","Microsoft-Windows-Hyper-V-VmSwitch","67dc0d66-3695-47c0-9642-33f76f7bd7ad","Microsoft-Windows-Hyper-V-VmSwitch-Operational","4","484","<HOST>","S-1-5-18","27/04/2026 17:54:25",,,"Microsoft-Windows-Hyper-V-VmSwitch-Operational","System.UInt32[]","System.Diagnostics.Eventing.Reader.EventBookmark","4","0","ExtProtocol NetPnpEvent End","System.Collections.ObjectModel.ReadOnlyCollection`1[System.String]","System.Collections.Generic.List`1[System.Diagnostics.Eventing.Reader.EventProperty]"
"ExtProtocol NetPnpEvent Begin

netPnpEvent: NetEventPause,
switchName: 790E58B4-7939-4434-9358-89AE7DDBE87E,
switchFriendlyName: WSL (Hyper-V firewall)","0","0",,"4","0","0","0","728","Microsoft-Windows-Hyper-V-VmSwitch","67dc0d66-3695-47c0-9642-33f76f7bd7ad","Microsoft-Windows-Hyper-V-VmSwitch-Operational","4","484","<HOST>","S-1-5-18","27/04/2026 17:54:25",,,"Microsoft-Windows-Hyper-V-VmSwitch-Operational","System.UInt32[]","System.Diagnostics.Eventing.Reader.EventBookmark","4","0","ExtProtocol NetPnpEvent Begin","System.Collections.ObjectModel.ReadOnlyCollection`1[System.String]","System.Collections.Generic.List`1[System.Diagnostics.Eventing.Reader.EventProperty]"
"ExtProtocol NetPnpEvent End

netPnpEvent: NetEventQueryRemoveDevice,
switchName: 790E58B4-7939-4434-9358-89AE7DDBE87E,
switchFriendlyName: WSL (Hyper-V firewall),
delta (100 ns): 70,
Status: 0x0(NT=STATUS_SUCCESS)","0","0",,"4","0","0","0","727","Microsoft-Windows-Hyper-V-VmSwitch","67dc0d66-3695-47c0-9642-33f76f7bd7ad","Microsoft-Windows-Hyper-V-VmSwitch-Operational","4","484","<HOST>","S-1-5-18","27/04/2026 17:54:25",,,"Microsoft-Windows-Hyper-V-VmSwitch-Operational","System.UInt32[]","System.Diagnostics.Eventing.Reader.EventBookmark","4","0","ExtProtocol NetPnpEvent End","System.Collections.ObjectModel.ReadOnlyCollection`1[System.String]","System.Collections.Generic.List`1[System.Diagnostics.Eventing.Reader.EventProperty]"
"ExtProtocol NetPnpEvent Begin

netPnpEvent: NetEventQueryRemoveDevice,
switchName: 790E58B4-7939-4434-9358-89AE7DDBE87E,
switchFriendlyName: WSL (Hyper-V firewall)","0","0",,"4","0","0","0","726","Microsoft-Windows-Hyper-V-VmSwitch","67dc0d66-3695-47c0-9642-33f76f7bd7ad","Microsoft-Windows-Hyper-V-VmSwitch-Operational","4","484","<HOST>","S-1-5-18","27/04/2026 17:54:25",,,"Microsoft-Windows-Hyper-V-VmSwitch-Operational","System.UInt32[]","System.Diagnostics.Eventing.Reader.EventBookmark","4","0","ExtProtocol NetPnpEvent Begin","System.Collections.ObjectModel.ReadOnlyCollection`1[System.String]","System.Collections.Generic.List`1[System.Diagnostics.Eventing.Reader.EventProperty]"
"Virtual RSS configuration update succeeded on NIC C08CB7B8-9B3C-408E-8E30-5E16A3AEB445 (Friendly Name: Default Switch) of switch  (Friendly Name: ).","143","0",,"5","0","0","4611686018427388064","725","Microsoft-Windows-Hyper-V-VmSwitch","67dc0d66-3695-47c0-9642-33f76f7bd7ad","Microsoft-Windows-Hyper-V-VmSwitch-Operational","4","108","<HOST>","S-1-5-18","27/04/2026 17:54:22",,,"Microsoft-Windows-Hyper-V-VmSwitch-Operational","System.UInt32[]","System.Diagnostics.Eventing.Reader.EventBookmark","Modo Detalhado","Informações",,"System.Collections.ObjectModel.ReadOnlyCollection`1[System.String]","System.Collections.Generic.List`1[System.Diagnostics.Eventing.Reader.EventProperty]"
"Delete complete for Switch C08CB7B8-9B3C-408E-8E30-5E16A3AEB444 (Friendly Name: Default Switch).","66","0",,"4","0","0","4611686018427388033","724","Microsoft-Windows-Hyper-V-VmSwitch","67dc0d66-3695-47c0-9642-33f76f7bd7ad","Microsoft-Windows-Hyper-V-VmSwitch-Operational","2552","2796","<HOST>","S-1-5-18","27/04/2026 17:54:22",,,"Microsoft-Windows-Hyper-V-VmSwitch-Operational","System.UInt32[]","System.Diagnostics.Eventing.Reader.EventBookmark","Informações","Informações",,"System.Collections.ObjectModel.ReadOnlyCollection`1[System.String]","System.Collections.Generic.List`1[System.Diagnostics.Eventing.Reader.EventProperty]"
"Status change (Nic desconectada) sent to Nic C08CB7B8-9B3C-408E-8E30-5E16A3AEB445 (Friendly Name: Default Switch) on port C08CB7B8-9B3C-408E-8E30-5E16A3AEB445 (Friendly Name: Host Vnic C08CB7B8-9B3C-408E-8E30-5E16A3AEB444) on switch C08CB7B8-9B3C-408E-8E30-5E16A3AEB444 (Friendly Name: Default Switch). NicStatus: Nic desconectada, Status: STATUS_SUCCESS","220","0",,"4","0","0","4611686018427388032","723","Microsoft-Windows-Hyper-V-VmSwitch","67dc0d66-3695-47c0-9642-33f76f7bd7ad","Microsoft-Windows-Hyper-V-VmSwitch-Operational","2552","2796","<HOST>","S-1-5-18","27/04/2026 17:54:22",,,"Microsoft-Windows-Hyper-V-VmSwitch-Operational","System.UInt32[]","System.Diagnostics.Eventing.Reader.EventBookmark","Informações","Informações",,"System.Collections.ObjectModel.ReadOnlyCollection`1[System.String]","System.Collections.Generic.List`1[System.Diagnostics.Eventing.Reader.EventProperty]"
"Media disconnected on NIC C08CB7B8-9B3C-408E-8E30-5E16A3AEB445 (Friendly Name: Default Switch).","126","0",,"4","0","0","4611686018427388033","722","Microsoft-Windows-Hyper-V-VmSwitch","67dc0d66-3695-47c0-9642-33f76f7bd7ad","Microsoft-Windows-Hyper-V-VmSwitch-Operational","2552","2796","<HOST>","S-1-5-18","27/04/2026 17:54:22",,,"Microsoft-Windows-Hyper-V-VmSwitch-Operational","System.UInt32[]","System.Diagnostics.Eventing.Reader.EventBookmark","Informações","Informações",,"System.Collections.ObjectModel.ReadOnlyCollection`1[System.String]","System.Collections.Generic.List`1[System.Diagnostics.Eventing.Reader.EventProperty]"
"Status change (Desativação do IPSEC) sent to Nic C08CB7B8-9B3C-408E-8E30-5E16A3AEB445 (Friendly Name: Default Switch) on port C08CB7B8-9B3C-408E-8E30-5E16A3AEB445 (Friendly Name: Host Vnic C08CB7B8-9B3C-408E-8E30-5E16A3AEB444) on switch C08CB7B8-9B3C-408E-8E30-5E16A3AEB444 (Friendly Name: Default Switch). NicStatus: Desativação do IPSEC, Status: STATUS_SUCCESS","220","0",,"4","0","0","4611686018427388032","721","Microsoft-Windows-Hyper-V-VmSwitch","67dc0d66-3695-47c0-9642-33f76f7bd7ad","Microsoft-Windows-Hyper-V-VmSwitch-Operational","2552","2796","<HOST>","S-1-5-18","27/04/2026 17:54:22",,,"Microsoft-Windows-Hyper-V-VmSwitch-Operational","System.UInt32[]","System.Diagnostics.Eventing.Reader.EventBookmark","Informações","Informações",,"System.Collections.ObjectModel.ReadOnlyCollection`1[System.String]","System.Collections.Generic.List`1[System.Diagnostics.Eventing.Reader.EventProperty]"
"ExtProtocol NetPnpEvent End

netPnpEvent: NetEventBindsComplete,
switchName: ,
switchFriendlyName: ,
delta (100 ns): 82,
Status: 0x0(NT=STATUS_SUCCESS)","0","0",,"4","0","0","0","720","Microsoft-Windows-Hyper-V-VmSwitch","67dc0d66-3695-47c0-9642-33f76f7bd7ad","Microsoft-Windows-Hyper-V-VmSwitch-Operational","4","440","<HOST>","S-1-5-18","27/04/2026 17:54:15",,,"Microsoft-Windows-Hyper-V-VmSwitch-Operational","System.UInt32[]","System.Diagnostics.Eventing.Reader.EventBookmark","4","0","ExtProtocol NetPnpEvent End","System.Collections.ObjectModel.ReadOnlyCollection`1[System.String]","System.Collections.Generic.List`1[System.Diagnostics.Eventing.Reader.EventProperty]"
"ExtProtocol NetPnpEvent Begin

netPnpEvent: NetEventBindsComplete,
switchName: ,
switchFriendlyName: ","0","0",,"4","0","0","0","719","Microsoft-Windows-Hyper-V-VmSwitch","67dc0d66-3695-47c0-9642-33f76f7bd7ad","Microsoft-Windows-Hyper-V-VmSwitch-Operational","4","440","<HOST>","S-1-5-18","27/04/2026 17:54:15",,,"Microsoft-Windows-Hyper-V-VmSwitch-Operational","System.UInt32[]","System.Diagnostics.Eventing.Reader.EventBookmark","4","0","ExtProtocol NetPnpEvent Begin","System.Collections.ObjectModel.ReadOnlyCollection`1[System.String]","System.Collections.Generic.List`1[System.Diagnostics.Eventing.Reader.EventProperty]"
"ExtProtocol NetPnpEvent End

netPnpEvent: NetEventPause,
switchName: C08CB7B8-9B3C-408E-8E30-5E16A3AEB444,
switchFriendlyName: Default Switch,
delta (100 ns): 190,
Status: 0x0(NT=STATUS_SUCCESS)","0","0",,"4","0","0","0","718","Microsoft-Windows-Hyper-V-VmSwitch","67dc0d66-3695-47c0-9642-33f76f7bd7ad","Microsoft-Windows-Hyper-V-VmSwitch-Operational","4","132","<HOST>","S-1-5-18","27/04/2026 17:54:15",,,"Microsoft-Windows-Hyper-V-VmSwitch-Operational","System.UInt32[]","System.Diagnostics.Eventing.Reader.EventBookmark","4","0","ExtProtocol NetPnpEvent End","System.Collections.ObjectModel.ReadOnlyCollection`1[System.String]","System.Collections.Generic.List`1[System.Diagnostics.Eventing.Reader.EventProperty]"
"ExtProtocol NetPnpEvent Begin

netPnpEvent: NetEventPause,
switchName: C08CB7B8-9B3C-408E-8E30-5E16A3AEB444,
switchFriendlyName: Default Switch","0","0",,"4","0","0","0","717","Microsoft-Windows-Hyper-V-VmSwitch","67dc0d66-3695-47c0-9642-33f76f7bd7ad","Microsoft-Windows-Hyper-V-VmSwitch-Operational","4","132","<HOST>","S-1-5-18","27/04/2026 17:54:15",,,"Microsoft-Windows-Hyper-V-VmSwitch-Operational","System.UInt32[]","System.Diagnostics.Eventing.Reader.EventBookmark","4","0","ExtProtocol NetPnpEvent Begin","System.Collections.ObjectModel.ReadOnlyCollection`1[System.String]","System.Collections.Generic.List`1[System.Diagnostics.Eventing.Reader.EventProperty]"
"ExtProtocol NetPnpEvent End

netPnpEvent: NetEventQueryRemoveDevice,
switchName: C08CB7B8-9B3C-408E-8E30-5E16A3AEB444,
switchFriendlyName: Default Switch,
delta (100 ns): 75,
Status: 0x0(NT=STATUS_SUCCESS)","0","0",,"4","0","0","0","716","Microsoft-Windows-Hyper-V-VmSwitch","67dc0d66-3695-47c0-9642-33f76f7bd7ad","Microsoft-Windows-Hyper-V-VmSwitch-Operational","4","132","<HOST>","S-1-5-18","27/04/2026 17:54:15",,,"Microsoft-Windows-Hyper-V-VmSwitch-Operational","System.UInt32[]","System.Diagnostics.Eventing.Reader.EventBookmark","4","0","ExtProtocol NetPnpEvent End","System.Collections.ObjectModel.ReadOnlyCollection`1[System.String]","System.Collections.Generic.List`1[System.Diagnostics.Eventing.Reader.EventProperty]"
"ExtProtocol NetPnpEvent Begin

netPnpEvent: NetEventQueryRemoveDevice,
switchName: C08CB7B8-9B3C-408E-8E30-5E16A3AEB444,
switchFriendlyName: Default Switch","0","0",,"4","0","0","0","715","Microsoft-Windows-Hyper-V-VmSwitch","67dc0d66-3695-47c0-9642-33f76f7bd7ad","Microsoft-Windows-Hyper-V-VmSwitch-Operational","4","132","<HOST>","S-1-5-18","27/04/2026 17:54:15",,,"Microsoft-Windows-Hyper-V-VmSwitch-Operational","System.UInt32[]","System.Diagnostics.Eventing.Reader.EventBookmark","4","0","ExtProtocol NetPnpEvent Begin","System.Collections.ObjectModel.ReadOnlyCollection`1[System.String]","System.Collections.Generic.List`1[System.Diagnostics.Eventing.Reader.EventProperty]"
"ExtProtocol NetPnpEvent End

netPnpEvent: NetEventBindsComplete,
switchName: ,
switchFriendlyName: ,
delta (100 ns): 32,
Status: 0x0(NT=STATUS_SUCCESS)","0","0",,"4","0","0","0","714","Microsoft-Windows-Hyper-V-VmSwitch","67dc0d66-3695-47c0-9642-33f76f7bd7ad","Microsoft-Windows-Hyper-V-VmSwitch-Operational","4","252","<HOST>","S-1-5-18","27/04/2026 17:54:10",,,"Microsoft-Windows-Hyper-V-VmSwitch-Operational","System.UInt32[]","System.Diagnostics.Eventing.Reader.EventBookmark","4","0","ExtProtocol NetPnpEvent End","System.Collections.ObjectModel.ReadOnlyCollection`1[System.String]","System.Collections.Generic.List`1[System.Diagnostics.Eventing.Reader.EventProperty]"
"ExtProtocol NetPnpEvent Begin

netPnpEvent: NetEventBindsComplete,
switchName: ,
switchFriendlyName: ","0","0",,"4","0","0","0","713","Microsoft-Windows-Hyper-V-VmSwitch","67dc0d66-3695-47c0-9642-33f76f7bd7ad","Microsoft-Windows-Hyper-V-VmSwitch-Operational","4","252","<HOST>","S-1-5-18","27/04/2026 17:54:10",,,"Microsoft-Windows-Hyper-V-VmSwitch-Operational","System.UInt32[]","System.Diagnostics.Eventing.Reader.EventBookmark","4","0","ExtProtocol NetPnpEvent Begin","System.Collections.ObjectModel.ReadOnlyCollection`1[System.String]","System.Collections.Generic.List`1[System.Diagnostics.Eventing.Reader.EventProperty]"
"ExtProtocol NetPnpEvent End

netPnpEvent: NetEventRestart,
switchName: 790E58B4-7939-4434-9358-89AE7DDBE87E,
switchFriendlyName: WSL (Hyper-V firewall),
delta (100 ns): 546,
Status: 0x0(NT=STATUS_SUCCESS)","0","0",,"4","0","0","0","712","Microsoft-Windows-Hyper-V-VmSwitch","67dc0d66-3695-47c0-9642-33f76f7bd7ad","Microsoft-Windows-Hyper-V-VmSwitch-Operational","4","108","<HOST>","S-1-5-18","27/04/2026 17:54:10",,,"Microsoft-Windows-Hyper-V-VmSwitch-Operational","System.UInt32[]","System.Diagnostics.Eventing.Reader.EventBookmark","4","0","ExtProtocol NetPnpEvent End","System.Collections.ObjectModel.ReadOnlyCollection`1[System.String]","System.Collections.Generic.List`1[System.Diagnostics.Eventing.Reader.EventProperty]"
"ExtProtocol NetPnpEvent Begin

netPnpEvent: NetEventRestart,
switchName: 790E58B4-7939-4434-9358-89AE7DDBE87E,
switchFriendlyName: WSL (Hyper-V firewall)","0","0",,"4","0","0","0","711","Microsoft-Windows-Hyper-V-VmSwitch","67dc0d66-3695-47c0-9642-33f76f7bd7ad","Microsoft-Windows-Hyper-V-VmSwitch-Operational","4","108","<HOST>","S-1-5-18","27/04/2026 17:54:10",,,"Microsoft-Windows-Hyper-V-VmSwitch-Operational","System.UInt32[]","System.Diagnostics.Eventing.Reader.EventBookmark","4","0","ExtProtocol NetPnpEvent Begin","System.Collections.ObjectModel.ReadOnlyCollection`1[System.String]","System.Collections.Generic.List`1[System.Diagnostics.Eventing.Reader.EventProperty]"
"ExtProtocol NetPnpEvent End

netPnpEvent: NetEventBindsComplete,
switchName: ,
switchFriendlyName: ,
delta (100 ns): 78,
Status: 0x0(NT=STATUS_SUCCESS)","0","0",,"4","0","0","0","710","Microsoft-Windows-Hyper-V-VmSwitch","67dc0d66-3695-47c0-9642-33f76f7bd7ad","Microsoft-Windows-Hyper-V-VmSwitch-Operational","4","252","<HOST>","S-1-5-18","27/04/2026 17:54:10",,,"Microsoft-Windows-Hyper-V-VmSwitch-Operational","System.UInt32[]","System.Diagnostics.Eventing.Reader.EventBookmark","4","0","ExtProtocol NetPnpEvent End","System.Collections.ObjectModel.ReadOnlyCollection`1[System.String]","System.Collections.Generic.List`1[System.Diagnostics.Eventing.Reader.EventProperty]"
"ExtProtocol NetPnpEvent Begin

netPnpEvent: NetEventBindsComplete,
switchName: ,
switchFriendlyName: ","0","0",,"4","0","0","0","709","Microsoft-Windows-Hyper-V-VmSwitch","67dc0d66-3695-47c0-9642-33f76f7bd7ad","Microsoft-Windows-Hyper-V-VmSwitch-Operational","4","252","<HOST>","S-1-5-18","27/04/2026 17:54:10",,,"Microsoft-Windows-Hyper-V-VmSwitch-Operational","System.UInt32[]","System.Diagnostics.Eventing.Reader.EventBookmark","4","0","ExtProtocol NetPnpEvent Begin","System.Collections.ObjectModel.ReadOnlyCollection`1[System.String]","System.Collections.Generic.List`1[System.Diagnostics.Eventing.Reader.EventProperty]"
"ExtProtocol NetPnpEvent End

netPnpEvent: NetEventSwitchActivate,
switchName: 790E58B4-7939-4434-9358-89AE7DDBE87E,
switchFriendlyName: WSL (Hyper-V firewall),
delta (100 ns): 118,
Status: 0x0(NT=STATUS_SUCCESS)","0","0",,"4","0","0","0","708","Microsoft-Windows-Hyper-V-VmSwitch","67dc0d66-3695-47c0-9642-33f76f7bd7ad","Microsoft-Windows-Hyper-V-VmSwitch-Operational","4","108","<HOST>","S-1-5-18","27/04/2026 17:54:10",,,"Microsoft-Windows-Hyper-V-VmSwitch-Operational","System.UInt32[]","System.Diagnostics.Eventing.Reader.EventBookmark","4","0","ExtProtocol NetPnpEvent End","System.Collections.ObjectModel.ReadOnlyCollection`1[System.String]","System.Collections.Generic.List`1[System.Diagnostics.Eventing.Reader.EventProperty]"
"ExtProtocol NetPnpEvent Begin

netPnpEvent: NetEventSwitchActivate,
switchName: 790E58B4-7939-4434-9358-89AE7DDBE87E,
switchFriendlyName: WSL (Hyper-V firewall)","0","0",,"4","0","0","0","707","Microsoft-Windows-Hyper-V-VmSwitch","67dc0d66-3695-47c0-9642-33f76f7bd7ad","Microsoft-Windows-Hyper-V-VmSwitch-Operational","4","108","<HOST>","S-1-5-18","27/04/2026 17:54:10",,,"Microsoft-Windows-Hyper-V-VmSwitch-Operational","System.UInt32[]","System.Diagnostics.Eventing.Reader.EventBookmark","4","0","ExtProtocol NetPnpEvent Begin","System.Collections.ObjectModel.ReadOnlyCollection`1[System.String]","System.Collections.Generic.List`1[System.Diagnostics.Eventing.Reader.EventProperty]"
"ExtProtocol NetPnpEvent End

netPnpEvent: NetEventRestart,
switchName: C08CB7B8-9B3C-408E-8E30-5E16A3AEB444,
switchFriendlyName: Default Switch,
delta (100 ns): 307,
Status: 0x0(NT=STATUS_SUCCESS)","0","0",,"4","0","0","0","706","Microsoft-Windows-Hyper-V-VmSwitch","67dc0d66-3695-47c0-9642-33f76f7bd7ad","Microsoft-Windows-Hyper-V-VmSwitch-Operational","4","376","<HOST>","S-1-5-18","27/04/2026 17:54:10",,,"Microsoft-Windows-Hyper-V-VmSwitch-Operational","System.UInt32[]","System.Diagnostics.Eventing.Reader.EventBookmark","4","0","ExtProtocol NetPnpEvent End","System.Collections.ObjectModel.ReadOnlyCollection`1[System.String]","System.Collections.Generic.List`1[System.Diagnostics.Eventing.Reader.EventProperty]"
"ExtProtocol NetPnpEvent Begin

netPnpEvent: NetEventRestart,
switchName: C08CB7B8-9B3C-408E-8E30-5E16A3AEB444,
switchFriendlyName: Default Switch","0","0",,"4","0","0","0","705","Microsoft-Windows-Hyper-V-VmSwitch","67dc0d66-3695-47c0-9642-33f76f7bd7ad","Microsoft-Windows-Hyper-V-VmSwitch-Operational","4","376","<HOST>","S-1-5-18","27/04/2026 17:54:10",,,"Microsoft-Windows-Hyper-V-VmSwitch-Operational","System.UInt32[]","System.Diagnostics.Eventing.Reader.EventBookmark","4","0","ExtProtocol NetPnpEvent Begin","System.Collections.ObjectModel.ReadOnlyCollection`1[System.String]","System.Collections.Generic.List`1[System.Diagnostics.Eventing.Reader.EventProperty]"
"ExtProtocol NetPnpEvent End

netPnpEvent: NetEventSwitchActivate,
switchName: C08CB7B8-9B3C-408E-8E30-5E16A3AEB444,
switchFriendlyName: Default Switch,
delta (100 ns): 100,
Status: 0x0(NT=STATUS_SUCCESS)","0","0",,"4","0","0","0","704","Microsoft-Windows-Hyper-V-VmSwitch","67dc0d66-3695-47c0-9642-33f76f7bd7ad","Microsoft-Windows-Hyper-V-VmSwitch-Operational","4","376","<HOST>","S-1-5-18","27/04/2026 17:54:10",,,"Microsoft-Windows-Hyper-V-VmSwitch-Operational","System.UInt32[]","System.Diagnostics.Eventing.Reader.EventBookmark","4","0","ExtProtocol NetPnpEvent End","System.Collections.ObjectModel.ReadOnlyCollection`1[System.String]","System.Collections.Generic.List`1[System.Diagnostics.Eventing.Reader.EventProperty]"
"ExtProtocol NetPnpEvent Begin

netPnpEvent: NetEventSwitchActivate,
switchName: C08CB7B8-9B3C-408E-8E30-5E16A3AEB444,
switchFriendlyName: Default Switch","0","0",,"4","0","0","0","703","Microsoft-Windows-Hyper-V-VmSwitch","67dc0d66-3695-47c0-9642-33f76f7bd7ad","Microsoft-Windows-Hyper-V-VmSwitch-Operational","4","376","<HOST>","S-1-5-18","27/04/2026 17:54:10",,,"Microsoft-Windows-Hyper-V-VmSwitch-Operational","System.UInt32[]","System.Diagnostics.Eventing.Reader.EventBookmark","4","0","ExtProtocol NetPnpEvent Begin","System.Collections.ObjectModel.ReadOnlyCollection`1[System.String]","System.Collections.Generic.List`1[System.Diagnostics.Eventing.Reader.EventProperty]"
"ExtProtocol NetPnpEvent End

netPnpEvent: NetEventBindsComplete,
switchName: ,
switchFriendlyName: ,
delta (100 ns): 39,
Status: 0x0(NT=STATUS_SUCCESS)","0","0",,"4","0","0","0","702","Microsoft-Windows-Hyper-V-VmSwitch","67dc0d66-3695-47c0-9642-33f76f7bd7ad","Microsoft-Windows-Hyper-V-VmSwitch-Operational","4","484","<HOST>","S-1-5-18","27/04/2026 17:54:09",,,"Microsoft-Windows-Hyper-V-VmSwitch-Operational","System.UInt32[]","System.Diagnostics.Eventing.Reader.EventBookmark","4","0","ExtProtocol NetPnpEvent End","System.Collections.ObjectModel.ReadOnlyCollection`1[System.String]","System.Collections.Generic.List`1[System.Diagnostics.Eventing.Reader.EventProperty]"
"ProtocolNic NetPnpEvent End

netPnpEvent: NetEventBindsComplete,
nicName: ,
nicFriendlyName: ,
switchName: ,
switchFriendlyName: ,
delta (100 ns): 33,
Status: 0x0(NT=STATUS_SUCCESS)","0","0",,"4","0","0","0","701","Microsoft-Windows-Hyper-V-VmSwitch","67dc0d66-3695-47c0-9642-33f76f7bd7ad","Microsoft-Windows-Hyper-V-VmSwitch-Operational","4","108","<HOST>","S-1-5-18","27/04/2026 17:54:09",,,"Microsoft-Windows-Hyper-V-VmSwitch-Operational","System.UInt32[]","System.Diagnostics.Eventing.Reader.EventBookmark","4","0","ProtocolNic NetPnpEvent End","System.Collections.ObjectModel.ReadOnlyCollection`1[System.String]","System.Collections.Generic.List`1[System.Diagnostics.Eventing.Reader.EventProperty]"
"ExtProtocol NetPnpEvent Begin

netPnpEvent: NetEventBindsComplete,
switchName: ,
switchFriendlyName: ","0","0",,"4","0","0","0","700","Microsoft-Windows-Hyper-V-VmSwitch","67dc0d66-3695-47c0-9642-33f76f7bd7ad","Microsoft-Windows-Hyper-V-VmSwitch-Operational","4","484","<HOST>","S-1-5-18","27/04/2026 17:54:09",,,"Microsoft-Windows-Hyper-V-VmSwitch-Operational","System.UInt32[]","System.Diagnostics.Eventing.Reader.EventBookmark","4","0","ExtProtocol NetPnpEvent Begin","System.Collections.ObjectModel.ReadOnlyCollection`1[System.String]","System.Collections.Generic.List`1[System.Diagnostics.Eventing.Reader.EventProperty]"
"ProtocolNic NetPnpEvent Begin

netPnpEvent: NetEventBindsComplete,
nicName: ,
nicFriendlyName: ,
switchName: ,
switchFriendlyName: ","0","0",,"4","0","0","0","699","Microsoft-Windows-Hyper-V-VmSwitch","67dc0d66-3695-47c0-9642-33f76f7bd7ad","Microsoft-Windows-Hyper-V-VmSwitch-Operational","4","108","<HOST>","S-1-5-18","27/04/2026 17:54:09",,,"Microsoft-Windows-Hyper-V-VmSwitch-Operational","System.UInt32[]","System.Diagnostics.Eventing.Reader.EventBookmark","4","0","ProtocolNic NetPnpEvent Begin","System.Collections.ObjectModel.ReadOnlyCollection`1[System.String]","System.Collections.Generic.List`1[System.Diagnostics.Eventing.Reader.EventProperty]"
"Virtual RSS configuration update succeeded on NIC C08CB7B8-9B3C-408E-8E30-5E16A3AEB445 (Friendly Name: Default Switch) of switch C08CB7B8-9B3C-408E-8E30-5E16A3AEB444 (Friendly Name: Default Switch).","143","0",,"5","0","0","4611686018427388064","698","Microsoft-Windows-Hyper-V-VmSwitch","67dc0d66-3695-47c0-9642-33f76f7bd7ad","Microsoft-Windows-Hyper-V-VmSwitch-Operational","4","272","<HOST>","S-1-5-18","27/04/2026 17:54:09",,,"Microsoft-Windows-Hyper-V-VmSwitch-Operational","System.UInt32[]","System.Diagnostics.Eventing.Reader.EventBookmark","Modo Detalhado","Informações",,"System.Collections.ObjectModel.ReadOnlyCollection`1[System.String]","System.Collections.Generic.List`1[System.Diagnostics.Eventing.Reader.EventProperty]"
"Status change (Alteração de Isolamento) sent to Nic C08CB7B8-9B3C-408E-8E30-5E16A3AEB445 (Friendly Name: Default Switch) on port C08CB7B8-9B3C-408E-8E30-5E16A3AEB445 (Friendly Name: Host Vnic C08CB7B8-9B3C-408E-8E30-5E16A3AEB444) on switch C08CB7B8-9B3C-408E-8E30-5E16A3AEB444 (Friendly Name: Default Switch). NicStatus: Alteração de Isolamento, Status: STATUS_SUCCESS","220","0",,"4","0","0","4611686018427388032","697","Microsoft-Windows-Hyper-V-VmSwitch","67dc0d66-3695-47c0-9642-33f76f7bd7ad","Microsoft-Windows-Hyper-V-VmSwitch-Operational","4","96","<HOST>",,"27/04/2026 17:54:09",,,"Microsoft-Windows-Hyper-V-VmSwitch-Operational","System.UInt32[]","System.Diagnostics.Eventing.Reader.EventBookmark","Informações","Informações",,"System.Collections.ObjectModel.ReadOnlyCollection`1[System.String]","System.Collections.Generic.List`1[System.Diagnostics.Eventing.Reader.EventProperty]"
"Status change (Mudança de descarregamento) sent to Nic C08CB7B8-9B3C-408E-8E30-5E16A3AEB445 (Friendly Name: Default Switch) on port C08CB7B8-9B3C-408E-8E30-5E16A3AEB445 (Friendly Name: Host Vnic C08CB7B8-9B3C-408E-8E30-5E16A3AEB444) on switch C08CB7B8-9B3C-408E-8E30-5E16A3AEB444 (Friendly Name: Default Switch). NicStatus: Mudança de descarregamento, Status: STATUS_SUCCESS","220","0",,"4","0","0","4611686018427388032","696","Microsoft-Windows-Hyper-V-VmSwitch","67dc0d66-3695-47c0-9642-33f76f7bd7ad","Microsoft-Windows-Hyper-V-VmSwitch-Operational","4","96","<HOST>",,"27/04/2026 17:54:09",,,"Microsoft-Windows-Hyper-V-VmSwitch-Operational","System.UInt32[]","System.Diagnostics.Eventing.Reader.EventBookmark","Informações","Informações",,"System.Collections.ObjectModel.ReadOnlyCollection`1[System.String]","System.Collections.Generic.List`1[System.Diagnostics.Eventing.Reader.EventProperty]"
"NIC C08CB7B8-9B3C-408E-8E30-5E16A3AEB445 (Friendly Name: Default Switch) restarted.","124","0",,"4","0","0","4611686018427388033","695","Microsoft-Windows-Hyper-V-VmSwitch","67dc0d66-3695-47c0-9642-33f76f7bd7ad","Microsoft-Windows-Hyper-V-VmSwitch-Operational","4","96","<HOST>","S-1-5-18","27/04/2026 17:54:09",,,"Microsoft-Windows-Hyper-V-VmSwitch-Operational","System.UInt32[]","System.Diagnostics.Eventing.Reader.EventBookmark","Informações","Informações",,"System.Collections.ObjectModel.ReadOnlyCollection`1[System.String]","System.Collections.Generic.List`1[System.Diagnostics.Eventing.Reader.EventProperty]"
"Status change (Mudança de descarregamento) sent to Nic C08CB7B8-9B3C-408E-8E30-5E16A3AEB445 (Friendly Name: Default Switch) on port C08CB7B8-9B3C-408E-8E30-5E16A3AEB445 (Friendly Name: Host Vnic C08CB7B8-9B3C-408E-8E30-5E16A3AEB444) on switch C08CB7B8-9B3C-408E-8E30-5E16A3AEB444 (Friendly Name: Default Switch). NicStatus: Mudança de descarregamento, Status: STATUS_SUCCESS","220","0",,"4","0","0","4611686018427388032","694","Microsoft-Windows-Hyper-V-VmSwitch","67dc0d66-3695-47c0-9642-33f76f7bd7ad","Microsoft-Windows-Hyper-V-VmSwitch-Operational","4","272","<HOST>","S-1-5-18","27/04/2026 17:54:09",,,"Microsoft-Windows-Hyper-V-VmSwitch-Operational","System.UInt32[]","System.Diagnostics.Eventing.Reader.EventBookmark","Informações","Informações",,"System.Collections.ObjectModel.ReadOnlyCollection`1[System.String]","System.Collections.Generic.List`1[System.Diagnostics.Eventing.Reader.EventProperty]"
"Virtual RSS configuration update succeeded on NIC 790E58B4-7939-4434-9358-89AE7DDBE87F (Friendly Name: WSL (Hyper-V firewall)) of switch 790E58B4-7939-4434-9358-89AE7DDBE87E (Friendly Name: WSL (Hyper-V firewall)).","143","0",,"5","0","0","4611686018427388064","693","Microsoft-Windows-Hyper-V-VmSwitch","67dc0d66-3695-47c0-9642-33f76f7bd7ad","Microsoft-Windows-Hyper-V-VmSwitch-Operational","4","280","<HOST>","S-1-5-18","27/04/2026 17:54:09",,,"Microsoft-Windows-Hyper-V-VmSwitch-Operational","System.UInt32[]","System.Diagnostics.Eventing.Reader.EventBookmark","Modo Detalhado","Informações",,"System.Collections.ObjectModel.ReadOnlyCollection`1[System.String]","System.Collections.Generic.List`1[System.Diagnostics.Eventing.Reader.EventProperty]"
"Status change (Alteração de Isolamento) sent to Nic 790E58B4-7939-4434-9358-89AE7DDBE87F (Friendly Name: WSL (Hyper-V firewall)) on port 790E58B4-7939-4434-9358-89AE7DDBE87F (Friendly Name: Host Vnic 790E58B4-7939-4434-9358-89AE7DDBE87E) on switch 790E58B4-7939-4434-9358-89AE7DDBE87E (Friendly Name: WSL (Hyper-V firewall)). NicStatus: Alteração de Isolamento, Status: STATUS_SUCCESS","220","0",,"4","0","0","4611686018427388032","692","Microsoft-Windows-Hyper-V-VmSwitch","67dc0d66-3695-47c0-9642-33f76f7bd7ad","Microsoft-Windows-Hyper-V-VmSwitch-Operational","4","108","<HOST>",,"27/04/2026 17:54:09",,,"Microsoft-Windows-Hyper-V-VmSwitch-Operational","System.UInt32[]","System.Diagnostics.Eventing.Reader.EventBookmark","Informações","Informações",,"System.Collections.ObjectModel.ReadOnlyCollection`1[System.String]","System.Collections.Generic.List`1[System.Diagnostics.Eventing.Reader.EventProperty]"
"Status change (Mudança de descarregamento) sent to Nic 790E58B4-7939-4434-9358-89AE7DDBE87F (Friendly Name: WSL (Hyper-V firewall)) on port 790E58B4-7939-4434-9358-89AE7DDBE87F (Friendly Name: Host Vnic 790E58B4-7939-4434-9358-89AE7DDBE87E) on switch 790E58B4-7939-4434-9358-89AE7DDBE87E (Friendly Name: WSL (Hyper-V firewall)). NicStatus: Mudança de descarregamento, Status: STATUS_SUCCESS","220","0",,"4","0","0","4611686018427388032","691","Microsoft-Windows-Hyper-V-VmSwitch","67dc0d66-3695-47c0-9642-33f76f7bd7ad","Microsoft-Windows-Hyper-V-VmSwitch-Operational","4","108","<HOST>",,"27/04/2026 17:54:09",,,"Microsoft-Windows-Hyper-V-VmSwitch-Operational","System.UInt32[]","System.Diagnostics.Eventing.Reader.EventBookmark","Informações","Informações",,"System.Collections.ObjectModel.ReadOnlyCollection`1[System.String]","System.Collections.Generic.List`1[System.Diagnostics.Eventing.Reader.EventProperty]"
"NIC 790E58B4-7939-4434-9358-89AE7DDBE87F (Friendly Name: WSL (Hyper-V firewall)) restarted.","124","0",,"4","0","0","4611686018427388033","690","Microsoft-Windows-Hyper-V-VmSwitch","67dc0d66-3695-47c0-9642-33f76f7bd7ad","Microsoft-Windows-Hyper-V-VmSwitch-Operational","4","108","<HOST>","S-1-5-18","27/04/2026 17:54:09",,,"Microsoft-Windows-Hyper-V-VmSwitch-Operational","System.UInt32[]","System.Diagnostics.Eventing.Reader.EventBookmark","Informações","Informações",,"System.Collections.ObjectModel.ReadOnlyCollection`1[System.String]","System.Collections.Generic.List`1[System.Diagnostics.Eventing.Reader.EventProperty]"
"Status change (Mudança de descarregamento) sent to Nic C08CB7B8-9B3C-408E-8E30-5E16A3AEB445 (Friendly Name: Default Switch) on port C08CB7B8-9B3C-408E-8E30-5E16A3AEB445 (Friendly Name: Host Vnic C08CB7B8-9B3C-408E-8E30-5E16A3AEB444) on switch C08CB7B8-9B3C-408E-8E30-5E16A3AEB444 (Friendly Name: Default Switch). NicStatus: Mudança de descarregamento, Status: STATUS_SUCCESS","220","0",,"4","0","0","4611686018427388032","689","Microsoft-Windows-Hyper-V-VmSwitch","67dc0d66-3695-47c0-9642-33f76f7bd7ad","Microsoft-Windows-Hyper-V-VmSwitch-Operational","4","376","<HOST>","S-1-5-18","27/04/2026 17:54:09",,,"Microsoft-Windows-Hyper-V-VmSwitch-Operational","System.UInt32[]","System.Diagnostics.Eventing.Reader.EventBookmark","Informações","Informações",,"System.Collections.ObjectModel.ReadOnlyCollection`1[System.String]","System.Collections.Generic.List`1[System.Diagnostics.Eventing.Reader.EventProperty]"
"Status change (Mudança de descarregamento) sent to Nic 790E58B4-7939-4434-9358-89AE7DDBE87F (Friendly Name: WSL (Hyper-V firewall)) on port 790E58B4-7939-4434-9358-89AE7DDBE87F (Friendly Name: Host Vnic 790E58B4-7939-4434-9358-89AE7DDBE87E) on switch 790E58B4-7939-4434-9358-89AE7DDBE87E (Friendly Name: WSL (Hyper-V firewall)). NicStatus: Mudança de descarregamento, Status: STATUS_SUCCESS","220","0",,"4","0","0","4611686018427388032","688","Microsoft-Windows-Hyper-V-VmSwitch","67dc0d66-3695-47c0-9642-33f76f7bd7ad","Microsoft-Windows-Hyper-V-VmSwitch-Operational","4","280","<HOST>","S-1-5-18","27/04/2026 17:54:09",,,"Microsoft-Windows-Hyper-V-VmSwitch-Operational","System.UInt32[]","System.Diagnostics.Eventing.Reader.EventBookmark","Informações","Informações",,"System.Collections.ObjectModel.ReadOnlyCollection`1[System.String]","System.Collections.Generic.List`1[System.Diagnostics.Eventing.Reader.EventProperty]"
"VmSwitch Driver state

State: Installed and Started.,
Function: DriverEntry,
delta (100 ns): 63669,
Status: 0x0(NT=STATUS_SUCCESS)","0","0",,"4","0","0","0","687","Microsoft-Windows-Hyper-V-VmSwitch","67dc0d66-3695-47c0-9642-33f76f7bd7ad","Microsoft-Windows-Hyper-V-VmSwitch-Operational","4","440","<HOST>","S-1-5-18","27/04/2026 17:54:09",,,"Microsoft-Windows-Hyper-V-VmSwitch-Operational","System.UInt32[]","System.Diagnostics.Eventing.Reader.EventBookmark","4","0","VmSwitch Driver state","System.Collections.ObjectModel.ReadOnlyCollection`1[System.String]","System.Collections.Generic.List`1[System.Diagnostics.Eventing.Reader.EventProperty]"
"Status change (Desativação do IPSEC) sent to Nic C08CB7B8-9B3C-408E-8E30-5E16A3AEB445 (Friendly Name: Default Switch) on port C08CB7B8-9B3C-408E-8E30-5E16A3AEB445 (Friendly Name: Host Vnic C08CB7B8-9B3C-408E-8E30-5E16A3AEB444) on switch C08CB7B8-9B3C-408E-8E30-5E16A3AEB444 (Friendly Name: Default Switch). NicStatus: Desativação do IPSEC, Status: STATUS_SUCCESS","220","0",,"4","0","0","4611686018427388032","686","Microsoft-Windows-Hyper-V-VmSwitch","67dc0d66-3695-47c0-9642-33f76f7bd7ad","Microsoft-Windows-Hyper-V-VmSwitch-Operational","4","440","<HOST>","S-1-5-18","27/04/2026 17:54:09",,,"Microsoft-Windows-Hyper-V-VmSwitch-Operational","System.UInt32[]","System.Diagnostics.Eventing.Reader.EventBookmark","Informações","Informações",,"System.Collections.ObjectModel.ReadOnlyCollection`1[System.String]","System.Collections.Generic.List`1[System.Diagnostics.Eventing.Reader.EventProperty]"
"Status change (Mudança de descarregamento) sent to Nic C08CB7B8-9B3C-408E-8E30-5E16A3AEB445 (Friendly Name: Default Switch) on port C08CB7B8-9B3C-408E-8E30-5E16A3AEB445 (Friendly Name: Host Vnic C08CB7B8-9B3C-408E-8E30-5E16A3AEB444) on switch C08CB7B8-9B3C-408E-8E30-5E16A3AEB444 (Friendly Name: Default Switch). NicStatus: Mudança de descarregamento, Status: STATUS_SUCCESS","220","0",,"4","0","0","4611686018427388032","685","Microsoft-Windows-Hyper-V-VmSwitch","67dc0d66-3695-47c0-9642-33f76f7bd7ad","Microsoft-Windows-Hyper-V-VmSwitch-Operational","4","440","<HOST>","S-1-5-18","27/04/2026 17:54:09",,,"Microsoft-Windows-Hyper-V-VmSwitch-Operational","System.UInt32[]","System.Diagnostics.Eventing.Reader.EventBookmark","Informações","Informações",,"System.Collections.ObjectModel.ReadOnlyCollection`1[System.String]","System.Collections.Generic.List`1[System.Diagnostics.Eventing.Reader.EventProperty]"
"Status change (RTC Connected) sent to Nic C08CB7B8-9B3C-408E-8E30-5E16A3AEB445 (Friendly Name: Default Switch) on port C08CB7B8-9B3C-408E-8E30-5E16A3AEB445 (Friendly Name: Host Vnic C08CB7B8-9B3C-408E-8E30-5E16A3AEB444) on switch C08CB7B8-9B3C-408E-8E30-5E16A3AEB444 (Friendly Name: Default Switch). NicStatus: RTC Connected, Status: STATUS_SUCCESS","220","0",,"4","0","0","4611686018427388032","684","Microsoft-Windows-Hyper-V-VmSwitch","67dc0d66-3695-47c0-9642-33f76f7bd7ad","Microsoft-Windows-Hyper-V-VmSwitch-Operational","4","440","<HOST>","S-1-5-18","27/04/2026 17:54:09",,,"Microsoft-Windows-Hyper-V-VmSwitch-Operational","System.UInt32[]","System.Diagnostics.Eventing.Reader.EventBookmark","Informações","Informações",,"System.Collections.ObjectModel.ReadOnlyCollection`1[System.String]","System.Collections.Generic.List`1[System.Diagnostics.Eventing.Reader.EventProperty]"
"Status change (Mudança de descarregamento) sent to Nic 790E58B4-7939-4434-9358-89AE7DDBE87F (Friendly Name: WSL (Hyper-V firewall)) on port 790E58B4-7939-4434-9358-89AE7DDBE87F (Friendly Name: Host Vnic 790E58B4-7939-4434-9358-89AE7DDBE87E) on switch 790E58B4-7939-4434-9358-89AE7DDBE87E (Friendly Name: WSL (Hyper-V firewall)). NicStatus: Mudança de descarregamento, Status: STATUS_SUCCESS","220","0",,"4","0","0","4611686018427388032","683","Microsoft-Windows-Hyper-V-VmSwitch","67dc0d66-3695-47c0-9642-33f76f7bd7ad","Microsoft-Windows-Hyper-V-VmSwitch-Operational","4","108","<HOST>","S-1-5-18","27/04/2026 17:54:09",,,"Microsoft-Windows-Hyper-V-VmSwitch-Operational","System.UInt32[]","System.Diagnostics.Eventing.Reader.EventBookmark","Informações","Informações",,"System.Collections.ObjectModel.ReadOnlyCollection`1[System.String]","System.Collections.Generic.List`1[System.Diagnostics.Eventing.Reader.EventProperty]"
"Status change (Desativação do IPSEC) sent to Nic 790E58B4-7939-4434-9358-89AE7DDBE87F (Friendly Name: WSL (Hyper-V firewall)) on port 790E58B4-7939-4434-9358-89AE7DDBE87F (Friendly Name: Host Vnic 790E58B4-7939-4434-9358-89AE7DDBE87E) on switch 790E58B4-7939-4434-9358-89AE7DDBE87E (Friendly Name: WSL (Hyper-V firewall)). NicStatus: Desativação do IPSEC, Status: STATUS_SUCCESS","220","0",,"4","0","0","4611686018427388032","682","Microsoft-Windows-Hyper-V-VmSwitch","67dc0d66-3695-47c0-9642-33f76f7bd7ad","Microsoft-Windows-Hyper-V-VmSwitch-Operational","4","440","<HOST>","S-1-5-18","27/04/2026 17:54:09",,,"Microsoft-Windows-Hyper-V-VmSwitch-Operational","System.UInt32[]","System.Diagnostics.Eventing.Reader.EventBookmark","Informações","Informações",,"System.Collections.ObjectModel.ReadOnlyCollection`1[System.String]","System.Collections.Generic.List`1[System.Diagnostics.Eventing.Reader.EventProperty]"
"Status change (Mudança de descarregamento) sent to Nic 790E58B4-7939-4434-9358-89AE7DDBE87F (Friendly Name: WSL (Hyper-V firewall)) on port 790E58B4-7939-4434-9358-89AE7DDBE87F (Friendly Name: Host Vnic 790E58B4-7939-4434-9358-89AE7DDBE87E) on switch 790E58B4-7939-4434-9358-89AE7DDBE87E (Friendly Name: WSL (Hyper-V firewall)). NicStatus: Mudança de descarregamento, Status: STATUS_SUCCESS","220","0",,"4","0","0","4611686018427388032","681","Microsoft-Windows-Hyper-V-VmSwitch","67dc0d66-3695-47c0-9642-33f76f7bd7ad","Microsoft-Windows-Hyper-V-VmSwitch-Operational","4","440","<HOST>","S-1-5-18","27/04/2026 17:54:09",,,"Microsoft-Windows-Hyper-V-VmSwitch-Operational","System.UInt32[]","System.Diagnostics.Eventing.Reader.EventBookmark","Informações","Informações",,"System.Collections.ObjectModel.ReadOnlyCollection`1[System.String]","System.Collections.Generic.List`1[System.Diagnostics.Eventing.Reader.EventProperty]"
"Status change (RTC Connected) sent to Nic 790E58B4-7939-4434-9358-89AE7DDBE87F (Friendly Name: WSL (Hyper-V firewall)) on port 790E58B4-7939-4434-9358-89AE7DDBE87F (Friendly Name: Host Vnic 790E58B4-7939-4434-9358-89AE7DDBE87E) on switch 790E58B4-7939-4434-9358-89AE7DDBE87E (Friendly Name: WSL (Hyper-V firewall)). NicStatus: RTC Connected, Status: STATUS_SUCCESS","220","0",,"4","0","0","4611686018427388032","680","Microsoft-Windows-Hyper-V-VmSwitch","67dc0d66-3695-47c0-9642-33f76f7bd7ad","Microsoft-Windows-Hyper-V-VmSwitch-Operational","4","440","<HOST>","S-1-5-18","27/04/2026 17:54:09",,,"Microsoft-Windows-Hyper-V-VmSwitch-Operational","System.UInt32[]","System.Diagnostics.Eventing.Reader.EventBookmark","Informações","Informações",,"System.Collections.ObjectModel.ReadOnlyCollection`1[System.String]","System.Collections.Generic.List`1[System.Diagnostics.Eventing.Reader.EventProperty]"
"VmSwitch Driver state

